<?xml version="1.0" encoding="UTF-8"?><TestSessionContainer xmlns="http://www.codecover.org/xml/testsession-container" Date="1587391141498" TestSessionContainerId="690f9553-dc29-4900-a0e3-d52b2d249aee" version="1.0">
<SrcFileList>
<SrcFile Content="import static org.junit.Assert.assertEquals;&#10;import org.junit.Test;&#10;&#10;public class BBSecurityTest {&#10;  /*&#10;  * * Start a) equivalence partitioning&#10;  */&#10;  @Test&#10;  public void test1a1(){&#10;    String[] args = {&quot;2&quot;,&quot;0&quot;,&quot;100&quot;,&quot;60&quot;,&quot;100&quot;,&quot;20&quot;,&quot;100&quot;,&quot;50&quot;,&quot;100&quot;};&#10;    BBSecurity bbs = new BBSecurity(args);&#10;    assertEquals(&quot;49.44 - da\n50.00 - da&quot;, bbs.getResultOutput());&#10;  }&#10;  @Test&#10;  public void test1a2(){&#10;    String[] args = {};&#10;    BBSecurity bbs = new BBSecurity(args);&#10;    assertEquals(&quot;Invalid input&quot;, bbs.getResultOutput());&#10;  }&#10;  @Test&#10;  public void test1a3(){&#10;    String[] args = {&quot;0.5&quot;};&#10;    BBSecurity bbs = new BBSecurity(args);&#10;    assertEquals(&quot;Invalid input&quot;, bbs.getResultOutput());&#10;  }&#10;  @Test&#10;  public void test1a4(){&#10;    String[] args = {&quot;100001.7&quot;};&#10;    BBSecurity bbs = new BBSecurity(args);&#10;    assertEquals(&quot;Invalid input&quot;, bbs.getResultOutput());&#10;  }&#10;  @Test&#10;  public void test1a5(){&#10;    String[] args = {&quot;17&quot;,&quot;1000001.9&quot;};&#10;    BBSecurity bbs = new BBSecurity(args);&#10;    assertEquals(&quot;Invalid input&quot;, bbs.getResultOutput());&#10;  }&#10;  @Test&#10;  public void test1a6(){&#10;    String[] args = {&quot;3&quot;,&quot;13&quot;,&quot;1111333.8&quot;};&#10;    BBSecurity bbs = new BBSecurity(args);&#10;    assertEquals(&quot;Invalid input&quot;, bbs.getResultOutput());&#10;  }&#10;  @Test&#10;  public void test1a7(){&#10;    String[] args = {&quot;1&quot;,&quot;0&quot;,&quot;893&quot;,&quot;2123456.1&quot;};&#10;    BBSecurity bbs = new BBSecurity(args);&#10;    assertEquals(&quot;Invalid input&quot;, bbs.getResultOutput());&#10;  }&#10;  @Test&#10;  public void test1a8(){&#10;    String[] args = {&quot;2&quot;,&quot;30&quot;,&quot;1234&quot;,&quot;40&quot;,&quot;3321123.5&quot;};&#10;    BBSecurity bbs = new BBSecurity(args);&#10;    assertEquals(&quot;Invalid input&quot;, bbs.getResultOutput());&#10;  }&#10;  @Test&#10;  public void test1a9(){&#10;    String[] args = {&quot;2&quot;,&quot;30&quot;,&quot;1234&quot;,&quot;40&quot;,&quot;43&quot;,&quot;4000987.9&quot;};&#10;    BBSecurity bbs = new BBSecurity(args);&#10;    assertEquals(&quot;Invalid input&quot;, bbs.getResultOutput());&#10;  }&#10;  @Test&#10;  public void test1a10(){&#10;    String[] args = {&quot;2&quot;,&quot;30&quot;,&quot;1234&quot;,&quot;40&quot;,&quot;43&quot;,&quot;40&quot;};&#10;    BBSecurity bbs = new BBSecurity(args);&#10;    assertEquals(&quot;Invalid input&quot;, bbs.getResultOutput());&#10;  }&#10;  /*&#10;  * * Stop a) equivalence partitioning&#10;  */&#10;  /*&#10;  * * Start b) boundary value analysis&#10;  */&#10;  @Test&#10;  public void test1b1(){&#10;    String[] args = {&quot;3&quot;,&quot;0&quot;,&quot;1000000&quot;,&quot;60&quot;,&quot;90&quot;,&quot;36&quot;,&quot;73&quot;,&quot;133&quot;,&quot;13&quot;,&quot;11&quot;,&quot;100&quot;,&quot;11&quot;};&#10;    BBSecurity bbs = new BBSecurity(args);&#10;    assertEquals(&quot;77.19 - da\n36.80 - da\n100.00 - da&quot;, bbs.getResultOutput());&#10;  }&#10;  @Test&#10;  public void test1b2(){&#10;    String[] args = {&quot;0&quot;};&#10;    BBSecurity bbs = new BBSecurity(args);&#10;    assertEquals(&quot;Invalid input&quot;, bbs.getResultOutput());&#10;  }&#10;  @Test&#10;  public void test1b3(){&#10;    String[] args = {&quot;100001&quot;};&#10;    BBSecurity bbs = new BBSecurity(args);&#10;    assertEquals(&quot;Invalid input&quot;, bbs.getResultOutput());&#10;  }&#10;  @Test&#10;  public void test1b4(){&#10;    String[] args = {&quot;1&quot;,&quot;-1&quot;};&#10;    BBSecurity bbs = new BBSecurity(args);&#10;    assertEquals(&quot;Invalid input&quot;, bbs.getResultOutput());&#10;  }&#10;  @Test&#10;  public void test1b5(){&#10;    String[] args = {&quot;1&quot;,&quot;1000001&quot;};&#10;    BBSecurity bbs = new BBSecurity(args);&#10;    assertEquals(&quot;Invalid input&quot;, bbs.getResultOutput());&#10;  }&#10;  @Test&#10;  public void test1b6(){&#10;    String[] args = {&quot;1&quot;,&quot;1&quot;,&quot;-1&quot;};&#10;    BBSecurity bbs = new BBSecurity(args);&#10;    assertEquals(&quot;Invalid input&quot;, bbs.getResultOutput());&#10;  }&#10;  @Test&#10;  public void test1b7(){&#10;    String[] args = {&quot;1&quot;,&quot;1&quot;,&quot;1000001&quot;};&#10;    BBSecurity bbs = new BBSecurity(args);&#10;    assertEquals(&quot;Invalid input&quot;, bbs.getResultOutput());&#10;  }&#10;  @Test&#10;  public void test1b8(){&#10;    String[] args = {&quot;1&quot;,&quot;1&quot;,&quot;10000&quot;,&quot;-1&quot;};&#10;    BBSecurity bbs = new BBSecurity(args);&#10;    assertEquals(&quot;Invalid input&quot;, bbs.getResultOutput());&#10;  }&#10;  @Test&#10;  public void test1b9(){&#10;    String[] args = {&quot;1&quot;,&quot;1&quot;,&quot;10000&quot;,&quot;1234567&quot;};&#10;    BBSecurity bbs = new BBSecurity(args);&#10;    assertEquals(&quot;Invalid input&quot;, bbs.getResultOutput());&#10;  }&#10;  @Test&#10;  public void test1b10(){&#10;    String[] args = {&quot;1&quot;,&quot;1&quot;,&quot;10000&quot;,&quot;12&quot;,&quot;-1&quot;};&#10;    BBSecurity bbs = new BBSecurity(args);&#10;    assertEquals(&quot;Invalid input&quot;, bbs.getResultOutput());&#10;  }&#10;  @Test&#10;  public void test1b11(){&#10;    String[] args = {&quot;1&quot;,&quot;1&quot;,&quot;10000&quot;,&quot;12&quot;,&quot;9879345&quot;};&#10;    BBSecurity bbs = new BBSecurity(args);&#10;    assertEquals(&quot;Invalid input&quot;, bbs.getResultOutput());&#10;  }&#10;  @Test&#10;  public void test1b12(){&#10;    String[] args = {&quot;1&quot;,&quot;1&quot;,&quot;10000&quot;,&quot;45&quot;,&quot;600&quot;,&quot;-19&quot;};&#10;    BBSecurity bbs = new BBSecurity(args);&#10;    assertEquals(&quot;Invalid input&quot;, bbs.getResultOutput());&#10;  }&#10;  @Test&#10;  public void test1b13(){&#10;    String[] args = {&quot;1&quot;,&quot;1&quot;,&quot;10000&quot;,&quot;45&quot;,&quot;600&quot;,&quot;1234987&quot;};&#10;    BBSecurity bbs = new BBSecurity(args);&#10;    assertEquals(&quot;Invalid input&quot;, bbs.getResultOutput());&#10;  }&#10;  /*&#10;  * * Stop b) boundary value analysis&#10;  */&#10;  /*&#10;  * * Start b) cause-effect graphing&#10;  */&#10;  @Test&#10;  public void test1c1(){&#10;    String[] args = {&quot;1&quot;,&quot;0&quot;,&quot;1000000&quot;,&quot;60&quot;,&quot;90&quot;,&quot;36&quot;};&#10;    BBSecurity bbs = new BBSecurity(args);&#10;    assertEquals(&quot;77.19 - da&quot;, bbs.getResultOutput());&#10;  }&#10;  @Test&#10;  public void test1c2(){&#10;    String[] args = {&quot;1&quot;,&quot;0&quot;,&quot;1000000&quot;,&quot;43&quot;,&quot;86&quot;,&quot;33&quot;};&#10;    BBSecurity bbs = new BBSecurity(args);&#10;    assertEquals(&quot;95.23 - da&quot;, bbs.getResultOutput());&#10;  }&#10;  @Test&#10;  public void test1c3(){&#10;    String[] args = {&quot;1&quot;,&quot;0&quot;,&quot;100000&quot;,&quot;123&quot;,&quot;756&quot;,&quot;123&quot;};&#10;    BBSecurity bbs = new BBSecurity(args);&#10;    assertEquals(&quot;756.00 - da&quot;, bbs.getResultOutput());&#10;  }&#10;  @Test&#10;  public void test1c4(){&#10;    String[] args = {&quot;1&quot;,&quot;0&quot;,&quot;10&quot;,&quot;60&quot;,&quot;90&quot;,&quot;36&quot;};&#10;    BBSecurity bbs = new BBSecurity(args);&#10;    assertEquals(&quot;77.19 - nu&quot;, bbs.getResultOutput());&#10;  }&#10;  @Test&#10;  public void test1c5(){&#10;    String[] args = {&quot;1&quot;,&quot;0&quot;,&quot;10&quot;,&quot;43&quot;,&quot;86&quot;,&quot;33&quot;};&#10;    BBSecurity bbs = new BBSecurity(args);&#10;    assertEquals(&quot;95.23 - nu&quot;, bbs.getResultOutput());&#10;  }&#10;  @Test&#10;  public void test1c6(){&#10;    String[] args = {&quot;1&quot;,&quot;0&quot;,&quot;10&quot;,&quot;123&quot;,&quot;756&quot;,&quot;123&quot;};&#10;    BBSecurity bbs = new BBSecurity(args);&#10;    assertEquals(&quot;756.00 - nu&quot;, bbs.getResultOutput());&#10;  }&#10;  /*&#10;  * * Stop b) cause-effect graphing&#10;  */&#10;}&#10;" Filename="BBSecurityTest.java" Intrnl_Id="1"/>
<SrcFile Content="import static org.junit.Assert.assertEquals;&#10;import org.junit.Test;&#10;&#10;public class BBSecurityCauseEffectTest {&#10;  /*&#10;  * * Start c) cause-effect graphing&#10;  */&#10;  @Test&#10;  public void test1c1(){&#10;    String[] args = {&quot;1&quot;,&quot;0&quot;,&quot;1000000&quot;,&quot;60&quot;,&quot;90&quot;,&quot;36&quot;};&#10;    BBSecurity bbs = new BBSecurity(args);&#10;    assertEquals(&quot;77.19 - da&quot;, bbs.getResultOutput());&#10;  }&#10;  @Test&#10;  public void test1c2(){&#10;    String[] args = {&quot;1&quot;,&quot;0&quot;,&quot;1000000&quot;,&quot;43&quot;,&quot;86&quot;,&quot;33&quot;};&#10;    BBSecurity bbs = new BBSecurity(args);&#10;    assertEquals(&quot;95.23 - da&quot;, bbs.getResultOutput());&#10;  }&#10;  @Test&#10;  public void test1c3(){&#10;    String[] args = {&quot;1&quot;,&quot;0&quot;,&quot;100000&quot;,&quot;123&quot;,&quot;756&quot;,&quot;123&quot;};&#10;    BBSecurity bbs = new BBSecurity(args);&#10;    assertEquals(&quot;756.00 - da&quot;, bbs.getResultOutput());&#10;  }&#10;  @Test&#10;  public void test1c4(){&#10;    String[] args = {&quot;1&quot;,&quot;0&quot;,&quot;10&quot;,&quot;60&quot;,&quot;90&quot;,&quot;36&quot;};&#10;    BBSecurity bbs = new BBSecurity(args);&#10;    assertEquals(&quot;77.19 - nu&quot;, bbs.getResultOutput());&#10;  }&#10;  @Test&#10;  public void test1c5(){&#10;    String[] args = {&quot;1&quot;,&quot;0&quot;,&quot;10&quot;,&quot;43&quot;,&quot;86&quot;,&quot;33&quot;};&#10;    BBSecurity bbs = new BBSecurity(args);&#10;    assertEquals(&quot;95.23 - nu&quot;, bbs.getResultOutput());&#10;  }&#10;  @Test&#10;  public void test1c6(){&#10;    String[] args = {&quot;1&quot;,&quot;0&quot;,&quot;10&quot;,&quot;123&quot;,&quot;756&quot;,&quot;123&quot;};&#10;    BBSecurity bbs = new BBSecurity(args);&#10;    assertEquals(&quot;756.00 - nu&quot;, bbs.getResultOutput());&#10;  }&#10;  /*&#10;  * * Stop c) cause-effect graphing&#10;  */&#10;}&#10;" Filename="BBSecurityCauseEffectTest.java" Intrnl_Id="2"/>
<SrcFile Content="import static org.junit.Assert.assertEquals;&#10;import org.junit.Test;&#10;&#10;public class BBSecurityEquivalenceTest {&#10;  /*&#10;  * * Start a) equivalence partitioning&#10;  */&#10;  @Test&#10;  public void test1a1(){&#10;    String[] args = {&quot;2&quot;,&quot;0&quot;,&quot;100&quot;,&quot;60&quot;,&quot;100&quot;,&quot;20&quot;,&quot;100&quot;,&quot;50&quot;,&quot;100&quot;};&#10;    BBSecurity bbs = new BBSecurity(args);&#10;    assertEquals(&quot;49.44 - da\n50.00 - da&quot;, bbs.getResultOutput());&#10;  }&#10;  @Test&#10;  public void test1a2(){&#10;    String[] args = {};&#10;    BBSecurity bbs = new BBSecurity(args);&#10;    assertEquals(&quot;Invalid input&quot;, bbs.getResultOutput());&#10;  }&#10;  @Test&#10;  public void test1a3(){&#10;    String[] args = {&quot;0.5&quot;};&#10;    BBSecurity bbs = new BBSecurity(args);&#10;    assertEquals(&quot;Invalid input&quot;, bbs.getResultOutput());&#10;  }&#10;  @Test&#10;  public void test1a4(){&#10;    String[] args = {&quot;100001.7&quot;};&#10;    BBSecurity bbs = new BBSecurity(args);&#10;    assertEquals(&quot;Invalid input&quot;, bbs.getResultOutput());&#10;  }&#10;  @Test&#10;  public void test1a5(){&#10;    String[] args = {&quot;17&quot;,&quot;1000001.9&quot;};&#10;    BBSecurity bbs = new BBSecurity(args);&#10;    assertEquals(&quot;Invalid input&quot;, bbs.getResultOutput());&#10;  }&#10;  @Test&#10;  public void test1a6(){&#10;    String[] args = {&quot;3&quot;,&quot;13&quot;,&quot;1111333.8&quot;};&#10;    BBSecurity bbs = new BBSecurity(args);&#10;    assertEquals(&quot;Invalid input&quot;, bbs.getResultOutput());&#10;  }&#10;  @Test&#10;  public void test1a7(){&#10;    String[] args = {&quot;1&quot;,&quot;0&quot;,&quot;893&quot;,&quot;2123456.1&quot;};&#10;    BBSecurity bbs = new BBSecurity(args);&#10;    assertEquals(&quot;Invalid input&quot;, bbs.getResultOutput());&#10;  }&#10;  @Test&#10;  public void test1a8(){&#10;    String[] args = {&quot;2&quot;,&quot;30&quot;,&quot;1234&quot;,&quot;40&quot;,&quot;3321123.5&quot;};&#10;    BBSecurity bbs = new BBSecurity(args);&#10;    assertEquals(&quot;Invalid input&quot;, bbs.getResultOutput());&#10;  }&#10;  @Test&#10;  public void test1a9(){&#10;    String[] args = {&quot;2&quot;,&quot;30&quot;,&quot;1234&quot;,&quot;40&quot;,&quot;43&quot;,&quot;4000987.9&quot;};&#10;    BBSecurity bbs = new BBSecurity(args);&#10;    assertEquals(&quot;Invalid input&quot;, bbs.getResultOutput());&#10;  }&#10;  @Test&#10;  public void test1a10(){&#10;    String[] args = {&quot;2&quot;,&quot;30&quot;,&quot;1234&quot;,&quot;40&quot;,&quot;43&quot;,&quot;40&quot;};&#10;    BBSecurity bbs = new BBSecurity(args);&#10;    assertEquals(&quot;Invalid input&quot;, bbs.getResultOutput());&#10;  }&#10;  /*&#10;  * * Stop a) equivalence partitioning&#10;  */&#10;}&#10;" Filename="BBSecurityEquivalenceTest.java" Intrnl_Id="3"/>
<SrcFile Content="import static org.junit.Assert.assertEquals;&#10;import org.junit.Test;&#10;&#10;public class BBSecurityBoundaryTest {&#10;  /*&#10;  * * Start b) boundary value analysis&#10;  */&#10;  @Test&#10;  public void test1b1(){&#10;    String[] args = {&quot;3&quot;,&quot;0&quot;,&quot;1000000&quot;,&quot;60&quot;,&quot;90&quot;,&quot;36&quot;,&quot;73&quot;,&quot;133&quot;,&quot;13&quot;,&quot;11&quot;,&quot;100&quot;,&quot;11&quot;};&#10;    BBSecurity bbs = new BBSecurity(args);&#10;    assertEquals(&quot;77.19 - da\n36.80 - da\n100.00 - da&quot;, bbs.getResultOutput());&#10;  }&#10;  @Test&#10;  public void test1b2(){&#10;    String[] args = {&quot;0&quot;};&#10;    BBSecurity bbs = new BBSecurity(args);&#10;    assertEquals(&quot;Invalid input&quot;, bbs.getResultOutput());&#10;  }&#10;  @Test&#10;  public void test1b3(){&#10;    String[] args = {&quot;100001&quot;};&#10;    BBSecurity bbs = new BBSecurity(args);&#10;    assertEquals(&quot;Invalid input&quot;, bbs.getResultOutput());&#10;  }&#10;  @Test&#10;  public void test1b4(){&#10;    String[] args = {&quot;1&quot;,&quot;-1&quot;};&#10;    BBSecurity bbs = new BBSecurity(args);&#10;    assertEquals(&quot;Invalid input&quot;, bbs.getResultOutput());&#10;  }&#10;  @Test&#10;  public void test1b5(){&#10;    String[] args = {&quot;1&quot;,&quot;1000001&quot;};&#10;    BBSecurity bbs = new BBSecurity(args);&#10;    assertEquals(&quot;Invalid input&quot;, bbs.getResultOutput());&#10;  }&#10;  @Test&#10;  public void test1b6(){&#10;    String[] args = {&quot;1&quot;,&quot;1&quot;,&quot;-1&quot;};&#10;    BBSecurity bbs = new BBSecurity(args);&#10;    assertEquals(&quot;Invalid input&quot;, bbs.getResultOutput());&#10;  }&#10;  @Test&#10;  public void test1b7(){&#10;    String[] args = {&quot;1&quot;,&quot;1&quot;,&quot;1000001&quot;};&#10;    BBSecurity bbs = new BBSecurity(args);&#10;    assertEquals(&quot;Invalid input&quot;, bbs.getResultOutput());&#10;  }&#10;  @Test&#10;  public void test1b8(){&#10;    String[] args = {&quot;1&quot;,&quot;1&quot;,&quot;10000&quot;,&quot;-1&quot;};&#10;    BBSecurity bbs = new BBSecurity(args);&#10;    assertEquals(&quot;Invalid input&quot;, bbs.getResultOutput());&#10;  }&#10;  @Test&#10;  public void test1b9(){&#10;    String[] args = {&quot;1&quot;,&quot;1&quot;,&quot;10000&quot;,&quot;1234567&quot;};&#10;    BBSecurity bbs = new BBSecurity(args);&#10;    assertEquals(&quot;Invalid input&quot;, bbs.getResultOutput());&#10;  }&#10;  @Test&#10;  public void test1b10(){&#10;    String[] args = {&quot;1&quot;,&quot;1&quot;,&quot;10000&quot;,&quot;12&quot;,&quot;-1&quot;};&#10;    BBSecurity bbs = new BBSecurity(args);&#10;    assertEquals(&quot;Invalid input&quot;, bbs.getResultOutput());&#10;  }&#10;  @Test&#10;  public void test1b11(){&#10;    String[] args = {&quot;1&quot;,&quot;1&quot;,&quot;10000&quot;,&quot;12&quot;,&quot;9879345&quot;};&#10;    BBSecurity bbs = new BBSecurity(args);&#10;    assertEquals(&quot;Invalid input&quot;, bbs.getResultOutput());&#10;  }&#10;  @Test&#10;  public void test1b12(){&#10;    String[] args = {&quot;1&quot;,&quot;1&quot;,&quot;10000&quot;,&quot;45&quot;,&quot;600&quot;,&quot;-19&quot;};&#10;    BBSecurity bbs = new BBSecurity(args);&#10;    assertEquals(&quot;Invalid input&quot;, bbs.getResultOutput());&#10;  }&#10;  @Test&#10;  public void test1b13(){&#10;    String[] args = {&quot;1&quot;,&quot;1&quot;,&quot;10000&quot;,&quot;45&quot;,&quot;600&quot;,&quot;1234987&quot;};&#10;    BBSecurity bbs = new BBSecurity(args);&#10;    assertEquals(&quot;Invalid input&quot;, bbs.getResultOutput());&#10;  }&#10;  /*&#10;  * * Stop b) boundary value analysis&#10;  */&#10;}&#10;" Filename="BBSecurityBoundaryTest.java" Intrnl_Id="4"/>
<SrcFile Content="/*&#10;* * Problem: https://www.pbinfo.ro/probleme/2751/bbsecurity&#10;*&#10;* * !Atentie: Cerinta originala s-a modificat!&#10;*&#10;*&#10;*&#10;* * Enunt:&#10;* Domnul X lucrează la BB Security ca paznic.&#10;* Deoarece în România sunt foarte puțini hoți, acesta s-a gândit într-o zi să calculeze distanța dintre fiecare doi stâlpi de îngrădire din instituția pe care o păzește. Fiecare doi stâlpi de îngrădire sunt legați printr-un cablu rezistent, care, de obicei nu stă întins la maximum.&#10;* Din cauză ca în instituție se găsesc mulți stâlpi, domnul X vă provoacă pe voi să calculați ce și-a propus el.&#10;*&#10;*&#10;* * Cerinta:&#10;* Se dă un număr n, un interval (a,b) și n triplete de forma l, c, h, reprezentând lungimea egala a doi stâlpi, lungimea cablului dintre acestea și înălțimea la care atârnă cablul față de podea.&#10;* Se cere să se afle distanța dintre fiecare doi stâlpi care se afla in intervalul (a,b).&#10;* Fiecare rezultat va fi afișat pe cate un rând nou.&#10;*&#10;*&#10;* * Date de intrare:&#10;* Programul citește de la tastatură un număr n, doua numere a si b, și apoi n triplete de forma l, c, h, cu semnificația de mai sus.&#10;*&#10;*&#10;* * Date de iesire:&#10;* Programul va afișa pe linia n a ecranului un număr de forma x care reprezintă lungimea dintre cei doi stâlpi, corespunzătoare datelor de pe linia n+1 din consola de citire, cu exact două zecimale, indiferent de caz, rotunjind a doua zecimală în comparație cu cea de-a treia, sau, dacă a doua zecimală este 5, zecimala a doua va crește cu o unitate doar dacă există încă una sau mai multe zecimale după cea de-a treia și măcar una din ele este &gt; 0 (vezi Restricții). Alaturi de numarul x se va afisa si un mesaj daca acest numar se afla sau nu in intervalul (a,b).&#10;*&#10;*&#10;* * Restricții și precizări:&#10;* 1 ≤ n ≤ 100.000;&#10;* a, b si cele n numere citite vor fi mai mici decât 1.000.000;&#10;* n, l, c, h, a, b sunt numere naturale;&#10;* este garantat că pentru orice triplet citit există un număr 0 ≤ x ≤ c;&#10;* cea de-a doua zecimala se rotunjește de obicei după cea de-a treia (ex. 49.4376 se va afișa ca 49.44);&#10;* ∀ a| a ∈ ℕ, acesta se va afișa ca a.00 (ex. 50 se va afișa ca 50.00);&#10;* Atenție! 23.455 = 23.45 , 23.45501 = 23.46.&#10;*&#10;*&#10;*&#10;*&#10;*&#10;*&#10;* Testing commands:&#10;* javac BBSecurity.java BBSecurityTest.java &amp;&amp; junit BBSecurityTest&#10;*/&#10;&#10;import java.lang.Math.*;&#10;import java.util.*;&#10;&#10;class BBSecurity&#10;{&#10;  private int n;&#10;  private double a;&#10;  private double b;&#10;  List&lt;Double&gt; l;&#10;  List&lt;Double&gt; c;&#10;  List&lt;Double&gt; h;&#10;  List&lt;Double&gt; result;&#10;  List&lt;String&gt; resultInInterval;&#10;  private String resultOutput;&#10;  public BBSecurity (String args[]){&#10;    resultOutput = &quot;&quot;;&#10;    if(args.length &lt; 3){&#10;      resultOutput = &quot;Invalid input&quot;;&#10;    } else {&#10;      boolean validA = true;&#10;      boolean validB = true;&#10;      boolean validN = true;&#10;      try {&#10;        n = Integer.parseInt(args[0]);&#10;      } catch(Exception e){&#10;        validN = false;&#10;      }&#10;      try {&#10;        a = Integer.parseInt(args[1]);&#10;        a = Double.parseDouble(args[1]);&#10;      } catch(Exception e){&#10;        validA = false;&#10;      }&#10;      try {&#10;        b = Integer.parseInt(args[2]);&#10;        b = Double.parseDouble(args[2]);&#10;      } catch(Exception e){&#10;        validB = false;&#10;      }&#10;      if(validN &amp;&amp; (n&lt;1 || n &gt; 100000)){&#10;        validN = false;&#10;      }&#10;      if(validA &amp;&amp; (a&lt;0 || a &gt; 1000000)){&#10;        validA = false;&#10;      }&#10;      if(validB &amp;&amp; (b&lt;0 || b &gt; 1000000)){&#10;        validB = false;&#10;      }&#10;      if(args.length &lt; 3 * n + 3 || !validA || !validB || !validN){&#10;        resultOutput = &quot;Invalid input&quot;;&#10;      } else {&#10;        l = new ArrayList&lt;Double&gt;();&#10;        c = new ArrayList&lt;Double&gt;();&#10;        h = new ArrayList&lt;Double&gt;();&#10;        result = new ArrayList&lt;Double&gt;();&#10;        resultInInterval = new ArrayList&lt;String&gt;();&#10;        double res;&#10;        double lArgs = -1;&#10;        double cArgs = -1;&#10;        double hArgs = -1;&#10;        boolean validL = true;&#10;        boolean validC = true;&#10;        boolean validH = true;&#10;        for(int i = 0 ; i &lt; 3 * n ; i = i + 3){&#10;          validL = true;&#10;          validC = true;&#10;          validH = true;&#10;          try {&#10;            lArgs = Integer.parseInt(args[i + 3]);&#10;            lArgs = Double.parseDouble(args[i + 3]);&#10;          } catch(Exception e){&#10;            validL = false;&#10;          }&#10;          try {&#10;            cArgs = Integer.parseInt(args[i + 4]);&#10;            cArgs = Double.parseDouble(args[i + 4]);&#10;          } catch(Exception e){&#10;            validC = false;&#10;          }&#10;          try {&#10;            hArgs = Integer.parseInt(args[i + 5]);&#10;            hArgs = Double.parseDouble(args[i + 5]);&#10;          } catch(Exception e){&#10;            validH = false;&#10;          }&#10;          if(validL &amp;&amp; (lArgs &lt; 0 || lArgs &gt; 1000000)){&#10;            validL = false;&#10;          }&#10;          if(validC &amp;&amp; (cArgs &lt; 0 || cArgs &gt; 1000000)){&#10;            validC = false;&#10;          }&#10;          if(validH &amp;&amp; (hArgs &lt; 0 || hArgs &gt; 1000000)){&#10;            validH = false;&#10;          }&#10;          if(!validL || !validC || !validH){&#10;            break;&#10;          }&#10;          res = inputResult(Double.parseDouble(args[i + 3]),Double.parseDouble(args[i + 4]),Double.parseDouble(args[i + 5]));&#10;          l.add(Double.parseDouble(args[i + 3]));&#10;          c.add(Double.parseDouble(args[i + 4]));&#10;          h.add(Double.parseDouble(args[i + 5]));&#10;          result.add(res);&#10;          if(a &lt;= res &amp;&amp; res &lt;= b){&#10;            resultInInterval.add(&quot;da&quot;);&#10;          } else {&#10;            resultInInterval.add(&quot;nu&quot;);&#10;          }&#10;        }&#10;        if(validL &amp;&amp; validC &amp;&amp; validH){&#10;          generateResults();&#10;        } else {&#10;          resultOutput = &quot;Invalid input&quot;;&#10;        }&#10;      }&#10;    }&#10;  }&#10;  private double asinh(double x)&#10;  {&#10;    return Math.log(x + Math.sqrt(x*x + 1.0));&#10;  }&#10;  private double inputResult(double l,double c,double h){&#10;    if( h == l) {&#10;      return c;&#10;    }&#10;    double a = (-(l-h+c/2)*(l-h-c/2))/(2*(l-h));&#10;    double res = 2 * a * asinh( 50 / a);&#10;    String resString = Double.toString(res);&#10;    String[] parts = resString.split(&quot;\\.&quot;);&#10;    String part1 = parts[0];&#10;    String part2 = parts[1];&#10;    if((part2.length() &gt; 3 &amp;&amp; part2.charAt(2) == '5') || (part2.length() &gt;= 3 &amp;&amp; part2.charAt(2) &gt; '5')){&#10;      res = Math.round(res * 100.0) / 100.0;&#10;    } else {&#10;      res = Math.floor(res * 100.0) / 100.0;&#10;    }&#10;    return res;&#10;  }&#10;  private void generateResults() {&#10;    double res;&#10;    for( int i = 0 ; i &lt; result.size(); i++){&#10;      res = result.get(i);&#10;      resultOutput = resultOutput + Double.toString(res);&#10;      String resString = Double.toString(res);&#10;      String[] parts = resString.split(&quot;\\.&quot;);&#10;      String part1 = parts[0];&#10;      String part2 = parts[1];&#10;      if(part2.length() == 1){&#10;        resultOutput = resultOutput + Integer.toString(0);&#10;      }&#10;      resultOutput = resultOutput + &quot; - &quot; + resultInInterval.get(i);&#10;      if(i &lt; result.size() - 1) {&#10;        resultOutput = resultOutput + &quot;\n&quot;;&#10;      }&#10;    }&#10;  }&#10;  public String getResultOutput() {&#10;    return resultOutput;&#10;  }&#10;  public static void main(String args[])&#10;  {&#10;    BBSecurity bbs = new BBSecurity(args);&#10;    System.out.println(bbs.getResultOutput());&#10;  }&#10;}&#10;" Filename="BBSecurity.java" Intrnl_Id="5"/>
</SrcFileList>
<CritList>
<CritListEntry Name="org.codecover.model.utils.criteria.LoopCoverage" PluginName="org.codecover"/>
<CritListEntry Name="org.codecover.model.utils.criteria.ConditionCoverage" PluginName="org.codecover"/>
<CritListEntry Name="org.codecover.model.utils.criteria.BranchCoverage" PluginName="org.codecover"/>
<CritListEntry Name="org.codecover.model.utils.criteria.StatementCoverage" PluginName="org.codecover"/>
</CritList>
<BoolOpList>
<BoolOp Arity="2" Intrnl_Id="6" Name="conditional and (&amp;&amp;)">
<BoolAssgnmntBoolMapList>
<MapEntry BoolAssgnmnt="02" Value="false"/>
<MapEntry BoolAssgnmnt="10" Value="false"/>
<MapEntry BoolAssgnmnt="11" Value="true"/>
</BoolAssgnmntBoolMapList>
</BoolOp>
<BoolOp Arity="2" Intrnl_Id="7" Name="conditional or (||)">
<BoolAssgnmntBoolMapList>
<MapEntry BoolAssgnmnt="00" Value="false"/>
<MapEntry BoolAssgnmnt="01" Value="true"/>
<MapEntry BoolAssgnmnt="12" Value="true"/>
</BoolAssgnmntBoolMapList>
</BoolOp>
<BoolOp Arity="1" Intrnl_Id="8" Name="not (!)">
<BoolAssgnmntBoolMapList>
<MapEntry BoolAssgnmnt="1" Value="false"/>
<MapEntry BoolAssgnmnt="0" Value="true"/>
</BoolAssgnmntBoolMapList>
</BoolOp>
</BoolOpList>
<HierarchyLvlTypeList>
<HierarchyLvlType EnglishName="method" IntrnlName="method" Intrnl_Id="9"/>
<HierarchyLvlType EnglishName="class" IntrnlName="class" Intrnl_Id="10"/>
<HierarchyLvlType EnglishName="default package" IntrnlName="default package" Intrnl_Id="11"/>
</HierarchyLvlTypeList>
<MASTRoot>
<HierarchyLvl HierarchyLvlId="70" HierarchyLvlTypeId="11" Intrnl_Id="12" Name="default package">
<Header/>
<LocList/>
<HierarchyLvl HierarchyLvlId="30" HierarchyLvlTypeId="10" Intrnl_Id="13" Name="BBSecurityTest">
<Header>
<Loc EndOffset="96" SrcFileId="1" StartOffset="69"/>
</Header>
<LocList>
<Loc EndOffset="5803" SrcFileId="1" StartOffset="69"/>
</LocList>
<HierarchyLvl HierarchyLvlId="1" HierarchyLvlTypeId="9" Intrnl_Id="14" Name="test1a1">
<Header>
<Loc EndOffset="180" SrcFileId="1" StartOffset="151"/>
</Header>
<LocList>
<Loc EndOffset="365" SrcFileId="1" StartOffset="151"/>
</LocList>
<StmntSeq Intrnl_Id="15">
<LocList>
<Loc EndOffset="251" SrcFileId="1" StartOffset="186"/>
<Loc EndOffset="294" SrcFileId="1" StartOffset="256"/>
<Loc EndOffset="361" SrcFileId="1" StartOffset="299"/>
</LocList>
<BasicStmnt CovItemId="S1" CovItemPrefix="BBSecurityTest.java" Intrnl_Id="16">
<LocList>
<Loc EndOffset="251" SrcFileId="1" StartOffset="186"/>
</LocList>
</BasicStmnt>
<BasicStmnt CovItemId="S2" CovItemPrefix="BBSecurityTest.java" Intrnl_Id="17">
<LocList>
<Loc EndOffset="294" SrcFileId="1" StartOffset="256"/>
</LocList>
</BasicStmnt>
<BasicStmnt CovItemId="S3" CovItemPrefix="BBSecurityTest.java" Intrnl_Id="18">
<LocList>
<Loc EndOffset="361" SrcFileId="1" StartOffset="299"/>
</LocList>
</BasicStmnt>
</StmntSeq>
</HierarchyLvl>
<HierarchyLvl HierarchyLvlId="2" HierarchyLvlTypeId="9" Intrnl_Id="19" Name="test1a2">
<Header>
<Loc EndOffset="397" SrcFileId="1" StartOffset="368"/>
</Header>
<LocList>
<Loc EndOffset="527" SrcFileId="1" StartOffset="368"/>
</LocList>
<StmntSeq Intrnl_Id="20">
<LocList>
<Loc EndOffset="422" SrcFileId="1" StartOffset="403"/>
<Loc EndOffset="465" SrcFileId="1" StartOffset="427"/>
<Loc EndOffset="523" SrcFileId="1" StartOffset="470"/>
</LocList>
<BasicStmnt CovItemId="S4" CovItemPrefix="BBSecurityTest.java" Intrnl_Id="21">
<LocList>
<Loc EndOffset="422" SrcFileId="1" StartOffset="403"/>
</LocList>
</BasicStmnt>
<BasicStmnt CovItemId="S5" CovItemPrefix="BBSecurityTest.java" Intrnl_Id="22">
<LocList>
<Loc EndOffset="465" SrcFileId="1" StartOffset="427"/>
</LocList>
</BasicStmnt>
<BasicStmnt CovItemId="S6" CovItemPrefix="BBSecurityTest.java" Intrnl_Id="23">
<LocList>
<Loc EndOffset="523" SrcFileId="1" StartOffset="470"/>
</LocList>
</BasicStmnt>
</StmntSeq>
</HierarchyLvl>
<HierarchyLvl HierarchyLvlId="3" HierarchyLvlTypeId="9" Intrnl_Id="24" Name="test1a3">
<Header>
<Loc EndOffset="559" SrcFileId="1" StartOffset="530"/>
</Header>
<LocList>
<Loc EndOffset="694" SrcFileId="1" StartOffset="530"/>
</LocList>
<StmntSeq Intrnl_Id="25">
<LocList>
<Loc EndOffset="589" SrcFileId="1" StartOffset="565"/>
<Loc EndOffset="632" SrcFileId="1" StartOffset="594"/>
<Loc EndOffset="690" SrcFileId="1" StartOffset="637"/>
</LocList>
<BasicStmnt CovItemId="S7" CovItemPrefix="BBSecurityTest.java" Intrnl_Id="26">
<LocList>
<Loc EndOffset="589" SrcFileId="1" StartOffset="565"/>
</LocList>
</BasicStmnt>
<BasicStmnt CovItemId="S8" CovItemPrefix="BBSecurityTest.java" Intrnl_Id="27">
<LocList>
<Loc EndOffset="632" SrcFileId="1" StartOffset="594"/>
</LocList>
</BasicStmnt>
<BasicStmnt CovItemId="S9" CovItemPrefix="BBSecurityTest.java" Intrnl_Id="28">
<LocList>
<Loc EndOffset="690" SrcFileId="1" StartOffset="637"/>
</LocList>
</BasicStmnt>
</StmntSeq>
</HierarchyLvl>
<HierarchyLvl HierarchyLvlId="4" HierarchyLvlTypeId="9" Intrnl_Id="29" Name="test1a4">
<Header>
<Loc EndOffset="726" SrcFileId="1" StartOffset="697"/>
</Header>
<LocList>
<Loc EndOffset="866" SrcFileId="1" StartOffset="697"/>
</LocList>
<StmntSeq Intrnl_Id="30">
<LocList>
<Loc EndOffset="761" SrcFileId="1" StartOffset="732"/>
<Loc EndOffset="804" SrcFileId="1" StartOffset="766"/>
<Loc EndOffset="862" SrcFileId="1" StartOffset="809"/>
</LocList>
<BasicStmnt CovItemId="S10" CovItemPrefix="BBSecurityTest.java" Intrnl_Id="31">
<LocList>
<Loc EndOffset="761" SrcFileId="1" StartOffset="732"/>
</LocList>
</BasicStmnt>
<BasicStmnt CovItemId="S11" CovItemPrefix="BBSecurityTest.java" Intrnl_Id="32">
<LocList>
<Loc EndOffset="804" SrcFileId="1" StartOffset="766"/>
</LocList>
</BasicStmnt>
<BasicStmnt CovItemId="S12" CovItemPrefix="BBSecurityTest.java" Intrnl_Id="33">
<LocList>
<Loc EndOffset="862" SrcFileId="1" StartOffset="809"/>
</LocList>
</BasicStmnt>
</StmntSeq>
</HierarchyLvl>
<HierarchyLvl HierarchyLvlId="5" HierarchyLvlTypeId="9" Intrnl_Id="34" Name="test1a5">
<Header>
<Loc EndOffset="898" SrcFileId="1" StartOffset="869"/>
</Header>
<LocList>
<Loc EndOffset="1044" SrcFileId="1" StartOffset="869"/>
</LocList>
<StmntSeq Intrnl_Id="35">
<LocList>
<Loc EndOffset="939" SrcFileId="1" StartOffset="904"/>
<Loc EndOffset="982" SrcFileId="1" StartOffset="944"/>
<Loc EndOffset="1040" SrcFileId="1" StartOffset="987"/>
</LocList>
<BasicStmnt CovItemId="S13" CovItemPrefix="BBSecurityTest.java" Intrnl_Id="36">
<LocList>
<Loc EndOffset="939" SrcFileId="1" StartOffset="904"/>
</LocList>
</BasicStmnt>
<BasicStmnt CovItemId="S14" CovItemPrefix="BBSecurityTest.java" Intrnl_Id="37">
<LocList>
<Loc EndOffset="982" SrcFileId="1" StartOffset="944"/>
</LocList>
</BasicStmnt>
<BasicStmnt CovItemId="S15" CovItemPrefix="BBSecurityTest.java" Intrnl_Id="38">
<LocList>
<Loc EndOffset="1040" SrcFileId="1" StartOffset="987"/>
</LocList>
</BasicStmnt>
</StmntSeq>
</HierarchyLvl>
<HierarchyLvl HierarchyLvlId="6" HierarchyLvlTypeId="9" Intrnl_Id="39" Name="test1a6">
<Header>
<Loc EndOffset="1076" SrcFileId="1" StartOffset="1047"/>
</Header>
<LocList>
<Loc EndOffset="1226" SrcFileId="1" StartOffset="1047"/>
</LocList>
<StmntSeq Intrnl_Id="40">
<LocList>
<Loc EndOffset="1121" SrcFileId="1" StartOffset="1082"/>
<Loc EndOffset="1164" SrcFileId="1" StartOffset="1126"/>
<Loc EndOffset="1222" SrcFileId="1" StartOffset="1169"/>
</LocList>
<BasicStmnt CovItemId="S16" CovItemPrefix="BBSecurityTest.java" Intrnl_Id="41">
<LocList>
<Loc EndOffset="1121" SrcFileId="1" StartOffset="1082"/>
</LocList>
</BasicStmnt>
<BasicStmnt CovItemId="S17" CovItemPrefix="BBSecurityTest.java" Intrnl_Id="42">
<LocList>
<Loc EndOffset="1164" SrcFileId="1" StartOffset="1126"/>
</LocList>
</BasicStmnt>
<BasicStmnt CovItemId="S18" CovItemPrefix="BBSecurityTest.java" Intrnl_Id="43">
<LocList>
<Loc EndOffset="1222" SrcFileId="1" StartOffset="1169"/>
</LocList>
</BasicStmnt>
</StmntSeq>
</HierarchyLvl>
<HierarchyLvl HierarchyLvlId="7" HierarchyLvlTypeId="9" Intrnl_Id="44" Name="test1a7">
<Header>
<Loc EndOffset="1258" SrcFileId="1" StartOffset="1229"/>
</Header>
<LocList>
<Loc EndOffset="1413" SrcFileId="1" StartOffset="1229"/>
</LocList>
<StmntSeq Intrnl_Id="45">
<LocList>
<Loc EndOffset="1308" SrcFileId="1" StartOffset="1264"/>
<Loc EndOffset="1351" SrcFileId="1" StartOffset="1313"/>
<Loc EndOffset="1409" SrcFileId="1" StartOffset="1356"/>
</LocList>
<BasicStmnt CovItemId="S19" CovItemPrefix="BBSecurityTest.java" Intrnl_Id="46">
<LocList>
<Loc EndOffset="1308" SrcFileId="1" StartOffset="1264"/>
</LocList>
</BasicStmnt>
<BasicStmnt CovItemId="S20" CovItemPrefix="BBSecurityTest.java" Intrnl_Id="47">
<LocList>
<Loc EndOffset="1351" SrcFileId="1" StartOffset="1313"/>
</LocList>
</BasicStmnt>
<BasicStmnt CovItemId="S21" CovItemPrefix="BBSecurityTest.java" Intrnl_Id="48">
<LocList>
<Loc EndOffset="1409" SrcFileId="1" StartOffset="1356"/>
</LocList>
</BasicStmnt>
</StmntSeq>
</HierarchyLvl>
<HierarchyLvl HierarchyLvlId="8" HierarchyLvlTypeId="9" Intrnl_Id="49" Name="test1a8">
<Header>
<Loc EndOffset="1445" SrcFileId="1" StartOffset="1416"/>
</Header>
<LocList>
<Loc EndOffset="1607" SrcFileId="1" StartOffset="1416"/>
</LocList>
<StmntSeq Intrnl_Id="50">
<LocList>
<Loc EndOffset="1502" SrcFileId="1" StartOffset="1451"/>
<Loc EndOffset="1545" SrcFileId="1" StartOffset="1507"/>
<Loc EndOffset="1603" SrcFileId="1" StartOffset="1550"/>
</LocList>
<BasicStmnt CovItemId="S22" CovItemPrefix="BBSecurityTest.java" Intrnl_Id="51">
<LocList>
<Loc EndOffset="1502" SrcFileId="1" StartOffset="1451"/>
</LocList>
</BasicStmnt>
<BasicStmnt CovItemId="S23" CovItemPrefix="BBSecurityTest.java" Intrnl_Id="52">
<LocList>
<Loc EndOffset="1545" SrcFileId="1" StartOffset="1507"/>
</LocList>
</BasicStmnt>
<BasicStmnt CovItemId="S24" CovItemPrefix="BBSecurityTest.java" Intrnl_Id="53">
<LocList>
<Loc EndOffset="1603" SrcFileId="1" StartOffset="1550"/>
</LocList>
</BasicStmnt>
</StmntSeq>
</HierarchyLvl>
<HierarchyLvl HierarchyLvlId="9" HierarchyLvlTypeId="9" Intrnl_Id="54" Name="test1a9">
<Header>
<Loc EndOffset="1639" SrcFileId="1" StartOffset="1610"/>
</Header>
<LocList>
<Loc EndOffset="1806" SrcFileId="1" StartOffset="1610"/>
</LocList>
<StmntSeq Intrnl_Id="55">
<LocList>
<Loc EndOffset="1701" SrcFileId="1" StartOffset="1645"/>
<Loc EndOffset="1744" SrcFileId="1" StartOffset="1706"/>
<Loc EndOffset="1802" SrcFileId="1" StartOffset="1749"/>
</LocList>
<BasicStmnt CovItemId="S25" CovItemPrefix="BBSecurityTest.java" Intrnl_Id="56">
<LocList>
<Loc EndOffset="1701" SrcFileId="1" StartOffset="1645"/>
</LocList>
</BasicStmnt>
<BasicStmnt CovItemId="S26" CovItemPrefix="BBSecurityTest.java" Intrnl_Id="57">
<LocList>
<Loc EndOffset="1744" SrcFileId="1" StartOffset="1706"/>
</LocList>
</BasicStmnt>
<BasicStmnt CovItemId="S27" CovItemPrefix="BBSecurityTest.java" Intrnl_Id="58">
<LocList>
<Loc EndOffset="1802" SrcFileId="1" StartOffset="1749"/>
</LocList>
</BasicStmnt>
</StmntSeq>
</HierarchyLvl>
<HierarchyLvl HierarchyLvlId="10" HierarchyLvlTypeId="9" Intrnl_Id="59" Name="test1a10">
<Header>
<Loc EndOffset="1839" SrcFileId="1" StartOffset="1809"/>
</Header>
<LocList>
<Loc EndOffset="1999" SrcFileId="1" StartOffset="1809"/>
</LocList>
<StmntSeq Intrnl_Id="60">
<LocList>
<Loc EndOffset="1894" SrcFileId="1" StartOffset="1845"/>
<Loc EndOffset="1937" SrcFileId="1" StartOffset="1899"/>
<Loc EndOffset="1995" SrcFileId="1" StartOffset="1942"/>
</LocList>
<BasicStmnt CovItemId="S28" CovItemPrefix="BBSecurityTest.java" Intrnl_Id="61">
<LocList>
<Loc EndOffset="1894" SrcFileId="1" StartOffset="1845"/>
</LocList>
</BasicStmnt>
<BasicStmnt CovItemId="S29" CovItemPrefix="BBSecurityTest.java" Intrnl_Id="62">
<LocList>
<Loc EndOffset="1937" SrcFileId="1" StartOffset="1899"/>
</LocList>
</BasicStmnt>
<BasicStmnt CovItemId="S30" CovItemPrefix="BBSecurityTest.java" Intrnl_Id="63">
<LocList>
<Loc EndOffset="1995" SrcFileId="1" StartOffset="1942"/>
</LocList>
</BasicStmnt>
</StmntSeq>
</HierarchyLvl>
<HierarchyLvl HierarchyLvlId="11" HierarchyLvlTypeId="9" Intrnl_Id="64" Name="test1b1">
<Header>
<Loc EndOffset="2129" SrcFileId="1" StartOffset="2100"/>
</Header>
<LocList>
<Loc EndOffset="2345" SrcFileId="1" StartOffset="2100"/>
</LocList>
<StmntSeq Intrnl_Id="65">
<LocList>
<Loc EndOffset="2218" SrcFileId="1" StartOffset="2135"/>
<Loc EndOffset="2261" SrcFileId="1" StartOffset="2223"/>
<Loc EndOffset="2341" SrcFileId="1" StartOffset="2266"/>
</LocList>
<BasicStmnt CovItemId="S31" CovItemPrefix="BBSecurityTest.java" Intrnl_Id="66">
<LocList>
<Loc EndOffset="2218" SrcFileId="1" StartOffset="2135"/>
</LocList>
</BasicStmnt>
<BasicStmnt CovItemId="S32" CovItemPrefix="BBSecurityTest.java" Intrnl_Id="67">
<LocList>
<Loc EndOffset="2261" SrcFileId="1" StartOffset="2223"/>
</LocList>
</BasicStmnt>
<BasicStmnt CovItemId="S33" CovItemPrefix="BBSecurityTest.java" Intrnl_Id="68">
<LocList>
<Loc EndOffset="2341" SrcFileId="1" StartOffset="2266"/>
</LocList>
</BasicStmnt>
</StmntSeq>
</HierarchyLvl>
<HierarchyLvl HierarchyLvlId="12" HierarchyLvlTypeId="9" Intrnl_Id="69" Name="test1b2">
<Header>
<Loc EndOffset="2377" SrcFileId="1" StartOffset="2348"/>
</Header>
<LocList>
<Loc EndOffset="2510" SrcFileId="1" StartOffset="2348"/>
</LocList>
<StmntSeq Intrnl_Id="70">
<LocList>
<Loc EndOffset="2405" SrcFileId="1" StartOffset="2383"/>
<Loc EndOffset="2448" SrcFileId="1" StartOffset="2410"/>
<Loc EndOffset="2506" SrcFileId="1" StartOffset="2453"/>
</LocList>
<BasicStmnt CovItemId="S34" CovItemPrefix="BBSecurityTest.java" Intrnl_Id="71">
<LocList>
<Loc EndOffset="2405" SrcFileId="1" StartOffset="2383"/>
</LocList>
</BasicStmnt>
<BasicStmnt CovItemId="S35" CovItemPrefix="BBSecurityTest.java" Intrnl_Id="72">
<LocList>
<Loc EndOffset="2448" SrcFileId="1" StartOffset="2410"/>
</LocList>
</BasicStmnt>
<BasicStmnt CovItemId="S36" CovItemPrefix="BBSecurityTest.java" Intrnl_Id="73">
<LocList>
<Loc EndOffset="2506" SrcFileId="1" StartOffset="2453"/>
</LocList>
</BasicStmnt>
</StmntSeq>
</HierarchyLvl>
<HierarchyLvl HierarchyLvlId="13" HierarchyLvlTypeId="9" Intrnl_Id="74" Name="test1b3">
<Header>
<Loc EndOffset="2542" SrcFileId="1" StartOffset="2513"/>
</Header>
<LocList>
<Loc EndOffset="2680" SrcFileId="1" StartOffset="2513"/>
</LocList>
<StmntSeq Intrnl_Id="75">
<LocList>
<Loc EndOffset="2575" SrcFileId="1" StartOffset="2548"/>
<Loc EndOffset="2618" SrcFileId="1" StartOffset="2580"/>
<Loc EndOffset="2676" SrcFileId="1" StartOffset="2623"/>
</LocList>
<BasicStmnt CovItemId="S37" CovItemPrefix="BBSecurityTest.java" Intrnl_Id="76">
<LocList>
<Loc EndOffset="2575" SrcFileId="1" StartOffset="2548"/>
</LocList>
</BasicStmnt>
<BasicStmnt CovItemId="S38" CovItemPrefix="BBSecurityTest.java" Intrnl_Id="77">
<LocList>
<Loc EndOffset="2618" SrcFileId="1" StartOffset="2580"/>
</LocList>
</BasicStmnt>
<BasicStmnt CovItemId="S39" CovItemPrefix="BBSecurityTest.java" Intrnl_Id="78">
<LocList>
<Loc EndOffset="2676" SrcFileId="1" StartOffset="2623"/>
</LocList>
</BasicStmnt>
</StmntSeq>
</HierarchyLvl>
<HierarchyLvl HierarchyLvlId="14" HierarchyLvlTypeId="9" Intrnl_Id="79" Name="test1b4">
<Header>
<Loc EndOffset="2712" SrcFileId="1" StartOffset="2683"/>
</Header>
<LocList>
<Loc EndOffset="2850" SrcFileId="1" StartOffset="2683"/>
</LocList>
<StmntSeq Intrnl_Id="80">
<LocList>
<Loc EndOffset="2745" SrcFileId="1" StartOffset="2718"/>
<Loc EndOffset="2788" SrcFileId="1" StartOffset="2750"/>
<Loc EndOffset="2846" SrcFileId="1" StartOffset="2793"/>
</LocList>
<BasicStmnt CovItemId="S40" CovItemPrefix="BBSecurityTest.java" Intrnl_Id="81">
<LocList>
<Loc EndOffset="2745" SrcFileId="1" StartOffset="2718"/>
</LocList>
</BasicStmnt>
<BasicStmnt CovItemId="S41" CovItemPrefix="BBSecurityTest.java" Intrnl_Id="82">
<LocList>
<Loc EndOffset="2788" SrcFileId="1" StartOffset="2750"/>
</LocList>
</BasicStmnt>
<BasicStmnt CovItemId="S42" CovItemPrefix="BBSecurityTest.java" Intrnl_Id="83">
<LocList>
<Loc EndOffset="2846" SrcFileId="1" StartOffset="2793"/>
</LocList>
</BasicStmnt>
</StmntSeq>
</HierarchyLvl>
<HierarchyLvl HierarchyLvlId="15" HierarchyLvlTypeId="9" Intrnl_Id="84" Name="test1b5">
<Header>
<Loc EndOffset="2882" SrcFileId="1" StartOffset="2853"/>
</Header>
<LocList>
<Loc EndOffset="3025" SrcFileId="1" StartOffset="2853"/>
</LocList>
<StmntSeq Intrnl_Id="85">
<LocList>
<Loc EndOffset="2920" SrcFileId="1" StartOffset="2888"/>
<Loc EndOffset="2963" SrcFileId="1" StartOffset="2925"/>
<Loc EndOffset="3021" SrcFileId="1" StartOffset="2968"/>
</LocList>
<BasicStmnt CovItemId="S43" CovItemPrefix="BBSecurityTest.java" Intrnl_Id="86">
<LocList>
<Loc EndOffset="2920" SrcFileId="1" StartOffset="2888"/>
</LocList>
</BasicStmnt>
<BasicStmnt CovItemId="S44" CovItemPrefix="BBSecurityTest.java" Intrnl_Id="87">
<LocList>
<Loc EndOffset="2963" SrcFileId="1" StartOffset="2925"/>
</LocList>
</BasicStmnt>
<BasicStmnt CovItemId="S45" CovItemPrefix="BBSecurityTest.java" Intrnl_Id="88">
<LocList>
<Loc EndOffset="3021" SrcFileId="1" StartOffset="2968"/>
</LocList>
</BasicStmnt>
</StmntSeq>
</HierarchyLvl>
<HierarchyLvl HierarchyLvlId="16" HierarchyLvlTypeId="9" Intrnl_Id="89" Name="test1b6">
<Header>
<Loc EndOffset="3057" SrcFileId="1" StartOffset="3028"/>
</Header>
<LocList>
<Loc EndOffset="3199" SrcFileId="1" StartOffset="3028"/>
</LocList>
<StmntSeq Intrnl_Id="90">
<LocList>
<Loc EndOffset="3094" SrcFileId="1" StartOffset="3063"/>
<Loc EndOffset="3137" SrcFileId="1" StartOffset="3099"/>
<Loc EndOffset="3195" SrcFileId="1" StartOffset="3142"/>
</LocList>
<BasicStmnt CovItemId="S46" CovItemPrefix="BBSecurityTest.java" Intrnl_Id="91">
<LocList>
<Loc EndOffset="3094" SrcFileId="1" StartOffset="3063"/>
</LocList>
</BasicStmnt>
<BasicStmnt CovItemId="S47" CovItemPrefix="BBSecurityTest.java" Intrnl_Id="92">
<LocList>
<Loc EndOffset="3137" SrcFileId="1" StartOffset="3099"/>
</LocList>
</BasicStmnt>
<BasicStmnt CovItemId="S48" CovItemPrefix="BBSecurityTest.java" Intrnl_Id="93">
<LocList>
<Loc EndOffset="3195" SrcFileId="1" StartOffset="3142"/>
</LocList>
</BasicStmnt>
</StmntSeq>
</HierarchyLvl>
<HierarchyLvl HierarchyLvlId="17" HierarchyLvlTypeId="9" Intrnl_Id="94" Name="test1b7">
<Header>
<Loc EndOffset="3231" SrcFileId="1" StartOffset="3202"/>
</Header>
<LocList>
<Loc EndOffset="3378" SrcFileId="1" StartOffset="3202"/>
</LocList>
<StmntSeq Intrnl_Id="95">
<LocList>
<Loc EndOffset="3273" SrcFileId="1" StartOffset="3237"/>
<Loc EndOffset="3316" SrcFileId="1" StartOffset="3278"/>
<Loc EndOffset="3374" SrcFileId="1" StartOffset="3321"/>
</LocList>
<BasicStmnt CovItemId="S49" CovItemPrefix="BBSecurityTest.java" Intrnl_Id="96">
<LocList>
<Loc EndOffset="3273" SrcFileId="1" StartOffset="3237"/>
</LocList>
</BasicStmnt>
<BasicStmnt CovItemId="S50" CovItemPrefix="BBSecurityTest.java" Intrnl_Id="97">
<LocList>
<Loc EndOffset="3316" SrcFileId="1" StartOffset="3278"/>
</LocList>
</BasicStmnt>
<BasicStmnt CovItemId="S51" CovItemPrefix="BBSecurityTest.java" Intrnl_Id="98">
<LocList>
<Loc EndOffset="3374" SrcFileId="1" StartOffset="3321"/>
</LocList>
</BasicStmnt>
</StmntSeq>
</HierarchyLvl>
<HierarchyLvl HierarchyLvlId="18" HierarchyLvlTypeId="9" Intrnl_Id="99" Name="test1b8">
<Header>
<Loc EndOffset="3410" SrcFileId="1" StartOffset="3381"/>
</Header>
<LocList>
<Loc EndOffset="3560" SrcFileId="1" StartOffset="3381"/>
</LocList>
<StmntSeq Intrnl_Id="100">
<LocList>
<Loc EndOffset="3455" SrcFileId="1" StartOffset="3416"/>
<Loc EndOffset="3498" SrcFileId="1" StartOffset="3460"/>
<Loc EndOffset="3556" SrcFileId="1" StartOffset="3503"/>
</LocList>
<BasicStmnt CovItemId="S52" CovItemPrefix="BBSecurityTest.java" Intrnl_Id="101">
<LocList>
<Loc EndOffset="3455" SrcFileId="1" StartOffset="3416"/>
</LocList>
</BasicStmnt>
<BasicStmnt CovItemId="S53" CovItemPrefix="BBSecurityTest.java" Intrnl_Id="102">
<LocList>
<Loc EndOffset="3498" SrcFileId="1" StartOffset="3460"/>
</LocList>
</BasicStmnt>
<BasicStmnt CovItemId="S54" CovItemPrefix="BBSecurityTest.java" Intrnl_Id="103">
<LocList>
<Loc EndOffset="3556" SrcFileId="1" StartOffset="3503"/>
</LocList>
</BasicStmnt>
</StmntSeq>
</HierarchyLvl>
<HierarchyLvl HierarchyLvlId="19" HierarchyLvlTypeId="9" Intrnl_Id="104" Name="test1b9">
<Header>
<Loc EndOffset="3592" SrcFileId="1" StartOffset="3563"/>
</Header>
<LocList>
<Loc EndOffset="3747" SrcFileId="1" StartOffset="3563"/>
</LocList>
<StmntSeq Intrnl_Id="105">
<LocList>
<Loc EndOffset="3642" SrcFileId="1" StartOffset="3598"/>
<Loc EndOffset="3685" SrcFileId="1" StartOffset="3647"/>
<Loc EndOffset="3743" SrcFileId="1" StartOffset="3690"/>
</LocList>
<BasicStmnt CovItemId="S55" CovItemPrefix="BBSecurityTest.java" Intrnl_Id="106">
<LocList>
<Loc EndOffset="3642" SrcFileId="1" StartOffset="3598"/>
</LocList>
</BasicStmnt>
<BasicStmnt CovItemId="S56" CovItemPrefix="BBSecurityTest.java" Intrnl_Id="107">
<LocList>
<Loc EndOffset="3685" SrcFileId="1" StartOffset="3647"/>
</LocList>
</BasicStmnt>
<BasicStmnt CovItemId="S57" CovItemPrefix="BBSecurityTest.java" Intrnl_Id="108">
<LocList>
<Loc EndOffset="3743" SrcFileId="1" StartOffset="3690"/>
</LocList>
</BasicStmnt>
</StmntSeq>
</HierarchyLvl>
<HierarchyLvl HierarchyLvlId="20" HierarchyLvlTypeId="9" Intrnl_Id="109" Name="test1b10">
<Header>
<Loc EndOffset="3780" SrcFileId="1" StartOffset="3750"/>
</Header>
<LocList>
<Loc EndOffset="3935" SrcFileId="1" StartOffset="3750"/>
</LocList>
<StmntSeq Intrnl_Id="110">
<LocList>
<Loc EndOffset="3830" SrcFileId="1" StartOffset="3786"/>
<Loc EndOffset="3873" SrcFileId="1" StartOffset="3835"/>
<Loc EndOffset="3931" SrcFileId="1" StartOffset="3878"/>
</LocList>
<BasicStmnt CovItemId="S58" CovItemPrefix="BBSecurityTest.java" Intrnl_Id="111">
<LocList>
<Loc EndOffset="3830" SrcFileId="1" StartOffset="3786"/>
</LocList>
</BasicStmnt>
<BasicStmnt CovItemId="S59" CovItemPrefix="BBSecurityTest.java" Intrnl_Id="112">
<LocList>
<Loc EndOffset="3873" SrcFileId="1" StartOffset="3835"/>
</LocList>
</BasicStmnt>
<BasicStmnt CovItemId="S60" CovItemPrefix="BBSecurityTest.java" Intrnl_Id="113">
<LocList>
<Loc EndOffset="3931" SrcFileId="1" StartOffset="3878"/>
</LocList>
</BasicStmnt>
</StmntSeq>
</HierarchyLvl>
<HierarchyLvl HierarchyLvlId="21" HierarchyLvlTypeId="9" Intrnl_Id="114" Name="test1b11">
<Header>
<Loc EndOffset="3968" SrcFileId="1" StartOffset="3938"/>
</Header>
<LocList>
<Loc EndOffset="4128" SrcFileId="1" StartOffset="3938"/>
</LocList>
<StmntSeq Intrnl_Id="115">
<LocList>
<Loc EndOffset="4023" SrcFileId="1" StartOffset="3974"/>
<Loc EndOffset="4066" SrcFileId="1" StartOffset="4028"/>
<Loc EndOffset="4124" SrcFileId="1" StartOffset="4071"/>
</LocList>
<BasicStmnt CovItemId="S61" CovItemPrefix="BBSecurityTest.java" Intrnl_Id="116">
<LocList>
<Loc EndOffset="4023" SrcFileId="1" StartOffset="3974"/>
</LocList>
</BasicStmnt>
<BasicStmnt CovItemId="S62" CovItemPrefix="BBSecurityTest.java" Intrnl_Id="117">
<LocList>
<Loc EndOffset="4066" SrcFileId="1" StartOffset="4028"/>
</LocList>
</BasicStmnt>
<BasicStmnt CovItemId="S63" CovItemPrefix="BBSecurityTest.java" Intrnl_Id="118">
<LocList>
<Loc EndOffset="4124" SrcFileId="1" StartOffset="4071"/>
</LocList>
</BasicStmnt>
</StmntSeq>
</HierarchyLvl>
<HierarchyLvl HierarchyLvlId="22" HierarchyLvlTypeId="9" Intrnl_Id="119" Name="test1b12">
<Header>
<Loc EndOffset="4161" SrcFileId="1" StartOffset="4131"/>
</Header>
<LocList>
<Loc EndOffset="4323" SrcFileId="1" StartOffset="4131"/>
</LocList>
<StmntSeq Intrnl_Id="120">
<LocList>
<Loc EndOffset="4218" SrcFileId="1" StartOffset="4167"/>
<Loc EndOffset="4261" SrcFileId="1" StartOffset="4223"/>
<Loc EndOffset="4319" SrcFileId="1" StartOffset="4266"/>
</LocList>
<BasicStmnt CovItemId="S64" CovItemPrefix="BBSecurityTest.java" Intrnl_Id="121">
<LocList>
<Loc EndOffset="4218" SrcFileId="1" StartOffset="4167"/>
</LocList>
</BasicStmnt>
<BasicStmnt CovItemId="S65" CovItemPrefix="BBSecurityTest.java" Intrnl_Id="122">
<LocList>
<Loc EndOffset="4261" SrcFileId="1" StartOffset="4223"/>
</LocList>
</BasicStmnt>
<BasicStmnt CovItemId="S66" CovItemPrefix="BBSecurityTest.java" Intrnl_Id="123">
<LocList>
<Loc EndOffset="4319" SrcFileId="1" StartOffset="4266"/>
</LocList>
</BasicStmnt>
</StmntSeq>
</HierarchyLvl>
<HierarchyLvl HierarchyLvlId="23" HierarchyLvlTypeId="9" Intrnl_Id="124" Name="test1b13">
<Header>
<Loc EndOffset="4356" SrcFileId="1" StartOffset="4326"/>
</Header>
<LocList>
<Loc EndOffset="4522" SrcFileId="1" StartOffset="4326"/>
</LocList>
<StmntSeq Intrnl_Id="125">
<LocList>
<Loc EndOffset="4417" SrcFileId="1" StartOffset="4362"/>
<Loc EndOffset="4460" SrcFileId="1" StartOffset="4422"/>
<Loc EndOffset="4518" SrcFileId="1" StartOffset="4465"/>
</LocList>
<BasicStmnt CovItemId="S67" CovItemPrefix="BBSecurityTest.java" Intrnl_Id="126">
<LocList>
<Loc EndOffset="4417" SrcFileId="1" StartOffset="4362"/>
</LocList>
</BasicStmnt>
<BasicStmnt CovItemId="S68" CovItemPrefix="BBSecurityTest.java" Intrnl_Id="127">
<LocList>
<Loc EndOffset="4460" SrcFileId="1" StartOffset="4422"/>
</LocList>
</BasicStmnt>
<BasicStmnt CovItemId="S69" CovItemPrefix="BBSecurityTest.java" Intrnl_Id="128">
<LocList>
<Loc EndOffset="4518" SrcFileId="1" StartOffset="4465"/>
</LocList>
</BasicStmnt>
</StmntSeq>
</HierarchyLvl>
<HierarchyLvl HierarchyLvlId="24" HierarchyLvlTypeId="9" Intrnl_Id="129" Name="test1c1">
<Header>
<Loc EndOffset="4649" SrcFileId="1" StartOffset="4620"/>
</Header>
<LocList>
<Loc EndOffset="4808" SrcFileId="1" StartOffset="4620"/>
</LocList>
<StmntSeq Intrnl_Id="130">
<LocList>
<Loc EndOffset="4706" SrcFileId="1" StartOffset="4655"/>
<Loc EndOffset="4749" SrcFileId="1" StartOffset="4711"/>
<Loc EndOffset="4804" SrcFileId="1" StartOffset="4754"/>
</LocList>
<BasicStmnt CovItemId="S70" CovItemPrefix="BBSecurityTest.java" Intrnl_Id="131">
<LocList>
<Loc EndOffset="4706" SrcFileId="1" StartOffset="4655"/>
</LocList>
</BasicStmnt>
<BasicStmnt CovItemId="S71" CovItemPrefix="BBSecurityTest.java" Intrnl_Id="132">
<LocList>
<Loc EndOffset="4749" SrcFileId="1" StartOffset="4711"/>
</LocList>
</BasicStmnt>
<BasicStmnt CovItemId="S72" CovItemPrefix="BBSecurityTest.java" Intrnl_Id="133">
<LocList>
<Loc EndOffset="4804" SrcFileId="1" StartOffset="4754"/>
</LocList>
</BasicStmnt>
</StmntSeq>
</HierarchyLvl>
<HierarchyLvl HierarchyLvlId="25" HierarchyLvlTypeId="9" Intrnl_Id="134" Name="test1c2">
<Header>
<Loc EndOffset="4840" SrcFileId="1" StartOffset="4811"/>
</Header>
<LocList>
<Loc EndOffset="4999" SrcFileId="1" StartOffset="4811"/>
</LocList>
<StmntSeq Intrnl_Id="135">
<LocList>
<Loc EndOffset="4897" SrcFileId="1" StartOffset="4846"/>
<Loc EndOffset="4940" SrcFileId="1" StartOffset="4902"/>
<Loc EndOffset="4995" SrcFileId="1" StartOffset="4945"/>
</LocList>
<BasicStmnt CovItemId="S73" CovItemPrefix="BBSecurityTest.java" Intrnl_Id="136">
<LocList>
<Loc EndOffset="4897" SrcFileId="1" StartOffset="4846"/>
</LocList>
</BasicStmnt>
<BasicStmnt CovItemId="S74" CovItemPrefix="BBSecurityTest.java" Intrnl_Id="137">
<LocList>
<Loc EndOffset="4940" SrcFileId="1" StartOffset="4902"/>
</LocList>
</BasicStmnt>
<BasicStmnt CovItemId="S75" CovItemPrefix="BBSecurityTest.java" Intrnl_Id="138">
<LocList>
<Loc EndOffset="4995" SrcFileId="1" StartOffset="4945"/>
</LocList>
</BasicStmnt>
</StmntSeq>
</HierarchyLvl>
<HierarchyLvl HierarchyLvlId="26" HierarchyLvlTypeId="9" Intrnl_Id="139" Name="test1c3">
<Header>
<Loc EndOffset="5031" SrcFileId="1" StartOffset="5002"/>
</Header>
<LocList>
<Loc EndOffset="5193" SrcFileId="1" StartOffset="5002"/>
</LocList>
<StmntSeq Intrnl_Id="140">
<LocList>
<Loc EndOffset="5090" SrcFileId="1" StartOffset="5037"/>
<Loc EndOffset="5133" SrcFileId="1" StartOffset="5095"/>
<Loc EndOffset="5189" SrcFileId="1" StartOffset="5138"/>
</LocList>
<BasicStmnt CovItemId="S76" CovItemPrefix="BBSecurityTest.java" Intrnl_Id="141">
<LocList>
<Loc EndOffset="5090" SrcFileId="1" StartOffset="5037"/>
</LocList>
</BasicStmnt>
<BasicStmnt CovItemId="S77" CovItemPrefix="BBSecurityTest.java" Intrnl_Id="142">
<LocList>
<Loc EndOffset="5133" SrcFileId="1" StartOffset="5095"/>
</LocList>
</BasicStmnt>
<BasicStmnt CovItemId="S78" CovItemPrefix="BBSecurityTest.java" Intrnl_Id="143">
<LocList>
<Loc EndOffset="5189" SrcFileId="1" StartOffset="5138"/>
</LocList>
</BasicStmnt>
</StmntSeq>
</HierarchyLvl>
<HierarchyLvl HierarchyLvlId="27" HierarchyLvlTypeId="9" Intrnl_Id="144" Name="test1c4">
<Header>
<Loc EndOffset="5225" SrcFileId="1" StartOffset="5196"/>
</Header>
<LocList>
<Loc EndOffset="5379" SrcFileId="1" StartOffset="5196"/>
</LocList>
<StmntSeq Intrnl_Id="145">
<LocList>
<Loc EndOffset="5277" SrcFileId="1" StartOffset="5231"/>
<Loc EndOffset="5320" SrcFileId="1" StartOffset="5282"/>
<Loc EndOffset="5375" SrcFileId="1" StartOffset="5325"/>
</LocList>
<BasicStmnt CovItemId="S79" CovItemPrefix="BBSecurityTest.java" Intrnl_Id="146">
<LocList>
<Loc EndOffset="5277" SrcFileId="1" StartOffset="5231"/>
</LocList>
</BasicStmnt>
<BasicStmnt CovItemId="S80" CovItemPrefix="BBSecurityTest.java" Intrnl_Id="147">
<LocList>
<Loc EndOffset="5320" SrcFileId="1" StartOffset="5282"/>
</LocList>
</BasicStmnt>
<BasicStmnt CovItemId="S81" CovItemPrefix="BBSecurityTest.java" Intrnl_Id="148">
<LocList>
<Loc EndOffset="5375" SrcFileId="1" StartOffset="5325"/>
</LocList>
</BasicStmnt>
</StmntSeq>
</HierarchyLvl>
<HierarchyLvl HierarchyLvlId="28" HierarchyLvlTypeId="9" Intrnl_Id="149" Name="test1c5">
<Header>
<Loc EndOffset="5411" SrcFileId="1" StartOffset="5382"/>
</Header>
<LocList>
<Loc EndOffset="5565" SrcFileId="1" StartOffset="5382"/>
</LocList>
<StmntSeq Intrnl_Id="150">
<LocList>
<Loc EndOffset="5463" SrcFileId="1" StartOffset="5417"/>
<Loc EndOffset="5506" SrcFileId="1" StartOffset="5468"/>
<Loc EndOffset="5561" SrcFileId="1" StartOffset="5511"/>
</LocList>
<BasicStmnt CovItemId="S82" CovItemPrefix="BBSecurityTest.java" Intrnl_Id="151">
<LocList>
<Loc EndOffset="5463" SrcFileId="1" StartOffset="5417"/>
</LocList>
</BasicStmnt>
<BasicStmnt CovItemId="S83" CovItemPrefix="BBSecurityTest.java" Intrnl_Id="152">
<LocList>
<Loc EndOffset="5506" SrcFileId="1" StartOffset="5468"/>
</LocList>
</BasicStmnt>
<BasicStmnt CovItemId="S84" CovItemPrefix="BBSecurityTest.java" Intrnl_Id="153">
<LocList>
<Loc EndOffset="5561" SrcFileId="1" StartOffset="5511"/>
</LocList>
</BasicStmnt>
</StmntSeq>
</HierarchyLvl>
<HierarchyLvl HierarchyLvlId="29" HierarchyLvlTypeId="9" Intrnl_Id="154" Name="test1c6">
<Header>
<Loc EndOffset="5597" SrcFileId="1" StartOffset="5568"/>
</Header>
<LocList>
<Loc EndOffset="5755" SrcFileId="1" StartOffset="5568"/>
</LocList>
<StmntSeq Intrnl_Id="155">
<LocList>
<Loc EndOffset="5652" SrcFileId="1" StartOffset="5603"/>
<Loc EndOffset="5695" SrcFileId="1" StartOffset="5657"/>
<Loc EndOffset="5751" SrcFileId="1" StartOffset="5700"/>
</LocList>
<BasicStmnt CovItemId="S85" CovItemPrefix="BBSecurityTest.java" Intrnl_Id="156">
<LocList>
<Loc EndOffset="5652" SrcFileId="1" StartOffset="5603"/>
</LocList>
</BasicStmnt>
<BasicStmnt CovItemId="S86" CovItemPrefix="BBSecurityTest.java" Intrnl_Id="157">
<LocList>
<Loc EndOffset="5695" SrcFileId="1" StartOffset="5657"/>
</LocList>
</BasicStmnt>
<BasicStmnt CovItemId="S87" CovItemPrefix="BBSecurityTest.java" Intrnl_Id="158">
<LocList>
<Loc EndOffset="5751" SrcFileId="1" StartOffset="5700"/>
</LocList>
</BasicStmnt>
</StmntSeq>
</HierarchyLvl>
</HierarchyLvl>
<HierarchyLvl HierarchyLvlId="37" HierarchyLvlTypeId="10" Intrnl_Id="159" Name="BBSecurityCauseEffectTest">
<Header>
<Loc EndOffset="107" SrcFileId="2" StartOffset="69"/>
</Header>
<LocList>
<Loc EndOffset="1342" SrcFileId="2" StartOffset="69"/>
</LocList>
<HierarchyLvl HierarchyLvlId="31" HierarchyLvlTypeId="9" Intrnl_Id="160" Name="test1c1">
<Header>
<Loc EndOffset="188" SrcFileId="2" StartOffset="159"/>
</Header>
<LocList>
<Loc EndOffset="347" SrcFileId="2" StartOffset="159"/>
</LocList>
<StmntSeq Intrnl_Id="161">
<LocList>
<Loc EndOffset="245" SrcFileId="2" StartOffset="194"/>
<Loc EndOffset="288" SrcFileId="2" StartOffset="250"/>
<Loc EndOffset="343" SrcFileId="2" StartOffset="293"/>
</LocList>
<BasicStmnt CovItemId="S1" CovItemPrefix="BBSecurityCauseEffectTest.java" Intrnl_Id="162">
<LocList>
<Loc EndOffset="245" SrcFileId="2" StartOffset="194"/>
</LocList>
</BasicStmnt>
<BasicStmnt CovItemId="S2" CovItemPrefix="BBSecurityCauseEffectTest.java" Intrnl_Id="163">
<LocList>
<Loc EndOffset="288" SrcFileId="2" StartOffset="250"/>
</LocList>
</BasicStmnt>
<BasicStmnt CovItemId="S3" CovItemPrefix="BBSecurityCauseEffectTest.java" Intrnl_Id="164">
<LocList>
<Loc EndOffset="343" SrcFileId="2" StartOffset="293"/>
</LocList>
</BasicStmnt>
</StmntSeq>
</HierarchyLvl>
<HierarchyLvl HierarchyLvlId="32" HierarchyLvlTypeId="9" Intrnl_Id="165" Name="test1c2">
<Header>
<Loc EndOffset="379" SrcFileId="2" StartOffset="350"/>
</Header>
<LocList>
<Loc EndOffset="538" SrcFileId="2" StartOffset="350"/>
</LocList>
<StmntSeq Intrnl_Id="166">
<LocList>
<Loc EndOffset="436" SrcFileId="2" StartOffset="385"/>
<Loc EndOffset="479" SrcFileId="2" StartOffset="441"/>
<Loc EndOffset="534" SrcFileId="2" StartOffset="484"/>
</LocList>
<BasicStmnt CovItemId="S4" CovItemPrefix="BBSecurityCauseEffectTest.java" Intrnl_Id="167">
<LocList>
<Loc EndOffset="436" SrcFileId="2" StartOffset="385"/>
</LocList>
</BasicStmnt>
<BasicStmnt CovItemId="S5" CovItemPrefix="BBSecurityCauseEffectTest.java" Intrnl_Id="168">
<LocList>
<Loc EndOffset="479" SrcFileId="2" StartOffset="441"/>
</LocList>
</BasicStmnt>
<BasicStmnt CovItemId="S6" CovItemPrefix="BBSecurityCauseEffectTest.java" Intrnl_Id="169">
<LocList>
<Loc EndOffset="534" SrcFileId="2" StartOffset="484"/>
</LocList>
</BasicStmnt>
</StmntSeq>
</HierarchyLvl>
<HierarchyLvl HierarchyLvlId="33" HierarchyLvlTypeId="9" Intrnl_Id="170" Name="test1c3">
<Header>
<Loc EndOffset="570" SrcFileId="2" StartOffset="541"/>
</Header>
<LocList>
<Loc EndOffset="732" SrcFileId="2" StartOffset="541"/>
</LocList>
<StmntSeq Intrnl_Id="171">
<LocList>
<Loc EndOffset="629" SrcFileId="2" StartOffset="576"/>
<Loc EndOffset="672" SrcFileId="2" StartOffset="634"/>
<Loc EndOffset="728" SrcFileId="2" StartOffset="677"/>
</LocList>
<BasicStmnt CovItemId="S7" CovItemPrefix="BBSecurityCauseEffectTest.java" Intrnl_Id="172">
<LocList>
<Loc EndOffset="629" SrcFileId="2" StartOffset="576"/>
</LocList>
</BasicStmnt>
<BasicStmnt CovItemId="S8" CovItemPrefix="BBSecurityCauseEffectTest.java" Intrnl_Id="173">
<LocList>
<Loc EndOffset="672" SrcFileId="2" StartOffset="634"/>
</LocList>
</BasicStmnt>
<BasicStmnt CovItemId="S9" CovItemPrefix="BBSecurityCauseEffectTest.java" Intrnl_Id="174">
<LocList>
<Loc EndOffset="728" SrcFileId="2" StartOffset="677"/>
</LocList>
</BasicStmnt>
</StmntSeq>
</HierarchyLvl>
<HierarchyLvl HierarchyLvlId="34" HierarchyLvlTypeId="9" Intrnl_Id="175" Name="test1c4">
<Header>
<Loc EndOffset="764" SrcFileId="2" StartOffset="735"/>
</Header>
<LocList>
<Loc EndOffset="918" SrcFileId="2" StartOffset="735"/>
</LocList>
<StmntSeq Intrnl_Id="176">
<LocList>
<Loc EndOffset="816" SrcFileId="2" StartOffset="770"/>
<Loc EndOffset="859" SrcFileId="2" StartOffset="821"/>
<Loc EndOffset="914" SrcFileId="2" StartOffset="864"/>
</LocList>
<BasicStmnt CovItemId="S10" CovItemPrefix="BBSecurityCauseEffectTest.java" Intrnl_Id="177">
<LocList>
<Loc EndOffset="816" SrcFileId="2" StartOffset="770"/>
</LocList>
</BasicStmnt>
<BasicStmnt CovItemId="S11" CovItemPrefix="BBSecurityCauseEffectTest.java" Intrnl_Id="178">
<LocList>
<Loc EndOffset="859" SrcFileId="2" StartOffset="821"/>
</LocList>
</BasicStmnt>
<BasicStmnt CovItemId="S12" CovItemPrefix="BBSecurityCauseEffectTest.java" Intrnl_Id="179">
<LocList>
<Loc EndOffset="914" SrcFileId="2" StartOffset="864"/>
</LocList>
</BasicStmnt>
</StmntSeq>
</HierarchyLvl>
<HierarchyLvl HierarchyLvlId="35" HierarchyLvlTypeId="9" Intrnl_Id="180" Name="test1c5">
<Header>
<Loc EndOffset="950" SrcFileId="2" StartOffset="921"/>
</Header>
<LocList>
<Loc EndOffset="1104" SrcFileId="2" StartOffset="921"/>
</LocList>
<StmntSeq Intrnl_Id="181">
<LocList>
<Loc EndOffset="1002" SrcFileId="2" StartOffset="956"/>
<Loc EndOffset="1045" SrcFileId="2" StartOffset="1007"/>
<Loc EndOffset="1100" SrcFileId="2" StartOffset="1050"/>
</LocList>
<BasicStmnt CovItemId="S13" CovItemPrefix="BBSecurityCauseEffectTest.java" Intrnl_Id="182">
<LocList>
<Loc EndOffset="1002" SrcFileId="2" StartOffset="956"/>
</LocList>
</BasicStmnt>
<BasicStmnt CovItemId="S14" CovItemPrefix="BBSecurityCauseEffectTest.java" Intrnl_Id="183">
<LocList>
<Loc EndOffset="1045" SrcFileId="2" StartOffset="1007"/>
</LocList>
</BasicStmnt>
<BasicStmnt CovItemId="S15" CovItemPrefix="BBSecurityCauseEffectTest.java" Intrnl_Id="184">
<LocList>
<Loc EndOffset="1100" SrcFileId="2" StartOffset="1050"/>
</LocList>
</BasicStmnt>
</StmntSeq>
</HierarchyLvl>
<HierarchyLvl HierarchyLvlId="36" HierarchyLvlTypeId="9" Intrnl_Id="185" Name="test1c6">
<Header>
<Loc EndOffset="1136" SrcFileId="2" StartOffset="1107"/>
</Header>
<LocList>
<Loc EndOffset="1294" SrcFileId="2" StartOffset="1107"/>
</LocList>
<StmntSeq Intrnl_Id="186">
<LocList>
<Loc EndOffset="1191" SrcFileId="2" StartOffset="1142"/>
<Loc EndOffset="1234" SrcFileId="2" StartOffset="1196"/>
<Loc EndOffset="1290" SrcFileId="2" StartOffset="1239"/>
</LocList>
<BasicStmnt CovItemId="S16" CovItemPrefix="BBSecurityCauseEffectTest.java" Intrnl_Id="187">
<LocList>
<Loc EndOffset="1191" SrcFileId="2" StartOffset="1142"/>
</LocList>
</BasicStmnt>
<BasicStmnt CovItemId="S17" CovItemPrefix="BBSecurityCauseEffectTest.java" Intrnl_Id="188">
<LocList>
<Loc EndOffset="1234" SrcFileId="2" StartOffset="1196"/>
</LocList>
</BasicStmnt>
<BasicStmnt CovItemId="S18" CovItemPrefix="BBSecurityCauseEffectTest.java" Intrnl_Id="189">
<LocList>
<Loc EndOffset="1290" SrcFileId="2" StartOffset="1239"/>
</LocList>
</BasicStmnt>
</StmntSeq>
</HierarchyLvl>
</HierarchyLvl>
<HierarchyLvl HierarchyLvlId="48" HierarchyLvlTypeId="10" Intrnl_Id="190" Name="BBSecurityEquivalenceTest">
<Header>
<Loc EndOffset="107" SrcFileId="3" StartOffset="69"/>
</Header>
<LocList>
<Loc EndOffset="2061" SrcFileId="3" StartOffset="69"/>
</LocList>
<HierarchyLvl HierarchyLvlId="38" HierarchyLvlTypeId="9" Intrnl_Id="191" Name="test1a1">
<Header>
<Loc EndOffset="191" SrcFileId="3" StartOffset="162"/>
</Header>
<LocList>
<Loc EndOffset="376" SrcFileId="3" StartOffset="162"/>
</LocList>
<StmntSeq Intrnl_Id="192">
<LocList>
<Loc EndOffset="262" SrcFileId="3" StartOffset="197"/>
<Loc EndOffset="305" SrcFileId="3" StartOffset="267"/>
<Loc EndOffset="372" SrcFileId="3" StartOffset="310"/>
</LocList>
<BasicStmnt CovItemId="S1" CovItemPrefix="BBSecurityEquivalenceTest.java" Intrnl_Id="193">
<LocList>
<Loc EndOffset="262" SrcFileId="3" StartOffset="197"/>
</LocList>
</BasicStmnt>
<BasicStmnt CovItemId="S2" CovItemPrefix="BBSecurityEquivalenceTest.java" Intrnl_Id="194">
<LocList>
<Loc EndOffset="305" SrcFileId="3" StartOffset="267"/>
</LocList>
</BasicStmnt>
<BasicStmnt CovItemId="S3" CovItemPrefix="BBSecurityEquivalenceTest.java" Intrnl_Id="195">
<LocList>
<Loc EndOffset="372" SrcFileId="3" StartOffset="310"/>
</LocList>
</BasicStmnt>
</StmntSeq>
</HierarchyLvl>
<HierarchyLvl HierarchyLvlId="39" HierarchyLvlTypeId="9" Intrnl_Id="196" Name="test1a2">
<Header>
<Loc EndOffset="408" SrcFileId="3" StartOffset="379"/>
</Header>
<LocList>
<Loc EndOffset="538" SrcFileId="3" StartOffset="379"/>
</LocList>
<StmntSeq Intrnl_Id="197">
<LocList>
<Loc EndOffset="433" SrcFileId="3" StartOffset="414"/>
<Loc EndOffset="476" SrcFileId="3" StartOffset="438"/>
<Loc EndOffset="534" SrcFileId="3" StartOffset="481"/>
</LocList>
<BasicStmnt CovItemId="S4" CovItemPrefix="BBSecurityEquivalenceTest.java" Intrnl_Id="198">
<LocList>
<Loc EndOffset="433" SrcFileId="3" StartOffset="414"/>
</LocList>
</BasicStmnt>
<BasicStmnt CovItemId="S5" CovItemPrefix="BBSecurityEquivalenceTest.java" Intrnl_Id="199">
<LocList>
<Loc EndOffset="476" SrcFileId="3" StartOffset="438"/>
</LocList>
</BasicStmnt>
<BasicStmnt CovItemId="S6" CovItemPrefix="BBSecurityEquivalenceTest.java" Intrnl_Id="200">
<LocList>
<Loc EndOffset="534" SrcFileId="3" StartOffset="481"/>
</LocList>
</BasicStmnt>
</StmntSeq>
</HierarchyLvl>
<HierarchyLvl HierarchyLvlId="40" HierarchyLvlTypeId="9" Intrnl_Id="201" Name="test1a3">
<Header>
<Loc EndOffset="570" SrcFileId="3" StartOffset="541"/>
</Header>
<LocList>
<Loc EndOffset="705" SrcFileId="3" StartOffset="541"/>
</LocList>
<StmntSeq Intrnl_Id="202">
<LocList>
<Loc EndOffset="600" SrcFileId="3" StartOffset="576"/>
<Loc EndOffset="643" SrcFileId="3" StartOffset="605"/>
<Loc EndOffset="701" SrcFileId="3" StartOffset="648"/>
</LocList>
<BasicStmnt CovItemId="S7" CovItemPrefix="BBSecurityEquivalenceTest.java" Intrnl_Id="203">
<LocList>
<Loc EndOffset="600" SrcFileId="3" StartOffset="576"/>
</LocList>
</BasicStmnt>
<BasicStmnt CovItemId="S8" CovItemPrefix="BBSecurityEquivalenceTest.java" Intrnl_Id="204">
<LocList>
<Loc EndOffset="643" SrcFileId="3" StartOffset="605"/>
</LocList>
</BasicStmnt>
<BasicStmnt CovItemId="S9" CovItemPrefix="BBSecurityEquivalenceTest.java" Intrnl_Id="205">
<LocList>
<Loc EndOffset="701" SrcFileId="3" StartOffset="648"/>
</LocList>
</BasicStmnt>
</StmntSeq>
</HierarchyLvl>
<HierarchyLvl HierarchyLvlId="41" HierarchyLvlTypeId="9" Intrnl_Id="206" Name="test1a4">
<Header>
<Loc EndOffset="737" SrcFileId="3" StartOffset="708"/>
</Header>
<LocList>
<Loc EndOffset="877" SrcFileId="3" StartOffset="708"/>
</LocList>
<StmntSeq Intrnl_Id="207">
<LocList>
<Loc EndOffset="772" SrcFileId="3" StartOffset="743"/>
<Loc EndOffset="815" SrcFileId="3" StartOffset="777"/>
<Loc EndOffset="873" SrcFileId="3" StartOffset="820"/>
</LocList>
<BasicStmnt CovItemId="S10" CovItemPrefix="BBSecurityEquivalenceTest.java" Intrnl_Id="208">
<LocList>
<Loc EndOffset="772" SrcFileId="3" StartOffset="743"/>
</LocList>
</BasicStmnt>
<BasicStmnt CovItemId="S11" CovItemPrefix="BBSecurityEquivalenceTest.java" Intrnl_Id="209">
<LocList>
<Loc EndOffset="815" SrcFileId="3" StartOffset="777"/>
</LocList>
</BasicStmnt>
<BasicStmnt CovItemId="S12" CovItemPrefix="BBSecurityEquivalenceTest.java" Intrnl_Id="210">
<LocList>
<Loc EndOffset="873" SrcFileId="3" StartOffset="820"/>
</LocList>
</BasicStmnt>
</StmntSeq>
</HierarchyLvl>
<HierarchyLvl HierarchyLvlId="42" HierarchyLvlTypeId="9" Intrnl_Id="211" Name="test1a5">
<Header>
<Loc EndOffset="909" SrcFileId="3" StartOffset="880"/>
</Header>
<LocList>
<Loc EndOffset="1055" SrcFileId="3" StartOffset="880"/>
</LocList>
<StmntSeq Intrnl_Id="212">
<LocList>
<Loc EndOffset="950" SrcFileId="3" StartOffset="915"/>
<Loc EndOffset="993" SrcFileId="3" StartOffset="955"/>
<Loc EndOffset="1051" SrcFileId="3" StartOffset="998"/>
</LocList>
<BasicStmnt CovItemId="S13" CovItemPrefix="BBSecurityEquivalenceTest.java" Intrnl_Id="213">
<LocList>
<Loc EndOffset="950" SrcFileId="3" StartOffset="915"/>
</LocList>
</BasicStmnt>
<BasicStmnt CovItemId="S14" CovItemPrefix="BBSecurityEquivalenceTest.java" Intrnl_Id="214">
<LocList>
<Loc EndOffset="993" SrcFileId="3" StartOffset="955"/>
</LocList>
</BasicStmnt>
<BasicStmnt CovItemId="S15" CovItemPrefix="BBSecurityEquivalenceTest.java" Intrnl_Id="215">
<LocList>
<Loc EndOffset="1051" SrcFileId="3" StartOffset="998"/>
</LocList>
</BasicStmnt>
</StmntSeq>
</HierarchyLvl>
<HierarchyLvl HierarchyLvlId="43" HierarchyLvlTypeId="9" Intrnl_Id="216" Name="test1a6">
<Header>
<Loc EndOffset="1087" SrcFileId="3" StartOffset="1058"/>
</Header>
<LocList>
<Loc EndOffset="1237" SrcFileId="3" StartOffset="1058"/>
</LocList>
<StmntSeq Intrnl_Id="217">
<LocList>
<Loc EndOffset="1132" SrcFileId="3" StartOffset="1093"/>
<Loc EndOffset="1175" SrcFileId="3" StartOffset="1137"/>
<Loc EndOffset="1233" SrcFileId="3" StartOffset="1180"/>
</LocList>
<BasicStmnt CovItemId="S16" CovItemPrefix="BBSecurityEquivalenceTest.java" Intrnl_Id="218">
<LocList>
<Loc EndOffset="1132" SrcFileId="3" StartOffset="1093"/>
</LocList>
</BasicStmnt>
<BasicStmnt CovItemId="S17" CovItemPrefix="BBSecurityEquivalenceTest.java" Intrnl_Id="219">
<LocList>
<Loc EndOffset="1175" SrcFileId="3" StartOffset="1137"/>
</LocList>
</BasicStmnt>
<BasicStmnt CovItemId="S18" CovItemPrefix="BBSecurityEquivalenceTest.java" Intrnl_Id="220">
<LocList>
<Loc EndOffset="1233" SrcFileId="3" StartOffset="1180"/>
</LocList>
</BasicStmnt>
</StmntSeq>
</HierarchyLvl>
<HierarchyLvl HierarchyLvlId="44" HierarchyLvlTypeId="9" Intrnl_Id="221" Name="test1a7">
<Header>
<Loc EndOffset="1269" SrcFileId="3" StartOffset="1240"/>
</Header>
<LocList>
<Loc EndOffset="1424" SrcFileId="3" StartOffset="1240"/>
</LocList>
<StmntSeq Intrnl_Id="222">
<LocList>
<Loc EndOffset="1319" SrcFileId="3" StartOffset="1275"/>
<Loc EndOffset="1362" SrcFileId="3" StartOffset="1324"/>
<Loc EndOffset="1420" SrcFileId="3" StartOffset="1367"/>
</LocList>
<BasicStmnt CovItemId="S19" CovItemPrefix="BBSecurityEquivalenceTest.java" Intrnl_Id="223">
<LocList>
<Loc EndOffset="1319" SrcFileId="3" StartOffset="1275"/>
</LocList>
</BasicStmnt>
<BasicStmnt CovItemId="S20" CovItemPrefix="BBSecurityEquivalenceTest.java" Intrnl_Id="224">
<LocList>
<Loc EndOffset="1362" SrcFileId="3" StartOffset="1324"/>
</LocList>
</BasicStmnt>
<BasicStmnt CovItemId="S21" CovItemPrefix="BBSecurityEquivalenceTest.java" Intrnl_Id="225">
<LocList>
<Loc EndOffset="1420" SrcFileId="3" StartOffset="1367"/>
</LocList>
</BasicStmnt>
</StmntSeq>
</HierarchyLvl>
<HierarchyLvl HierarchyLvlId="45" HierarchyLvlTypeId="9" Intrnl_Id="226" Name="test1a8">
<Header>
<Loc EndOffset="1456" SrcFileId="3" StartOffset="1427"/>
</Header>
<LocList>
<Loc EndOffset="1618" SrcFileId="3" StartOffset="1427"/>
</LocList>
<StmntSeq Intrnl_Id="227">
<LocList>
<Loc EndOffset="1513" SrcFileId="3" StartOffset="1462"/>
<Loc EndOffset="1556" SrcFileId="3" StartOffset="1518"/>
<Loc EndOffset="1614" SrcFileId="3" StartOffset="1561"/>
</LocList>
<BasicStmnt CovItemId="S22" CovItemPrefix="BBSecurityEquivalenceTest.java" Intrnl_Id="228">
<LocList>
<Loc EndOffset="1513" SrcFileId="3" StartOffset="1462"/>
</LocList>
</BasicStmnt>
<BasicStmnt CovItemId="S23" CovItemPrefix="BBSecurityEquivalenceTest.java" Intrnl_Id="229">
<LocList>
<Loc EndOffset="1556" SrcFileId="3" StartOffset="1518"/>
</LocList>
</BasicStmnt>
<BasicStmnt CovItemId="S24" CovItemPrefix="BBSecurityEquivalenceTest.java" Intrnl_Id="230">
<LocList>
<Loc EndOffset="1614" SrcFileId="3" StartOffset="1561"/>
</LocList>
</BasicStmnt>
</StmntSeq>
</HierarchyLvl>
<HierarchyLvl HierarchyLvlId="46" HierarchyLvlTypeId="9" Intrnl_Id="231" Name="test1a9">
<Header>
<Loc EndOffset="1650" SrcFileId="3" StartOffset="1621"/>
</Header>
<LocList>
<Loc EndOffset="1817" SrcFileId="3" StartOffset="1621"/>
</LocList>
<StmntSeq Intrnl_Id="232">
<LocList>
<Loc EndOffset="1712" SrcFileId="3" StartOffset="1656"/>
<Loc EndOffset="1755" SrcFileId="3" StartOffset="1717"/>
<Loc EndOffset="1813" SrcFileId="3" StartOffset="1760"/>
</LocList>
<BasicStmnt CovItemId="S25" CovItemPrefix="BBSecurityEquivalenceTest.java" Intrnl_Id="233">
<LocList>
<Loc EndOffset="1712" SrcFileId="3" StartOffset="1656"/>
</LocList>
</BasicStmnt>
<BasicStmnt CovItemId="S26" CovItemPrefix="BBSecurityEquivalenceTest.java" Intrnl_Id="234">
<LocList>
<Loc EndOffset="1755" SrcFileId="3" StartOffset="1717"/>
</LocList>
</BasicStmnt>
<BasicStmnt CovItemId="S27" CovItemPrefix="BBSecurityEquivalenceTest.java" Intrnl_Id="235">
<LocList>
<Loc EndOffset="1813" SrcFileId="3" StartOffset="1760"/>
</LocList>
</BasicStmnt>
</StmntSeq>
</HierarchyLvl>
<HierarchyLvl HierarchyLvlId="47" HierarchyLvlTypeId="9" Intrnl_Id="236" Name="test1a10">
<Header>
<Loc EndOffset="1850" SrcFileId="3" StartOffset="1820"/>
</Header>
<LocList>
<Loc EndOffset="2010" SrcFileId="3" StartOffset="1820"/>
</LocList>
<StmntSeq Intrnl_Id="237">
<LocList>
<Loc EndOffset="1905" SrcFileId="3" StartOffset="1856"/>
<Loc EndOffset="1948" SrcFileId="3" StartOffset="1910"/>
<Loc EndOffset="2006" SrcFileId="3" StartOffset="1953"/>
</LocList>
<BasicStmnt CovItemId="S28" CovItemPrefix="BBSecurityEquivalenceTest.java" Intrnl_Id="238">
<LocList>
<Loc EndOffset="1905" SrcFileId="3" StartOffset="1856"/>
</LocList>
</BasicStmnt>
<BasicStmnt CovItemId="S29" CovItemPrefix="BBSecurityEquivalenceTest.java" Intrnl_Id="239">
<LocList>
<Loc EndOffset="1948" SrcFileId="3" StartOffset="1910"/>
</LocList>
</BasicStmnt>
<BasicStmnt CovItemId="S30" CovItemPrefix="BBSecurityEquivalenceTest.java" Intrnl_Id="240">
<LocList>
<Loc EndOffset="2006" SrcFileId="3" StartOffset="1953"/>
</LocList>
</BasicStmnt>
</StmntSeq>
</HierarchyLvl>
</HierarchyLvl>
<HierarchyLvl HierarchyLvlId="62" HierarchyLvlTypeId="10" Intrnl_Id="241" Name="BBSecurityBoundaryTest">
<Header>
<Loc EndOffset="104" SrcFileId="4" StartOffset="69"/>
</Header>
<LocList>
<Loc EndOffset="2630" SrcFileId="4" StartOffset="69"/>
</LocList>
<HierarchyLvl HierarchyLvlId="49" HierarchyLvlTypeId="9" Intrnl_Id="242" Name="test1b1">
<Header>
<Loc EndOffset="187" SrcFileId="4" StartOffset="158"/>
</Header>
<LocList>
<Loc EndOffset="403" SrcFileId="4" StartOffset="158"/>
</LocList>
<StmntSeq Intrnl_Id="243">
<LocList>
<Loc EndOffset="276" SrcFileId="4" StartOffset="193"/>
<Loc EndOffset="319" SrcFileId="4" StartOffset="281"/>
<Loc EndOffset="399" SrcFileId="4" StartOffset="324"/>
</LocList>
<BasicStmnt CovItemId="S1" CovItemPrefix="BBSecurityBoundaryTest.java" Intrnl_Id="244">
<LocList>
<Loc EndOffset="276" SrcFileId="4" StartOffset="193"/>
</LocList>
</BasicStmnt>
<BasicStmnt CovItemId="S2" CovItemPrefix="BBSecurityBoundaryTest.java" Intrnl_Id="245">
<LocList>
<Loc EndOffset="319" SrcFileId="4" StartOffset="281"/>
</LocList>
</BasicStmnt>
<BasicStmnt CovItemId="S3" CovItemPrefix="BBSecurityBoundaryTest.java" Intrnl_Id="246">
<LocList>
<Loc EndOffset="399" SrcFileId="4" StartOffset="324"/>
</LocList>
</BasicStmnt>
</StmntSeq>
</HierarchyLvl>
<HierarchyLvl HierarchyLvlId="50" HierarchyLvlTypeId="9" Intrnl_Id="247" Name="test1b2">
<Header>
<Loc EndOffset="435" SrcFileId="4" StartOffset="406"/>
</Header>
<LocList>
<Loc EndOffset="568" SrcFileId="4" StartOffset="406"/>
</LocList>
<StmntSeq Intrnl_Id="248">
<LocList>
<Loc EndOffset="463" SrcFileId="4" StartOffset="441"/>
<Loc EndOffset="506" SrcFileId="4" StartOffset="468"/>
<Loc EndOffset="564" SrcFileId="4" StartOffset="511"/>
</LocList>
<BasicStmnt CovItemId="S4" CovItemPrefix="BBSecurityBoundaryTest.java" Intrnl_Id="249">
<LocList>
<Loc EndOffset="463" SrcFileId="4" StartOffset="441"/>
</LocList>
</BasicStmnt>
<BasicStmnt CovItemId="S5" CovItemPrefix="BBSecurityBoundaryTest.java" Intrnl_Id="250">
<LocList>
<Loc EndOffset="506" SrcFileId="4" StartOffset="468"/>
</LocList>
</BasicStmnt>
<BasicStmnt CovItemId="S6" CovItemPrefix="BBSecurityBoundaryTest.java" Intrnl_Id="251">
<LocList>
<Loc EndOffset="564" SrcFileId="4" StartOffset="511"/>
</LocList>
</BasicStmnt>
</StmntSeq>
</HierarchyLvl>
<HierarchyLvl HierarchyLvlId="51" HierarchyLvlTypeId="9" Intrnl_Id="252" Name="test1b3">
<Header>
<Loc EndOffset="600" SrcFileId="4" StartOffset="571"/>
</Header>
<LocList>
<Loc EndOffset="738" SrcFileId="4" StartOffset="571"/>
</LocList>
<StmntSeq Intrnl_Id="253">
<LocList>
<Loc EndOffset="633" SrcFileId="4" StartOffset="606"/>
<Loc EndOffset="676" SrcFileId="4" StartOffset="638"/>
<Loc EndOffset="734" SrcFileId="4" StartOffset="681"/>
</LocList>
<BasicStmnt CovItemId="S7" CovItemPrefix="BBSecurityBoundaryTest.java" Intrnl_Id="254">
<LocList>
<Loc EndOffset="633" SrcFileId="4" StartOffset="606"/>
</LocList>
</BasicStmnt>
<BasicStmnt CovItemId="S8" CovItemPrefix="BBSecurityBoundaryTest.java" Intrnl_Id="255">
<LocList>
<Loc EndOffset="676" SrcFileId="4" StartOffset="638"/>
</LocList>
</BasicStmnt>
<BasicStmnt CovItemId="S9" CovItemPrefix="BBSecurityBoundaryTest.java" Intrnl_Id="256">
<LocList>
<Loc EndOffset="734" SrcFileId="4" StartOffset="681"/>
</LocList>
</BasicStmnt>
</StmntSeq>
</HierarchyLvl>
<HierarchyLvl HierarchyLvlId="52" HierarchyLvlTypeId="9" Intrnl_Id="257" Name="test1b4">
<Header>
<Loc EndOffset="770" SrcFileId="4" StartOffset="741"/>
</Header>
<LocList>
<Loc EndOffset="908" SrcFileId="4" StartOffset="741"/>
</LocList>
<StmntSeq Intrnl_Id="258">
<LocList>
<Loc EndOffset="803" SrcFileId="4" StartOffset="776"/>
<Loc EndOffset="846" SrcFileId="4" StartOffset="808"/>
<Loc EndOffset="904" SrcFileId="4" StartOffset="851"/>
</LocList>
<BasicStmnt CovItemId="S10" CovItemPrefix="BBSecurityBoundaryTest.java" Intrnl_Id="259">
<LocList>
<Loc EndOffset="803" SrcFileId="4" StartOffset="776"/>
</LocList>
</BasicStmnt>
<BasicStmnt CovItemId="S11" CovItemPrefix="BBSecurityBoundaryTest.java" Intrnl_Id="260">
<LocList>
<Loc EndOffset="846" SrcFileId="4" StartOffset="808"/>
</LocList>
</BasicStmnt>
<BasicStmnt CovItemId="S12" CovItemPrefix="BBSecurityBoundaryTest.java" Intrnl_Id="261">
<LocList>
<Loc EndOffset="904" SrcFileId="4" StartOffset="851"/>
</LocList>
</BasicStmnt>
</StmntSeq>
</HierarchyLvl>
<HierarchyLvl HierarchyLvlId="53" HierarchyLvlTypeId="9" Intrnl_Id="262" Name="test1b5">
<Header>
<Loc EndOffset="940" SrcFileId="4" StartOffset="911"/>
</Header>
<LocList>
<Loc EndOffset="1083" SrcFileId="4" StartOffset="911"/>
</LocList>
<StmntSeq Intrnl_Id="263">
<LocList>
<Loc EndOffset="978" SrcFileId="4" StartOffset="946"/>
<Loc EndOffset="1021" SrcFileId="4" StartOffset="983"/>
<Loc EndOffset="1079" SrcFileId="4" StartOffset="1026"/>
</LocList>
<BasicStmnt CovItemId="S13" CovItemPrefix="BBSecurityBoundaryTest.java" Intrnl_Id="264">
<LocList>
<Loc EndOffset="978" SrcFileId="4" StartOffset="946"/>
</LocList>
</BasicStmnt>
<BasicStmnt CovItemId="S14" CovItemPrefix="BBSecurityBoundaryTest.java" Intrnl_Id="265">
<LocList>
<Loc EndOffset="1021" SrcFileId="4" StartOffset="983"/>
</LocList>
</BasicStmnt>
<BasicStmnt CovItemId="S15" CovItemPrefix="BBSecurityBoundaryTest.java" Intrnl_Id="266">
<LocList>
<Loc EndOffset="1079" SrcFileId="4" StartOffset="1026"/>
</LocList>
</BasicStmnt>
</StmntSeq>
</HierarchyLvl>
<HierarchyLvl HierarchyLvlId="54" HierarchyLvlTypeId="9" Intrnl_Id="267" Name="test1b6">
<Header>
<Loc EndOffset="1115" SrcFileId="4" StartOffset="1086"/>
</Header>
<LocList>
<Loc EndOffset="1257" SrcFileId="4" StartOffset="1086"/>
</LocList>
<StmntSeq Intrnl_Id="268">
<LocList>
<Loc EndOffset="1152" SrcFileId="4" StartOffset="1121"/>
<Loc EndOffset="1195" SrcFileId="4" StartOffset="1157"/>
<Loc EndOffset="1253" SrcFileId="4" StartOffset="1200"/>
</LocList>
<BasicStmnt CovItemId="S16" CovItemPrefix="BBSecurityBoundaryTest.java" Intrnl_Id="269">
<LocList>
<Loc EndOffset="1152" SrcFileId="4" StartOffset="1121"/>
</LocList>
</BasicStmnt>
<BasicStmnt CovItemId="S17" CovItemPrefix="BBSecurityBoundaryTest.java" Intrnl_Id="270">
<LocList>
<Loc EndOffset="1195" SrcFileId="4" StartOffset="1157"/>
</LocList>
</BasicStmnt>
<BasicStmnt CovItemId="S18" CovItemPrefix="BBSecurityBoundaryTest.java" Intrnl_Id="271">
<LocList>
<Loc EndOffset="1253" SrcFileId="4" StartOffset="1200"/>
</LocList>
</BasicStmnt>
</StmntSeq>
</HierarchyLvl>
<HierarchyLvl HierarchyLvlId="55" HierarchyLvlTypeId="9" Intrnl_Id="272" Name="test1b7">
<Header>
<Loc EndOffset="1289" SrcFileId="4" StartOffset="1260"/>
</Header>
<LocList>
<Loc EndOffset="1436" SrcFileId="4" StartOffset="1260"/>
</LocList>
<StmntSeq Intrnl_Id="273">
<LocList>
<Loc EndOffset="1331" SrcFileId="4" StartOffset="1295"/>
<Loc EndOffset="1374" SrcFileId="4" StartOffset="1336"/>
<Loc EndOffset="1432" SrcFileId="4" StartOffset="1379"/>
</LocList>
<BasicStmnt CovItemId="S19" CovItemPrefix="BBSecurityBoundaryTest.java" Intrnl_Id="274">
<LocList>
<Loc EndOffset="1331" SrcFileId="4" StartOffset="1295"/>
</LocList>
</BasicStmnt>
<BasicStmnt CovItemId="S20" CovItemPrefix="BBSecurityBoundaryTest.java" Intrnl_Id="275">
<LocList>
<Loc EndOffset="1374" SrcFileId="4" StartOffset="1336"/>
</LocList>
</BasicStmnt>
<BasicStmnt CovItemId="S21" CovItemPrefix="BBSecurityBoundaryTest.java" Intrnl_Id="276">
<LocList>
<Loc EndOffset="1432" SrcFileId="4" StartOffset="1379"/>
</LocList>
</BasicStmnt>
</StmntSeq>
</HierarchyLvl>
<HierarchyLvl HierarchyLvlId="56" HierarchyLvlTypeId="9" Intrnl_Id="277" Name="test1b8">
<Header>
<Loc EndOffset="1468" SrcFileId="4" StartOffset="1439"/>
</Header>
<LocList>
<Loc EndOffset="1618" SrcFileId="4" StartOffset="1439"/>
</LocList>
<StmntSeq Intrnl_Id="278">
<LocList>
<Loc EndOffset="1513" SrcFileId="4" StartOffset="1474"/>
<Loc EndOffset="1556" SrcFileId="4" StartOffset="1518"/>
<Loc EndOffset="1614" SrcFileId="4" StartOffset="1561"/>
</LocList>
<BasicStmnt CovItemId="S22" CovItemPrefix="BBSecurityBoundaryTest.java" Intrnl_Id="279">
<LocList>
<Loc EndOffset="1513" SrcFileId="4" StartOffset="1474"/>
</LocList>
</BasicStmnt>
<BasicStmnt CovItemId="S23" CovItemPrefix="BBSecurityBoundaryTest.java" Intrnl_Id="280">
<LocList>
<Loc EndOffset="1556" SrcFileId="4" StartOffset="1518"/>
</LocList>
</BasicStmnt>
<BasicStmnt CovItemId="S24" CovItemPrefix="BBSecurityBoundaryTest.java" Intrnl_Id="281">
<LocList>
<Loc EndOffset="1614" SrcFileId="4" StartOffset="1561"/>
</LocList>
</BasicStmnt>
</StmntSeq>
</HierarchyLvl>
<HierarchyLvl HierarchyLvlId="57" HierarchyLvlTypeId="9" Intrnl_Id="282" Name="test1b9">
<Header>
<Loc EndOffset="1650" SrcFileId="4" StartOffset="1621"/>
</Header>
<LocList>
<Loc EndOffset="1805" SrcFileId="4" StartOffset="1621"/>
</LocList>
<StmntSeq Intrnl_Id="283">
<LocList>
<Loc EndOffset="1700" SrcFileId="4" StartOffset="1656"/>
<Loc EndOffset="1743" SrcFileId="4" StartOffset="1705"/>
<Loc EndOffset="1801" SrcFileId="4" StartOffset="1748"/>
</LocList>
<BasicStmnt CovItemId="S25" CovItemPrefix="BBSecurityBoundaryTest.java" Intrnl_Id="284">
<LocList>
<Loc EndOffset="1700" SrcFileId="4" StartOffset="1656"/>
</LocList>
</BasicStmnt>
<BasicStmnt CovItemId="S26" CovItemPrefix="BBSecurityBoundaryTest.java" Intrnl_Id="285">
<LocList>
<Loc EndOffset="1743" SrcFileId="4" StartOffset="1705"/>
</LocList>
</BasicStmnt>
<BasicStmnt CovItemId="S27" CovItemPrefix="BBSecurityBoundaryTest.java" Intrnl_Id="286">
<LocList>
<Loc EndOffset="1801" SrcFileId="4" StartOffset="1748"/>
</LocList>
</BasicStmnt>
</StmntSeq>
</HierarchyLvl>
<HierarchyLvl HierarchyLvlId="58" HierarchyLvlTypeId="9" Intrnl_Id="287" Name="test1b10">
<Header>
<Loc EndOffset="1838" SrcFileId="4" StartOffset="1808"/>
</Header>
<LocList>
<Loc EndOffset="1993" SrcFileId="4" StartOffset="1808"/>
</LocList>
<StmntSeq Intrnl_Id="288">
<LocList>
<Loc EndOffset="1888" SrcFileId="4" StartOffset="1844"/>
<Loc EndOffset="1931" SrcFileId="4" StartOffset="1893"/>
<Loc EndOffset="1989" SrcFileId="4" StartOffset="1936"/>
</LocList>
<BasicStmnt CovItemId="S28" CovItemPrefix="BBSecurityBoundaryTest.java" Intrnl_Id="289">
<LocList>
<Loc EndOffset="1888" SrcFileId="4" StartOffset="1844"/>
</LocList>
</BasicStmnt>
<BasicStmnt CovItemId="S29" CovItemPrefix="BBSecurityBoundaryTest.java" Intrnl_Id="290">
<LocList>
<Loc EndOffset="1931" SrcFileId="4" StartOffset="1893"/>
</LocList>
</BasicStmnt>
<BasicStmnt CovItemId="S30" CovItemPrefix="BBSecurityBoundaryTest.java" Intrnl_Id="291">
<LocList>
<Loc EndOffset="1989" SrcFileId="4" StartOffset="1936"/>
</LocList>
</BasicStmnt>
</StmntSeq>
</HierarchyLvl>
<HierarchyLvl HierarchyLvlId="59" HierarchyLvlTypeId="9" Intrnl_Id="292" Name="test1b11">
<Header>
<Loc EndOffset="2026" SrcFileId="4" StartOffset="1996"/>
</Header>
<LocList>
<Loc EndOffset="2186" SrcFileId="4" StartOffset="1996"/>
</LocList>
<StmntSeq Intrnl_Id="293">
<LocList>
<Loc EndOffset="2081" SrcFileId="4" StartOffset="2032"/>
<Loc EndOffset="2124" SrcFileId="4" StartOffset="2086"/>
<Loc EndOffset="2182" SrcFileId="4" StartOffset="2129"/>
</LocList>
<BasicStmnt CovItemId="S31" CovItemPrefix="BBSecurityBoundaryTest.java" Intrnl_Id="294">
<LocList>
<Loc EndOffset="2081" SrcFileId="4" StartOffset="2032"/>
</LocList>
</BasicStmnt>
<BasicStmnt CovItemId="S32" CovItemPrefix="BBSecurityBoundaryTest.java" Intrnl_Id="295">
<LocList>
<Loc EndOffset="2124" SrcFileId="4" StartOffset="2086"/>
</LocList>
</BasicStmnt>
<BasicStmnt CovItemId="S33" CovItemPrefix="BBSecurityBoundaryTest.java" Intrnl_Id="296">
<LocList>
<Loc EndOffset="2182" SrcFileId="4" StartOffset="2129"/>
</LocList>
</BasicStmnt>
</StmntSeq>
</HierarchyLvl>
<HierarchyLvl HierarchyLvlId="60" HierarchyLvlTypeId="9" Intrnl_Id="297" Name="test1b12">
<Header>
<Loc EndOffset="2219" SrcFileId="4" StartOffset="2189"/>
</Header>
<LocList>
<Loc EndOffset="2381" SrcFileId="4" StartOffset="2189"/>
</LocList>
<StmntSeq Intrnl_Id="298">
<LocList>
<Loc EndOffset="2276" SrcFileId="4" StartOffset="2225"/>
<Loc EndOffset="2319" SrcFileId="4" StartOffset="2281"/>
<Loc EndOffset="2377" SrcFileId="4" StartOffset="2324"/>
</LocList>
<BasicStmnt CovItemId="S34" CovItemPrefix="BBSecurityBoundaryTest.java" Intrnl_Id="299">
<LocList>
<Loc EndOffset="2276" SrcFileId="4" StartOffset="2225"/>
</LocList>
</BasicStmnt>
<BasicStmnt CovItemId="S35" CovItemPrefix="BBSecurityBoundaryTest.java" Intrnl_Id="300">
<LocList>
<Loc EndOffset="2319" SrcFileId="4" StartOffset="2281"/>
</LocList>
</BasicStmnt>
<BasicStmnt CovItemId="S36" CovItemPrefix="BBSecurityBoundaryTest.java" Intrnl_Id="301">
<LocList>
<Loc EndOffset="2377" SrcFileId="4" StartOffset="2324"/>
</LocList>
</BasicStmnt>
</StmntSeq>
</HierarchyLvl>
<HierarchyLvl HierarchyLvlId="61" HierarchyLvlTypeId="9" Intrnl_Id="302" Name="test1b13">
<Header>
<Loc EndOffset="2414" SrcFileId="4" StartOffset="2384"/>
</Header>
<LocList>
<Loc EndOffset="2580" SrcFileId="4" StartOffset="2384"/>
</LocList>
<StmntSeq Intrnl_Id="303">
<LocList>
<Loc EndOffset="2475" SrcFileId="4" StartOffset="2420"/>
<Loc EndOffset="2518" SrcFileId="4" StartOffset="2480"/>
<Loc EndOffset="2576" SrcFileId="4" StartOffset="2523"/>
</LocList>
<BasicStmnt CovItemId="S37" CovItemPrefix="BBSecurityBoundaryTest.java" Intrnl_Id="304">
<LocList>
<Loc EndOffset="2475" SrcFileId="4" StartOffset="2420"/>
</LocList>
</BasicStmnt>
<BasicStmnt CovItemId="S38" CovItemPrefix="BBSecurityBoundaryTest.java" Intrnl_Id="305">
<LocList>
<Loc EndOffset="2518" SrcFileId="4" StartOffset="2480"/>
</LocList>
</BasicStmnt>
<BasicStmnt CovItemId="S39" CovItemPrefix="BBSecurityBoundaryTest.java" Intrnl_Id="306">
<LocList>
<Loc EndOffset="2576" SrcFileId="4" StartOffset="2523"/>
</LocList>
</BasicStmnt>
</StmntSeq>
</HierarchyLvl>
</HierarchyLvl>
<HierarchyLvl HierarchyLvlId="69" HierarchyLvlTypeId="10" Intrnl_Id="307" Name="BBSecurity">
<Header>
<Loc EndOffset="2293" SrcFileId="5" StartOffset="2277"/>
</Header>
<LocList>
<Loc EndOffset="7019" SrcFileId="5" StartOffset="2277"/>
</LocList>
<HierarchyLvl HierarchyLvlId="63" HierarchyLvlTypeId="9" Intrnl_Id="308" Name="BBSecurity">
<Header>
<Loc EndOffset="2529" SrcFileId="5" StartOffset="2496"/>
</Header>
<LocList>
<Loc EndOffset="5553" SrcFileId="5" StartOffset="2496"/>
</LocList>
<StmntSeq Intrnl_Id="309">
<LocList>
<Loc EndOffset="2553" SrcFileId="5" StartOffset="2535"/>
<Loc EndOffset="5549" SrcFileId="5" StartOffset="2558"/>
</LocList>
<BasicStmnt CovItemId="S1" CovItemPrefix="BBSecurity.java" Intrnl_Id="310">
<LocList>
<Loc EndOffset="2553" SrcFileId="5" StartOffset="2535"/>
</LocList>
</BasicStmnt>
<CondStmnt CovItemId="S2" CovItemPrefix="BBSecurity.java" Intrnl_Id="311">
<Branch CovItemId="B1" CovItemPrefix="BBSecurity.java" Implct="false" Intrnl_Id="312">
<Cond/>
<LocList>
<Loc EndOffset="2622" SrcFileId="5" StartOffset="2577"/>
</LocList>
<StmntSeq Intrnl_Id="313">
<LocList>
<Loc EndOffset="2616" SrcFileId="5" StartOffset="2585"/>
</LocList>
<BasicStmnt CovItemId="S3" CovItemPrefix="BBSecurity.java" Intrnl_Id="314">
<LocList>
<Loc EndOffset="2616" SrcFileId="5" StartOffset="2585"/>
</LocList>
</BasicStmnt>
</StmntSeq>
</Branch>
<Branch CovItemId="B2" CovItemPrefix="BBSecurity.java" Implct="false" Intrnl_Id="315">
<Cond>
<Loc EndOffset="2627" SrcFileId="5" StartOffset="2623"/>
</Cond>
<LocList>
<Loc EndOffset="5549" SrcFileId="5" StartOffset="2628"/>
</LocList>
<StmntSeq Intrnl_Id="316">
<LocList>
<Loc EndOffset="2658" SrcFileId="5" StartOffset="2636"/>
<Loc EndOffset="2687" SrcFileId="5" StartOffset="2665"/>
<Loc EndOffset="2716" SrcFileId="5" StartOffset="2694"/>
<Loc EndOffset="2827" SrcFileId="5" StartOffset="2723"/>
<Loc EndOffset="2979" SrcFileId="5" StartOffset="2834"/>
<Loc EndOffset="3131" SrcFileId="5" StartOffset="2986"/>
<Loc EndOffset="3204" SrcFileId="5" StartOffset="3138"/>
<Loc EndOffset="3278" SrcFileId="5" StartOffset="3211"/>
<Loc EndOffset="3352" SrcFileId="5" StartOffset="3285"/>
<Loc EndOffset="5543" SrcFileId="5" StartOffset="3359"/>
</LocList>
<BasicStmnt CovItemId="S4" CovItemPrefix="BBSecurity.java" Intrnl_Id="317">
<LocList>
<Loc EndOffset="2658" SrcFileId="5" StartOffset="2636"/>
</LocList>
</BasicStmnt>
<BasicStmnt CovItemId="S5" CovItemPrefix="BBSecurity.java" Intrnl_Id="318">
<LocList>
<Loc EndOffset="2687" SrcFileId="5" StartOffset="2665"/>
</LocList>
</BasicStmnt>
<BasicStmnt CovItemId="S6" CovItemPrefix="BBSecurity.java" Intrnl_Id="319">
<LocList>
<Loc EndOffset="2716" SrcFileId="5" StartOffset="2694"/>
</LocList>
</BasicStmnt>
<CondStmnt CovItemId="S7" CovItemPrefix="BBSecurity.java" Intrnl_Id="320">
<Branch CovItemId="B3" CovItemPrefix="BBSecurity.java" Implct="true" Intrnl_Id="321">
<Cond/>
<LocList>
<Loc EndOffset="2775" SrcFileId="5" StartOffset="2727"/>
</LocList>
<StmntSeq Intrnl_Id="322">
<LocList>
<Loc EndOffset="2767" SrcFileId="5" StartOffset="2737"/>
</LocList>
<BasicStmnt CovItemId="S8" CovItemPrefix="BBSecurity.java" Intrnl_Id="323">
<LocList>
<Loc EndOffset="2767" SrcFileId="5" StartOffset="2737"/>
</LocList>
</BasicStmnt>
</StmntSeq>
</Branch>
<Branch CovItemId="B4" CovItemPrefix="BBSecurity.java" Implct="false" Intrnl_Id="324">
<Cond>
<Loc EndOffset="2794" SrcFileId="5" StartOffset="2776"/>
</Cond>
<LocList>
<Loc EndOffset="2827" SrcFileId="5" StartOffset="2794"/>
</LocList>
<StmntSeq Intrnl_Id="325">
<LocList>
<Loc EndOffset="2819" SrcFileId="5" StartOffset="2804"/>
</LocList>
<BasicStmnt CovItemId="S9" CovItemPrefix="BBSecurity.java" Intrnl_Id="326">
<LocList>
<Loc EndOffset="2819" SrcFileId="5" StartOffset="2804"/>
</LocList>
</BasicStmnt>
</StmntSeq>
</Branch>
<Keyword EndOffset="2726" SrcFileId="5" StartOffset="2723"/>
<LocList>
<Loc EndOffset="2827" SrcFileId="5" StartOffset="2723"/>
</LocList>
</CondStmnt>
<CondStmnt CovItemId="S10" CovItemPrefix="BBSecurity.java" Intrnl_Id="327">
<Branch CovItemId="B5" CovItemPrefix="BBSecurity.java" Implct="true" Intrnl_Id="328">
<Cond/>
<LocList>
<Loc EndOffset="2927" SrcFileId="5" StartOffset="2838"/>
</LocList>
<StmntSeq Intrnl_Id="329">
<LocList>
<Loc EndOffset="2878" SrcFileId="5" StartOffset="2848"/>
<Loc EndOffset="2919" SrcFileId="5" StartOffset="2887"/>
</LocList>
<BasicStmnt CovItemId="S11" CovItemPrefix="BBSecurity.java" Intrnl_Id="330">
<LocList>
<Loc EndOffset="2878" SrcFileId="5" StartOffset="2848"/>
</LocList>
</BasicStmnt>
<BasicStmnt CovItemId="S12" CovItemPrefix="BBSecurity.java" Intrnl_Id="331">
<LocList>
<Loc EndOffset="2919" SrcFileId="5" StartOffset="2887"/>
</LocList>
</BasicStmnt>
</StmntSeq>
</Branch>
<Branch CovItemId="B6" CovItemPrefix="BBSecurity.java" Implct="false" Intrnl_Id="332">
<Cond>
<Loc EndOffset="2946" SrcFileId="5" StartOffset="2928"/>
</Cond>
<LocList>
<Loc EndOffset="2979" SrcFileId="5" StartOffset="2946"/>
</LocList>
<StmntSeq Intrnl_Id="333">
<LocList>
<Loc EndOffset="2971" SrcFileId="5" StartOffset="2956"/>
</LocList>
<BasicStmnt CovItemId="S13" CovItemPrefix="BBSecurity.java" Intrnl_Id="334">
<LocList>
<Loc EndOffset="2971" SrcFileId="5" StartOffset="2956"/>
</LocList>
</BasicStmnt>
</StmntSeq>
</Branch>
<Keyword EndOffset="2837" SrcFileId="5" StartOffset="2834"/>
<LocList>
<Loc EndOffset="2979" SrcFileId="5" StartOffset="2834"/>
</LocList>
</CondStmnt>
<CondStmnt CovItemId="S14" CovItemPrefix="BBSecurity.java" Intrnl_Id="335">
<Branch CovItemId="B7" CovItemPrefix="BBSecurity.java" Implct="true" Intrnl_Id="336">
<Cond/>
<LocList>
<Loc EndOffset="3079" SrcFileId="5" StartOffset="2990"/>
</LocList>
<StmntSeq Intrnl_Id="337">
<LocList>
<Loc EndOffset="3030" SrcFileId="5" StartOffset="3000"/>
<Loc EndOffset="3071" SrcFileId="5" StartOffset="3039"/>
</LocList>
<BasicStmnt CovItemId="S15" CovItemPrefix="BBSecurity.java" Intrnl_Id="338">
<LocList>
<Loc EndOffset="3030" SrcFileId="5" StartOffset="3000"/>
</LocList>
</BasicStmnt>
<BasicStmnt CovItemId="S16" CovItemPrefix="BBSecurity.java" Intrnl_Id="339">
<LocList>
<Loc EndOffset="3071" SrcFileId="5" StartOffset="3039"/>
</LocList>
</BasicStmnt>
</StmntSeq>
</Branch>
<Branch CovItemId="B8" CovItemPrefix="BBSecurity.java" Implct="false" Intrnl_Id="340">
<Cond>
<Loc EndOffset="3098" SrcFileId="5" StartOffset="3080"/>
</Cond>
<LocList>
<Loc EndOffset="3131" SrcFileId="5" StartOffset="3098"/>
</LocList>
<StmntSeq Intrnl_Id="341">
<LocList>
<Loc EndOffset="3123" SrcFileId="5" StartOffset="3108"/>
</LocList>
<BasicStmnt CovItemId="S17" CovItemPrefix="BBSecurity.java" Intrnl_Id="342">
<LocList>
<Loc EndOffset="3123" SrcFileId="5" StartOffset="3108"/>
</LocList>
</BasicStmnt>
</StmntSeq>
</Branch>
<Keyword EndOffset="2989" SrcFileId="5" StartOffset="2986"/>
<LocList>
<Loc EndOffset="3131" SrcFileId="5" StartOffset="2986"/>
</LocList>
</CondStmnt>
<CondStmnt CovItemId="S18" CovItemPrefix="BBSecurity.java" Intrnl_Id="343">
<Branch CovItemId="B9" CovItemPrefix="BBSecurity.java" Implct="false" Intrnl_Id="344">
<Cond/>
<LocList>
<Loc EndOffset="3204" SrcFileId="5" StartOffset="3171"/>
</LocList>
<StmntSeq Intrnl_Id="345">
<LocList>
<Loc EndOffset="3196" SrcFileId="5" StartOffset="3181"/>
</LocList>
<BasicStmnt CovItemId="S19" CovItemPrefix="BBSecurity.java" Intrnl_Id="346">
<LocList>
<Loc EndOffset="3196" SrcFileId="5" StartOffset="3181"/>
</LocList>
</BasicStmnt>
</StmntSeq>
</Branch>
<Branch CovItemId="B10" CovItemPrefix="BBSecurity.java" Implct="true" Intrnl_Id="347">
<Cond/>
<LocList/>
<StmntSeq Intrnl_Id="348">
<LocList/>
</StmntSeq>
</Branch>
<Keyword EndOffset="3140" SrcFileId="5" StartOffset="3138"/>
<LocList>
<Loc EndOffset="3204" SrcFileId="5" StartOffset="3138"/>
</LocList>
<RootTerm CovItemId="C2" CovItemPrefix="BBSecurity.java" Intrnl_Id="349">
<OpTerm BooleanOpId="6" Intrnl_Id="350">
<BasicBoolTerm Intrnl_Id="351">
<LocList>
<Loc EndOffset="3147" SrcFileId="5" StartOffset="3141"/>
</LocList>
</BasicBoolTerm>
<OpTerm BooleanOpId="7" Intrnl_Id="352">
<BasicBoolTerm Intrnl_Id="353">
<LocList>
<Loc EndOffset="3155" SrcFileId="5" StartOffset="3152"/>
</LocList>
</BasicBoolTerm>
<BasicBoolTerm Intrnl_Id="354">
<LocList>
<Loc EndOffset="3169" SrcFileId="5" StartOffset="3159"/>
</LocList>
</BasicBoolTerm>
<LocList>
<Loc EndOffset="3158" SrcFileId="5" StartOffset="3156"/>
</LocList>
</OpTerm>
<LocList>
<Loc EndOffset="3150" SrcFileId="5" StartOffset="3148"/>
</LocList>
</OpTerm>
</RootTerm>
</CondStmnt>
<CondStmnt CovItemId="S20" CovItemPrefix="BBSecurity.java" Intrnl_Id="355">
<Branch CovItemId="B11" CovItemPrefix="BBSecurity.java" Implct="false" Intrnl_Id="356">
<Cond/>
<LocList>
<Loc EndOffset="3278" SrcFileId="5" StartOffset="3245"/>
</LocList>
<StmntSeq Intrnl_Id="357">
<LocList>
<Loc EndOffset="3270" SrcFileId="5" StartOffset="3255"/>
</LocList>
<BasicStmnt CovItemId="S21" CovItemPrefix="BBSecurity.java" Intrnl_Id="358">
<LocList>
<Loc EndOffset="3270" SrcFileId="5" StartOffset="3255"/>
</LocList>
</BasicStmnt>
</StmntSeq>
</Branch>
<Branch CovItemId="B12" CovItemPrefix="BBSecurity.java" Implct="true" Intrnl_Id="359">
<Cond/>
<LocList/>
<StmntSeq Intrnl_Id="360">
<LocList/>
</StmntSeq>
</Branch>
<Keyword EndOffset="3213" SrcFileId="5" StartOffset="3211"/>
<LocList>
<Loc EndOffset="3278" SrcFileId="5" StartOffset="3211"/>
</LocList>
<RootTerm CovItemId="C3" CovItemPrefix="BBSecurity.java" Intrnl_Id="361">
<OpTerm BooleanOpId="6" Intrnl_Id="362">
<BasicBoolTerm Intrnl_Id="363">
<LocList>
<Loc EndOffset="3220" SrcFileId="5" StartOffset="3214"/>
</LocList>
</BasicBoolTerm>
<OpTerm BooleanOpId="7" Intrnl_Id="364">
<BasicBoolTerm Intrnl_Id="365">
<LocList>
<Loc EndOffset="3228" SrcFileId="5" StartOffset="3225"/>
</LocList>
</BasicBoolTerm>
<BasicBoolTerm Intrnl_Id="366">
<LocList>
<Loc EndOffset="3243" SrcFileId="5" StartOffset="3232"/>
</LocList>
</BasicBoolTerm>
<LocList>
<Loc EndOffset="3231" SrcFileId="5" StartOffset="3229"/>
</LocList>
</OpTerm>
<LocList>
<Loc EndOffset="3223" SrcFileId="5" StartOffset="3221"/>
</LocList>
</OpTerm>
</RootTerm>
</CondStmnt>
<CondStmnt CovItemId="S22" CovItemPrefix="BBSecurity.java" Intrnl_Id="367">
<Branch CovItemId="B13" CovItemPrefix="BBSecurity.java" Implct="false" Intrnl_Id="368">
<Cond/>
<LocList>
<Loc EndOffset="3352" SrcFileId="5" StartOffset="3319"/>
</LocList>
<StmntSeq Intrnl_Id="369">
<LocList>
<Loc EndOffset="3344" SrcFileId="5" StartOffset="3329"/>
</LocList>
<BasicStmnt CovItemId="S23" CovItemPrefix="BBSecurity.java" Intrnl_Id="370">
<LocList>
<Loc EndOffset="3344" SrcFileId="5" StartOffset="3329"/>
</LocList>
</BasicStmnt>
</StmntSeq>
</Branch>
<Branch CovItemId="B14" CovItemPrefix="BBSecurity.java" Implct="true" Intrnl_Id="371">
<Cond/>
<LocList/>
<StmntSeq Intrnl_Id="372">
<LocList/>
</StmntSeq>
</Branch>
<Keyword EndOffset="3287" SrcFileId="5" StartOffset="3285"/>
<LocList>
<Loc EndOffset="3352" SrcFileId="5" StartOffset="3285"/>
</LocList>
<RootTerm CovItemId="C4" CovItemPrefix="BBSecurity.java" Intrnl_Id="373">
<OpTerm BooleanOpId="6" Intrnl_Id="374">
<BasicBoolTerm Intrnl_Id="375">
<LocList>
<Loc EndOffset="3294" SrcFileId="5" StartOffset="3288"/>
</LocList>
</BasicBoolTerm>
<OpTerm BooleanOpId="7" Intrnl_Id="376">
<BasicBoolTerm Intrnl_Id="377">
<LocList>
<Loc EndOffset="3302" SrcFileId="5" StartOffset="3299"/>
</LocList>
</BasicBoolTerm>
<BasicBoolTerm Intrnl_Id="378">
<LocList>
<Loc EndOffset="3317" SrcFileId="5" StartOffset="3306"/>
</LocList>
</BasicBoolTerm>
<LocList>
<Loc EndOffset="3305" SrcFileId="5" StartOffset="3303"/>
</LocList>
</OpTerm>
<LocList>
<Loc EndOffset="3297" SrcFileId="5" StartOffset="3295"/>
</LocList>
</OpTerm>
</RootTerm>
</CondStmnt>
<CondStmnt CovItemId="S24" CovItemPrefix="BBSecurity.java" Intrnl_Id="379">
<Branch CovItemId="B15" CovItemPrefix="BBSecurity.java" Implct="false" Intrnl_Id="380">
<Cond/>
<LocList>
<Loc EndOffset="3468" SrcFileId="5" StartOffset="3419"/>
</LocList>
<StmntSeq Intrnl_Id="381">
<LocList>
<Loc EndOffset="3460" SrcFileId="5" StartOffset="3429"/>
</LocList>
<BasicStmnt CovItemId="S25" CovItemPrefix="BBSecurity.java" Intrnl_Id="382">
<LocList>
<Loc EndOffset="3460" SrcFileId="5" StartOffset="3429"/>
</LocList>
</BasicStmnt>
</StmntSeq>
</Branch>
<Branch CovItemId="B16" CovItemPrefix="BBSecurity.java" Implct="false" Intrnl_Id="383">
<Cond>
<Loc EndOffset="3473" SrcFileId="5" StartOffset="3469"/>
</Cond>
<LocList>
<Loc EndOffset="5543" SrcFileId="5" StartOffset="3474"/>
</LocList>
<StmntSeq Intrnl_Id="384">
<LocList>
<Loc EndOffset="3512" SrcFileId="5" StartOffset="3484"/>
<Loc EndOffset="3549" SrcFileId="5" StartOffset="3521"/>
<Loc EndOffset="3586" SrcFileId="5" StartOffset="3558"/>
<Loc EndOffset="3628" SrcFileId="5" StartOffset="3595"/>
<Loc EndOffset="3680" SrcFileId="5" StartOffset="3637"/>
<Loc EndOffset="3727" SrcFileId="5" StartOffset="3709"/>
<Loc EndOffset="3754" SrcFileId="5" StartOffset="3736"/>
<Loc EndOffset="3781" SrcFileId="5" StartOffset="3763"/>
<Loc EndOffset="3812" SrcFileId="5" StartOffset="3790"/>
<Loc EndOffset="3843" SrcFileId="5" StartOffset="3821"/>
<Loc EndOffset="3874" SrcFileId="5" StartOffset="3852"/>
<Loc EndOffset="5397" SrcFileId="5" StartOffset="3883"/>
<Loc EndOffset="5535" SrcFileId="5" StartOffset="5406"/>
</LocList>
<BasicStmnt CovItemId="S26" CovItemPrefix="BBSecurity.java" Intrnl_Id="385">
<LocList>
<Loc EndOffset="3512" SrcFileId="5" StartOffset="3484"/>
</LocList>
</BasicStmnt>
<BasicStmnt CovItemId="S27" CovItemPrefix="BBSecurity.java" Intrnl_Id="386">
<LocList>
<Loc EndOffset="3549" SrcFileId="5" StartOffset="3521"/>
</LocList>
</BasicStmnt>
<BasicStmnt CovItemId="S28" CovItemPrefix="BBSecurity.java" Intrnl_Id="387">
<LocList>
<Loc EndOffset="3586" SrcFileId="5" StartOffset="3558"/>
</LocList>
</BasicStmnt>
<BasicStmnt CovItemId="S29" CovItemPrefix="BBSecurity.java" Intrnl_Id="388">
<LocList>
<Loc EndOffset="3628" SrcFileId="5" StartOffset="3595"/>
</LocList>
</BasicStmnt>
<BasicStmnt CovItemId="S30" CovItemPrefix="BBSecurity.java" Intrnl_Id="389">
<LocList>
<Loc EndOffset="3680" SrcFileId="5" StartOffset="3637"/>
</LocList>
</BasicStmnt>
<BasicStmnt CovItemId="S31" CovItemPrefix="BBSecurity.java" Intrnl_Id="390">
<LocList>
<Loc EndOffset="3727" SrcFileId="5" StartOffset="3709"/>
</LocList>
</BasicStmnt>
<BasicStmnt CovItemId="S32" CovItemPrefix="BBSecurity.java" Intrnl_Id="391">
<LocList>
<Loc EndOffset="3754" SrcFileId="5" StartOffset="3736"/>
</LocList>
</BasicStmnt>
<BasicStmnt CovItemId="S33" CovItemPrefix="BBSecurity.java" Intrnl_Id="392">
<LocList>
<Loc EndOffset="3781" SrcFileId="5" StartOffset="3763"/>
</LocList>
</BasicStmnt>
<BasicStmnt CovItemId="S34" CovItemPrefix="BBSecurity.java" Intrnl_Id="393">
<LocList>
<Loc EndOffset="3812" SrcFileId="5" StartOffset="3790"/>
</LocList>
</BasicStmnt>
<BasicStmnt CovItemId="S35" CovItemPrefix="BBSecurity.java" Intrnl_Id="394">
<LocList>
<Loc EndOffset="3843" SrcFileId="5" StartOffset="3821"/>
</LocList>
</BasicStmnt>
<BasicStmnt CovItemId="S36" CovItemPrefix="BBSecurity.java" Intrnl_Id="395">
<LocList>
<Loc EndOffset="3874" SrcFileId="5" StartOffset="3852"/>
</LocList>
</BasicStmnt>
<LoopStmnt CovItemId="S37" CovItemPrefix="BBSecurity.java" Intrnl_Id="396" MltplExecId="L1-2" MltplExecPrefix="BBSecurity.java" NvrExecId="L1-0" NvrExecPrefix="BBSecurity.java" OnceExecutedId="L1-1" OnceExecutedPrefix="BBSecurity.java" OptBodyExec="true">
<StmntSeq Intrnl_Id="397">
<LocList>
<Loc EndOffset="3947" SrcFileId="5" StartOffset="3933"/>
<Loc EndOffset="3972" SrcFileId="5" StartOffset="3958"/>
<Loc EndOffset="3997" SrcFileId="5" StartOffset="3983"/>
<Loc EndOffset="4189" SrcFileId="5" StartOffset="4008"/>
<Loc EndOffset="4381" SrcFileId="5" StartOffset="4200"/>
<Loc EndOffset="4573" SrcFileId="5" StartOffset="4392"/>
<Loc EndOffset="4669" SrcFileId="5" StartOffset="4584"/>
<Loc EndOffset="4765" SrcFileId="5" StartOffset="4680"/>
<Loc EndOffset="4861" SrcFileId="5" StartOffset="4776"/>
<Loc EndOffset="4937" SrcFileId="5" StartOffset="4872"/>
<Loc EndOffset="5063" SrcFileId="5" StartOffset="4948"/>
<Loc EndOffset="5113" SrcFileId="5" StartOffset="5074"/>
<Loc EndOffset="5163" SrcFileId="5" StartOffset="5124"/>
<Loc EndOffset="5213" SrcFileId="5" StartOffset="5174"/>
<Loc EndOffset="5240" SrcFileId="5" StartOffset="5224"/>
<Loc EndOffset="5387" SrcFileId="5" StartOffset="5251"/>
</LocList>
<BasicStmnt CovItemId="S38" CovItemPrefix="BBSecurity.java" Intrnl_Id="398">
<LocList>
<Loc EndOffset="3947" SrcFileId="5" StartOffset="3933"/>
</LocList>
</BasicStmnt>
<BasicStmnt CovItemId="S39" CovItemPrefix="BBSecurity.java" Intrnl_Id="399">
<LocList>
<Loc EndOffset="3972" SrcFileId="5" StartOffset="3958"/>
</LocList>
</BasicStmnt>
<BasicStmnt CovItemId="S40" CovItemPrefix="BBSecurity.java" Intrnl_Id="400">
<LocList>
<Loc EndOffset="3997" SrcFileId="5" StartOffset="3983"/>
</LocList>
</BasicStmnt>
<CondStmnt CovItemId="S41" CovItemPrefix="BBSecurity.java" Intrnl_Id="401">
<Branch CovItemId="B17" CovItemPrefix="BBSecurity.java" Implct="true" Intrnl_Id="402">
<Cond/>
<LocList>
<Loc EndOffset="4129" SrcFileId="5" StartOffset="4012"/>
</LocList>
<StmntSeq Intrnl_Id="403">
<LocList>
<Loc EndOffset="4064" SrcFileId="5" StartOffset="4026"/>
<Loc EndOffset="4117" SrcFileId="5" StartOffset="4077"/>
</LocList>
<BasicStmnt CovItemId="S42" CovItemPrefix="BBSecurity.java" Intrnl_Id="404">
<LocList>
<Loc EndOffset="4064" SrcFileId="5" StartOffset="4026"/>
</LocList>
</BasicStmnt>
<BasicStmnt CovItemId="S43" CovItemPrefix="BBSecurity.java" Intrnl_Id="405">
<LocList>
<Loc EndOffset="4117" SrcFileId="5" StartOffset="4077"/>
</LocList>
</BasicStmnt>
</StmntSeq>
</Branch>
<Branch CovItemId="B18" CovItemPrefix="BBSecurity.java" Implct="false" Intrnl_Id="406">
<Cond>
<Loc EndOffset="4148" SrcFileId="5" StartOffset="4130"/>
</Cond>
<LocList>
<Loc EndOffset="4189" SrcFileId="5" StartOffset="4148"/>
</LocList>
<StmntSeq Intrnl_Id="407">
<LocList>
<Loc EndOffset="4177" SrcFileId="5" StartOffset="4162"/>
</LocList>
<BasicStmnt CovItemId="S44" CovItemPrefix="BBSecurity.java" Intrnl_Id="408">
<LocList>
<Loc EndOffset="4177" SrcFileId="5" StartOffset="4162"/>
</LocList>
</BasicStmnt>
</StmntSeq>
</Branch>
<Keyword EndOffset="4011" SrcFileId="5" StartOffset="4008"/>
<LocList>
<Loc EndOffset="4189" SrcFileId="5" StartOffset="4008"/>
</LocList>
</CondStmnt>
<CondStmnt CovItemId="S45" CovItemPrefix="BBSecurity.java" Intrnl_Id="409">
<Branch CovItemId="B19" CovItemPrefix="BBSecurity.java" Implct="true" Intrnl_Id="410">
<Cond/>
<LocList>
<Loc EndOffset="4321" SrcFileId="5" StartOffset="4204"/>
</LocList>
<StmntSeq Intrnl_Id="411">
<LocList>
<Loc EndOffset="4256" SrcFileId="5" StartOffset="4218"/>
<Loc EndOffset="4309" SrcFileId="5" StartOffset="4269"/>
</LocList>
<BasicStmnt CovItemId="S46" CovItemPrefix="BBSecurity.java" Intrnl_Id="412">
<LocList>
<Loc EndOffset="4256" SrcFileId="5" StartOffset="4218"/>
</LocList>
</BasicStmnt>
<BasicStmnt CovItemId="S47" CovItemPrefix="BBSecurity.java" Intrnl_Id="413">
<LocList>
<Loc EndOffset="4309" SrcFileId="5" StartOffset="4269"/>
</LocList>
</BasicStmnt>
</StmntSeq>
</Branch>
<Branch CovItemId="B20" CovItemPrefix="BBSecurity.java" Implct="false" Intrnl_Id="414">
<Cond>
<Loc EndOffset="4340" SrcFileId="5" StartOffset="4322"/>
</Cond>
<LocList>
<Loc EndOffset="4381" SrcFileId="5" StartOffset="4340"/>
</LocList>
<StmntSeq Intrnl_Id="415">
<LocList>
<Loc EndOffset="4369" SrcFileId="5" StartOffset="4354"/>
</LocList>
<BasicStmnt CovItemId="S48" CovItemPrefix="BBSecurity.java" Intrnl_Id="416">
<LocList>
<Loc EndOffset="4369" SrcFileId="5" StartOffset="4354"/>
</LocList>
</BasicStmnt>
</StmntSeq>
</Branch>
<Keyword EndOffset="4203" SrcFileId="5" StartOffset="4200"/>
<LocList>
<Loc EndOffset="4381" SrcFileId="5" StartOffset="4200"/>
</LocList>
</CondStmnt>
<CondStmnt CovItemId="S49" CovItemPrefix="BBSecurity.java" Intrnl_Id="417">
<Branch CovItemId="B21" CovItemPrefix="BBSecurity.java" Implct="true" Intrnl_Id="418">
<Cond/>
<LocList>
<Loc EndOffset="4513" SrcFileId="5" StartOffset="4396"/>
</LocList>
<StmntSeq Intrnl_Id="419">
<LocList>
<Loc EndOffset="4448" SrcFileId="5" StartOffset="4410"/>
<Loc EndOffset="4501" SrcFileId="5" StartOffset="4461"/>
</LocList>
<BasicStmnt CovItemId="S50" CovItemPrefix="BBSecurity.java" Intrnl_Id="420">
<LocList>
<Loc EndOffset="4448" SrcFileId="5" StartOffset="4410"/>
</LocList>
</BasicStmnt>
<BasicStmnt CovItemId="S51" CovItemPrefix="BBSecurity.java" Intrnl_Id="421">
<LocList>
<Loc EndOffset="4501" SrcFileId="5" StartOffset="4461"/>
</LocList>
</BasicStmnt>
</StmntSeq>
</Branch>
<Branch CovItemId="B22" CovItemPrefix="BBSecurity.java" Implct="false" Intrnl_Id="422">
<Cond>
<Loc EndOffset="4532" SrcFileId="5" StartOffset="4514"/>
</Cond>
<LocList>
<Loc EndOffset="4573" SrcFileId="5" StartOffset="4532"/>
</LocList>
<StmntSeq Intrnl_Id="423">
<LocList>
<Loc EndOffset="4561" SrcFileId="5" StartOffset="4546"/>
</LocList>
<BasicStmnt CovItemId="S52" CovItemPrefix="BBSecurity.java" Intrnl_Id="424">
<LocList>
<Loc EndOffset="4561" SrcFileId="5" StartOffset="4546"/>
</LocList>
</BasicStmnt>
</StmntSeq>
</Branch>
<Keyword EndOffset="4395" SrcFileId="5" StartOffset="4392"/>
<LocList>
<Loc EndOffset="4573" SrcFileId="5" StartOffset="4392"/>
</LocList>
</CondStmnt>
<CondStmnt CovItemId="S53" CovItemPrefix="BBSecurity.java" Intrnl_Id="425">
<Branch CovItemId="B23" CovItemPrefix="BBSecurity.java" Implct="false" Intrnl_Id="426">
<Cond/>
<LocList>
<Loc EndOffset="4669" SrcFileId="5" StartOffset="4628"/>
</LocList>
<StmntSeq Intrnl_Id="427">
<LocList>
<Loc EndOffset="4657" SrcFileId="5" StartOffset="4642"/>
</LocList>
<BasicStmnt CovItemId="S54" CovItemPrefix="BBSecurity.java" Intrnl_Id="428">
<LocList>
<Loc EndOffset="4657" SrcFileId="5" StartOffset="4642"/>
</LocList>
</BasicStmnt>
</StmntSeq>
</Branch>
<Branch CovItemId="B24" CovItemPrefix="BBSecurity.java" Implct="true" Intrnl_Id="429">
<Cond/>
<LocList/>
<StmntSeq Intrnl_Id="430">
<LocList/>
</StmntSeq>
</Branch>
<Keyword EndOffset="4586" SrcFileId="5" StartOffset="4584"/>
<LocList>
<Loc EndOffset="4669" SrcFileId="5" StartOffset="4584"/>
</LocList>
<RootTerm CovItemId="C7" CovItemPrefix="BBSecurity.java" Intrnl_Id="431">
<OpTerm BooleanOpId="6" Intrnl_Id="432">
<BasicBoolTerm Intrnl_Id="433">
<LocList>
<Loc EndOffset="4593" SrcFileId="5" StartOffset="4587"/>
</LocList>
</BasicBoolTerm>
<OpTerm BooleanOpId="7" Intrnl_Id="434">
<BasicBoolTerm Intrnl_Id="435">
<LocList>
<Loc EndOffset="4607" SrcFileId="5" StartOffset="4598"/>
</LocList>
</BasicBoolTerm>
<BasicBoolTerm Intrnl_Id="436">
<LocList>
<Loc EndOffset="4626" SrcFileId="5" StartOffset="4611"/>
</LocList>
</BasicBoolTerm>
<LocList>
<Loc EndOffset="4610" SrcFileId="5" StartOffset="4608"/>
</LocList>
</OpTerm>
<LocList>
<Loc EndOffset="4596" SrcFileId="5" StartOffset="4594"/>
</LocList>
</OpTerm>
</RootTerm>
</CondStmnt>
<CondStmnt CovItemId="S55" CovItemPrefix="BBSecurity.java" Intrnl_Id="437">
<Branch CovItemId="B25" CovItemPrefix="BBSecurity.java" Implct="false" Intrnl_Id="438">
<Cond/>
<LocList>
<Loc EndOffset="4765" SrcFileId="5" StartOffset="4724"/>
</LocList>
<StmntSeq Intrnl_Id="439">
<LocList>
<Loc EndOffset="4753" SrcFileId="5" StartOffset="4738"/>
</LocList>
<BasicStmnt CovItemId="S56" CovItemPrefix="BBSecurity.java" Intrnl_Id="440">
<LocList>
<Loc EndOffset="4753" SrcFileId="5" StartOffset="4738"/>
</LocList>
</BasicStmnt>
</StmntSeq>
</Branch>
<Branch CovItemId="B26" CovItemPrefix="BBSecurity.java" Implct="true" Intrnl_Id="441">
<Cond/>
<LocList/>
<StmntSeq Intrnl_Id="442">
<LocList/>
</StmntSeq>
</Branch>
<Keyword EndOffset="4682" SrcFileId="5" StartOffset="4680"/>
<LocList>
<Loc EndOffset="4765" SrcFileId="5" StartOffset="4680"/>
</LocList>
<RootTerm CovItemId="C8" CovItemPrefix="BBSecurity.java" Intrnl_Id="443">
<OpTerm BooleanOpId="6" Intrnl_Id="444">
<BasicBoolTerm Intrnl_Id="445">
<LocList>
<Loc EndOffset="4689" SrcFileId="5" StartOffset="4683"/>
</LocList>
</BasicBoolTerm>
<OpTerm BooleanOpId="7" Intrnl_Id="446">
<BasicBoolTerm Intrnl_Id="447">
<LocList>
<Loc EndOffset="4703" SrcFileId="5" StartOffset="4694"/>
</LocList>
</BasicBoolTerm>
<BasicBoolTerm Intrnl_Id="448">
<LocList>
<Loc EndOffset="4722" SrcFileId="5" StartOffset="4707"/>
</LocList>
</BasicBoolTerm>
<LocList>
<Loc EndOffset="4706" SrcFileId="5" StartOffset="4704"/>
</LocList>
</OpTerm>
<LocList>
<Loc EndOffset="4692" SrcFileId="5" StartOffset="4690"/>
</LocList>
</OpTerm>
</RootTerm>
</CondStmnt>
<CondStmnt CovItemId="S57" CovItemPrefix="BBSecurity.java" Intrnl_Id="449">
<Branch CovItemId="B27" CovItemPrefix="BBSecurity.java" Implct="false" Intrnl_Id="450">
<Cond/>
<LocList>
<Loc EndOffset="4861" SrcFileId="5" StartOffset="4820"/>
</LocList>
<StmntSeq Intrnl_Id="451">
<LocList>
<Loc EndOffset="4849" SrcFileId="5" StartOffset="4834"/>
</LocList>
<BasicStmnt CovItemId="S58" CovItemPrefix="BBSecurity.java" Intrnl_Id="452">
<LocList>
<Loc EndOffset="4849" SrcFileId="5" StartOffset="4834"/>
</LocList>
</BasicStmnt>
</StmntSeq>
</Branch>
<Branch CovItemId="B28" CovItemPrefix="BBSecurity.java" Implct="true" Intrnl_Id="453">
<Cond/>
<LocList/>
<StmntSeq Intrnl_Id="454">
<LocList/>
</StmntSeq>
</Branch>
<Keyword EndOffset="4778" SrcFileId="5" StartOffset="4776"/>
<LocList>
<Loc EndOffset="4861" SrcFileId="5" StartOffset="4776"/>
</LocList>
<RootTerm CovItemId="C9" CovItemPrefix="BBSecurity.java" Intrnl_Id="455">
<OpTerm BooleanOpId="6" Intrnl_Id="456">
<BasicBoolTerm Intrnl_Id="457">
<LocList>
<Loc EndOffset="4785" SrcFileId="5" StartOffset="4779"/>
</LocList>
</BasicBoolTerm>
<OpTerm BooleanOpId="7" Intrnl_Id="458">
<BasicBoolTerm Intrnl_Id="459">
<LocList>
<Loc EndOffset="4799" SrcFileId="5" StartOffset="4790"/>
</LocList>
</BasicBoolTerm>
<BasicBoolTerm Intrnl_Id="460">
<LocList>
<Loc EndOffset="4818" SrcFileId="5" StartOffset="4803"/>
</LocList>
</BasicBoolTerm>
<LocList>
<Loc EndOffset="4802" SrcFileId="5" StartOffset="4800"/>
</LocList>
</OpTerm>
<LocList>
<Loc EndOffset="4788" SrcFileId="5" StartOffset="4786"/>
</LocList>
</OpTerm>
</RootTerm>
</CondStmnt>
<CondStmnt CovItemId="S59" CovItemPrefix="BBSecurity.java" Intrnl_Id="461">
<Branch CovItemId="B29" CovItemPrefix="BBSecurity.java" Implct="false" Intrnl_Id="462">
<Cond/>
<LocList>
<Loc EndOffset="4937" SrcFileId="5" StartOffset="4905"/>
</LocList>
<StmntSeq Intrnl_Id="463">
<LocList>
<Loc EndOffset="4925" SrcFileId="5" StartOffset="4919"/>
</LocList>
<BasicStmnt CovItemId="S60" CovItemPrefix="BBSecurity.java" Intrnl_Id="464">
<LocList>
<Loc EndOffset="4925" SrcFileId="5" StartOffset="4919"/>
</LocList>
</BasicStmnt>
</StmntSeq>
</Branch>
<Branch CovItemId="B30" CovItemPrefix="BBSecurity.java" Implct="true" Intrnl_Id="465">
<Cond/>
<LocList/>
<StmntSeq Intrnl_Id="466">
<LocList/>
</StmntSeq>
</Branch>
<Keyword EndOffset="4874" SrcFileId="5" StartOffset="4872"/>
<LocList>
<Loc EndOffset="4937" SrcFileId="5" StartOffset="4872"/>
</LocList>
<RootTerm CovItemId="C10" CovItemPrefix="BBSecurity.java" Intrnl_Id="467">
<OpTerm BooleanOpId="7" Intrnl_Id="468">
<OpTerm BooleanOpId="7" Intrnl_Id="469">
<OpTerm BooleanOpId="8" Intrnl_Id="470">
<BasicBoolTerm Intrnl_Id="471">
<LocList>
<Loc EndOffset="4882" SrcFileId="5" StartOffset="4876"/>
</LocList>
</BasicBoolTerm>
<LocList>
<Loc EndOffset="4876" SrcFileId="5" StartOffset="4875"/>
</LocList>
</OpTerm>
<OpTerm BooleanOpId="8" Intrnl_Id="472">
<BasicBoolTerm Intrnl_Id="473">
<LocList>
<Loc EndOffset="4893" SrcFileId="5" StartOffset="4887"/>
</LocList>
</BasicBoolTerm>
<LocList>
<Loc EndOffset="4887" SrcFileId="5" StartOffset="4886"/>
</LocList>
</OpTerm>
<LocList>
<Loc EndOffset="4885" SrcFileId="5" StartOffset="4883"/>
</LocList>
</OpTerm>
<OpTerm BooleanOpId="8" Intrnl_Id="474">
<BasicBoolTerm Intrnl_Id="475">
<LocList>
<Loc EndOffset="4904" SrcFileId="5" StartOffset="4898"/>
</LocList>
</BasicBoolTerm>
<LocList>
<Loc EndOffset="4898" SrcFileId="5" StartOffset="4897"/>
</LocList>
</OpTerm>
<LocList>
<Loc EndOffset="4896" SrcFileId="5" StartOffset="4894"/>
</LocList>
</OpTerm>
</RootTerm>
</CondStmnt>
<BasicStmnt CovItemId="S61" CovItemPrefix="BBSecurity.java" Intrnl_Id="476">
<LocList>
<Loc EndOffset="5063" SrcFileId="5" StartOffset="4948"/>
</LocList>
</BasicStmnt>
<BasicStmnt CovItemId="S62" CovItemPrefix="BBSecurity.java" Intrnl_Id="477">
<LocList>
<Loc EndOffset="5113" SrcFileId="5" StartOffset="5074"/>
</LocList>
</BasicStmnt>
<BasicStmnt CovItemId="S63" CovItemPrefix="BBSecurity.java" Intrnl_Id="478">
<LocList>
<Loc EndOffset="5163" SrcFileId="5" StartOffset="5124"/>
</LocList>
</BasicStmnt>
<BasicStmnt CovItemId="S64" CovItemPrefix="BBSecurity.java" Intrnl_Id="479">
<LocList>
<Loc EndOffset="5213" SrcFileId="5" StartOffset="5174"/>
</LocList>
</BasicStmnt>
<BasicStmnt CovItemId="S65" CovItemPrefix="BBSecurity.java" Intrnl_Id="480">
<LocList>
<Loc EndOffset="5240" SrcFileId="5" StartOffset="5224"/>
</LocList>
</BasicStmnt>
<CondStmnt CovItemId="S66" CovItemPrefix="BBSecurity.java" Intrnl_Id="481">
<Branch CovItemId="B31" CovItemPrefix="BBSecurity.java" Implct="false" Intrnl_Id="482">
<Cond/>
<LocList>
<Loc EndOffset="5328" SrcFileId="5" StartOffset="5275"/>
</LocList>
<StmntSeq Intrnl_Id="483">
<LocList>
<Loc EndOffset="5316" SrcFileId="5" StartOffset="5289"/>
</LocList>
<BasicStmnt CovItemId="S67" CovItemPrefix="BBSecurity.java" Intrnl_Id="484">
<LocList>
<Loc EndOffset="5316" SrcFileId="5" StartOffset="5289"/>
</LocList>
</BasicStmnt>
</StmntSeq>
</Branch>
<Branch CovItemId="B32" CovItemPrefix="BBSecurity.java" Implct="false" Intrnl_Id="485">
<Cond>
<Loc EndOffset="5333" SrcFileId="5" StartOffset="5329"/>
</Cond>
<LocList>
<Loc EndOffset="5387" SrcFileId="5" StartOffset="5334"/>
</LocList>
<StmntSeq Intrnl_Id="486">
<LocList>
<Loc EndOffset="5375" SrcFileId="5" StartOffset="5348"/>
</LocList>
<BasicStmnt CovItemId="S68" CovItemPrefix="BBSecurity.java" Intrnl_Id="487">
<LocList>
<Loc EndOffset="5375" SrcFileId="5" StartOffset="5348"/>
</LocList>
</BasicStmnt>
</StmntSeq>
</Branch>
<Keyword EndOffset="5253" SrcFileId="5" StartOffset="5251"/>
<LocList>
<Loc EndOffset="5387" SrcFileId="5" StartOffset="5251"/>
</LocList>
<RootTerm CovItemId="C11" CovItemPrefix="BBSecurity.java" Intrnl_Id="488">
<OpTerm BooleanOpId="6" Intrnl_Id="489">
<BasicBoolTerm Intrnl_Id="490">
<LocList>
<Loc EndOffset="5262" SrcFileId="5" StartOffset="5254"/>
</LocList>
</BasicBoolTerm>
<BasicBoolTerm Intrnl_Id="491">
<LocList>
<Loc EndOffset="5274" SrcFileId="5" StartOffset="5266"/>
</LocList>
</BasicBoolTerm>
<LocList>
<Loc EndOffset="5265" SrcFileId="5" StartOffset="5263"/>
</LocList>
</OpTerm>
</RootTerm>
</CondStmnt>
</StmntSeq>
<Keyword EndOffset="3886" SrcFileId="5" StartOffset="3883"/>
<LocList>
<Loc EndOffset="5397" SrcFileId="5" StartOffset="3883"/>
</LocList>
<RootTerm CovItemId="C6" CovItemPrefix="BBSecurity.java" Intrnl_Id="492">
<BasicBoolTerm Intrnl_Id="493">
<LocList>
<Loc EndOffset="3908" SrcFileId="5" StartOffset="3899"/>
</LocList>
</BasicBoolTerm>
</RootTerm>
</LoopStmnt>
<CondStmnt CovItemId="S69" CovItemPrefix="BBSecurity.java" Intrnl_Id="494">
<Branch CovItemId="B33" CovItemPrefix="BBSecurity.java" Implct="false" Intrnl_Id="495">
<Cond/>
<LocList>
<Loc EndOffset="5476" SrcFileId="5" StartOffset="5436"/>
</LocList>
<StmntSeq Intrnl_Id="496">
<LocList>
<Loc EndOffset="5466" SrcFileId="5" StartOffset="5448"/>
</LocList>
<BasicStmnt CovItemId="S70" CovItemPrefix="BBSecurity.java" Intrnl_Id="497">
<LocList>
<Loc EndOffset="5466" SrcFileId="5" StartOffset="5448"/>
</LocList>
</BasicStmnt>
</StmntSeq>
</Branch>
<Branch CovItemId="B34" CovItemPrefix="BBSecurity.java" Implct="false" Intrnl_Id="498">
<Cond>
<Loc EndOffset="5481" SrcFileId="5" StartOffset="5477"/>
</Cond>
<LocList>
<Loc EndOffset="5535" SrcFileId="5" StartOffset="5482"/>
</LocList>
<StmntSeq Intrnl_Id="499">
<LocList>
<Loc EndOffset="5525" SrcFileId="5" StartOffset="5494"/>
</LocList>
<BasicStmnt CovItemId="S71" CovItemPrefix="BBSecurity.java" Intrnl_Id="500">
<LocList>
<Loc EndOffset="5525" SrcFileId="5" StartOffset="5494"/>
</LocList>
</BasicStmnt>
</StmntSeq>
</Branch>
<Keyword EndOffset="5408" SrcFileId="5" StartOffset="5406"/>
<LocList>
<Loc EndOffset="5535" SrcFileId="5" StartOffset="5406"/>
</LocList>
<RootTerm CovItemId="C12" CovItemPrefix="BBSecurity.java" Intrnl_Id="501">
<OpTerm BooleanOpId="6" Intrnl_Id="502">
<OpTerm BooleanOpId="6" Intrnl_Id="503">
<BasicBoolTerm Intrnl_Id="504">
<LocList>
<Loc EndOffset="5415" SrcFileId="5" StartOffset="5409"/>
</LocList>
</BasicBoolTerm>
<BasicBoolTerm Intrnl_Id="505">
<LocList>
<Loc EndOffset="5425" SrcFileId="5" StartOffset="5419"/>
</LocList>
</BasicBoolTerm>
<LocList>
<Loc EndOffset="5418" SrcFileId="5" StartOffset="5416"/>
</LocList>
</OpTerm>
<BasicBoolTerm Intrnl_Id="506">
<LocList>
<Loc EndOffset="5435" SrcFileId="5" StartOffset="5429"/>
</LocList>
</BasicBoolTerm>
<LocList>
<Loc EndOffset="5428" SrcFileId="5" StartOffset="5426"/>
</LocList>
</OpTerm>
</RootTerm>
</CondStmnt>
</StmntSeq>
</Branch>
<Keyword EndOffset="3361" SrcFileId="5" StartOffset="3359"/>
<LocList>
<Loc EndOffset="5543" SrcFileId="5" StartOffset="3359"/>
</LocList>
<RootTerm CovItemId="C5" CovItemPrefix="BBSecurity.java" Intrnl_Id="507">
<OpTerm BooleanOpId="7" Intrnl_Id="508">
<OpTerm BooleanOpId="7" Intrnl_Id="509">
<OpTerm BooleanOpId="7" Intrnl_Id="510">
<BasicBoolTerm Intrnl_Id="511">
<LocList>
<Loc EndOffset="3385" SrcFileId="5" StartOffset="3362"/>
</LocList>
</BasicBoolTerm>
<OpTerm BooleanOpId="8" Intrnl_Id="512">
<BasicBoolTerm Intrnl_Id="513">
<LocList>
<Loc EndOffset="3396" SrcFileId="5" StartOffset="3390"/>
</LocList>
</BasicBoolTerm>
<LocList>
<Loc EndOffset="3390" SrcFileId="5" StartOffset="3389"/>
</LocList>
</OpTerm>
<LocList>
<Loc EndOffset="3388" SrcFileId="5" StartOffset="3386"/>
</LocList>
</OpTerm>
<OpTerm BooleanOpId="8" Intrnl_Id="514">
<BasicBoolTerm Intrnl_Id="515">
<LocList>
<Loc EndOffset="3407" SrcFileId="5" StartOffset="3401"/>
</LocList>
</BasicBoolTerm>
<LocList>
<Loc EndOffset="3401" SrcFileId="5" StartOffset="3400"/>
</LocList>
</OpTerm>
<LocList>
<Loc EndOffset="3399" SrcFileId="5" StartOffset="3397"/>
</LocList>
</OpTerm>
<OpTerm BooleanOpId="8" Intrnl_Id="516">
<BasicBoolTerm Intrnl_Id="517">
<LocList>
<Loc EndOffset="3418" SrcFileId="5" StartOffset="3412"/>
</LocList>
</BasicBoolTerm>
<LocList>
<Loc EndOffset="3412" SrcFileId="5" StartOffset="3411"/>
</LocList>
</OpTerm>
<LocList>
<Loc EndOffset="3410" SrcFileId="5" StartOffset="3408"/>
</LocList>
</OpTerm>
</RootTerm>
</CondStmnt>
</StmntSeq>
</Branch>
<Keyword EndOffset="2560" SrcFileId="5" StartOffset="2558"/>
<LocList>
<Loc EndOffset="5549" SrcFileId="5" StartOffset="2558"/>
</LocList>
<RootTerm CovItemId="C1" CovItemPrefix="BBSecurity.java" Intrnl_Id="518">
<BasicBoolTerm Intrnl_Id="519">
<LocList>
<Loc EndOffset="2576" SrcFileId="5" StartOffset="2561"/>
</LocList>
</BasicBoolTerm>
</RootTerm>
</CondStmnt>
</StmntSeq>
</HierarchyLvl>
<HierarchyLvl HierarchyLvlId="64" HierarchyLvlTypeId="9" Intrnl_Id="520" Name="asinh">
<Header>
<Loc EndOffset="5586" SrcFileId="5" StartOffset="5556"/>
</Header>
<LocList>
<Loc EndOffset="5641" SrcFileId="5" StartOffset="5556"/>
</LocList>
</HierarchyLvl>
<HierarchyLvl HierarchyLvlId="65" HierarchyLvlTypeId="9" Intrnl_Id="521" Name="inputResult">
<Header>
<Loc EndOffset="5698" SrcFileId="5" StartOffset="5644"/>
</Header>
<LocList>
<Loc EndOffset="6212" SrcFileId="5" StartOffset="5644"/>
</LocList>
<StmntSeq Intrnl_Id="522">
<LocList>
<Loc EndOffset="5739" SrcFileId="5" StartOffset="5704"/>
<Loc EndOffset="5788" SrcFileId="5" StartOffset="5744"/>
<Loc EndOffset="5829" SrcFileId="5" StartOffset="5793"/>
<Loc EndOffset="5874" SrcFileId="5" StartOffset="5834"/>
<Loc EndOffset="5919" SrcFileId="5" StartOffset="5879"/>
<Loc EndOffset="5948" SrcFileId="5" StartOffset="5924"/>
<Loc EndOffset="5977" SrcFileId="5" StartOffset="5953"/>
<Loc EndOffset="6192" SrcFileId="5" StartOffset="5982"/>
</LocList>
<CondStmnt CovItemId="S72" CovItemPrefix="BBSecurity.java" Intrnl_Id="523">
<Branch CovItemId="B35" CovItemPrefix="BBSecurity.java" Implct="false" Intrnl_Id="524">
<Cond/>
<LocList>
<Loc EndOffset="5739" SrcFileId="5" StartOffset="5716"/>
</LocList>
<StmntSeq Intrnl_Id="525">
<LocList/>
</StmntSeq>
</Branch>
<Branch CovItemId="B36" CovItemPrefix="BBSecurity.java" Implct="true" Intrnl_Id="526">
<Cond/>
<LocList/>
<StmntSeq Intrnl_Id="527">
<LocList/>
</StmntSeq>
</Branch>
<Keyword EndOffset="5706" SrcFileId="5" StartOffset="5704"/>
<LocList>
<Loc EndOffset="5739" SrcFileId="5" StartOffset="5704"/>
</LocList>
<RootTerm CovItemId="C13" CovItemPrefix="BBSecurity.java" Intrnl_Id="528">
<BasicBoolTerm Intrnl_Id="529">
<LocList>
<Loc EndOffset="5714" SrcFileId="5" StartOffset="5708"/>
</LocList>
</BasicBoolTerm>
</RootTerm>
</CondStmnt>
<BasicStmnt CovItemId="S73" CovItemPrefix="BBSecurity.java" Intrnl_Id="530">
<LocList>
<Loc EndOffset="5788" SrcFileId="5" StartOffset="5744"/>
</LocList>
</BasicStmnt>
<BasicStmnt CovItemId="S74" CovItemPrefix="BBSecurity.java" Intrnl_Id="531">
<LocList>
<Loc EndOffset="5829" SrcFileId="5" StartOffset="5793"/>
</LocList>
</BasicStmnt>
<BasicStmnt CovItemId="S75" CovItemPrefix="BBSecurity.java" Intrnl_Id="532">
<LocList>
<Loc EndOffset="5874" SrcFileId="5" StartOffset="5834"/>
</LocList>
</BasicStmnt>
<BasicStmnt CovItemId="S76" CovItemPrefix="BBSecurity.java" Intrnl_Id="533">
<LocList>
<Loc EndOffset="5919" SrcFileId="5" StartOffset="5879"/>
</LocList>
</BasicStmnt>
<BasicStmnt CovItemId="S77" CovItemPrefix="BBSecurity.java" Intrnl_Id="534">
<LocList>
<Loc EndOffset="5948" SrcFileId="5" StartOffset="5924"/>
</LocList>
</BasicStmnt>
<BasicStmnt CovItemId="S78" CovItemPrefix="BBSecurity.java" Intrnl_Id="535">
<LocList>
<Loc EndOffset="5977" SrcFileId="5" StartOffset="5953"/>
</LocList>
</BasicStmnt>
<CondStmnt CovItemId="S79" CovItemPrefix="BBSecurity.java" Intrnl_Id="536">
<Branch CovItemId="B37" CovItemPrefix="BBSecurity.java" Implct="false" Intrnl_Id="537">
<Cond/>
<LocList>
<Loc EndOffset="6134" SrcFileId="5" StartOffset="6082"/>
</LocList>
<StmntSeq Intrnl_Id="538">
<LocList>
<Loc EndOffset="6128" SrcFileId="5" StartOffset="6090"/>
</LocList>
<BasicStmnt CovItemId="S80" CovItemPrefix="BBSecurity.java" Intrnl_Id="539">
<LocList>
<Loc EndOffset="6128" SrcFileId="5" StartOffset="6090"/>
</LocList>
</BasicStmnt>
</StmntSeq>
</Branch>
<Branch CovItemId="B38" CovItemPrefix="BBSecurity.java" Implct="false" Intrnl_Id="540">
<Cond>
<Loc EndOffset="6139" SrcFileId="5" StartOffset="6135"/>
</Cond>
<LocList>
<Loc EndOffset="6192" SrcFileId="5" StartOffset="6140"/>
</LocList>
<StmntSeq Intrnl_Id="541">
<LocList>
<Loc EndOffset="6186" SrcFileId="5" StartOffset="6148"/>
</LocList>
<BasicStmnt CovItemId="S81" CovItemPrefix="BBSecurity.java" Intrnl_Id="542">
<LocList>
<Loc EndOffset="6186" SrcFileId="5" StartOffset="6148"/>
</LocList>
</BasicStmnt>
</StmntSeq>
</Branch>
<Keyword EndOffset="5984" SrcFileId="5" StartOffset="5982"/>
<LocList>
<Loc EndOffset="6192" SrcFileId="5" StartOffset="5982"/>
</LocList>
<RootTerm CovItemId="C14" CovItemPrefix="BBSecurity.java" Intrnl_Id="543">
<OpTerm BooleanOpId="7" Intrnl_Id="544">
<OpTerm BooleanOpId="6" Intrnl_Id="545">
<BasicBoolTerm Intrnl_Id="546">
<LocList>
<Loc EndOffset="6004" SrcFileId="5" StartOffset="5986"/>
</LocList>
</BasicBoolTerm>
<BasicBoolTerm Intrnl_Id="547">
<LocList>
<Loc EndOffset="6030" SrcFileId="5" StartOffset="6008"/>
</LocList>
</BasicBoolTerm>
<LocList>
<Loc EndOffset="6007" SrcFileId="5" StartOffset="6005"/>
</LocList>
</OpTerm>
<OpTerm BooleanOpId="6" Intrnl_Id="548">
<BasicBoolTerm Intrnl_Id="549">
<LocList>
<Loc EndOffset="6055" SrcFileId="5" StartOffset="6036"/>
</LocList>
</BasicBoolTerm>
<BasicBoolTerm Intrnl_Id="550">
<LocList>
<Loc EndOffset="6080" SrcFileId="5" StartOffset="6059"/>
</LocList>
</BasicBoolTerm>
<LocList>
<Loc EndOffset="6058" SrcFileId="5" StartOffset="6056"/>
</LocList>
</OpTerm>
<LocList>
<Loc EndOffset="6034" SrcFileId="5" StartOffset="6032"/>
</LocList>
</OpTerm>
</RootTerm>
</CondStmnt>
</StmntSeq>
</HierarchyLvl>
<HierarchyLvl HierarchyLvlId="66" HierarchyLvlTypeId="9" Intrnl_Id="551" Name="generateResults">
<Header>
<Loc EndOffset="6245" SrcFileId="5" StartOffset="6215"/>
</Header>
<LocList>
<Loc EndOffset="6813" SrcFileId="5" StartOffset="6215"/>
</LocList>
<StmntSeq Intrnl_Id="552">
<LocList>
<Loc EndOffset="6809" SrcFileId="5" StartOffset="6268"/>
</LocList>
<LoopStmnt CovItemId="S82" CovItemPrefix="BBSecurity.java" Intrnl_Id="553" MltplExecId="L2-2" MltplExecPrefix="BBSecurity.java" NvrExecId="L2-0" NvrExecPrefix="BBSecurity.java" OnceExecutedId="L2-1" OnceExecutedPrefix="BBSecurity.java" OptBodyExec="true">
<StmntSeq Intrnl_Id="554">
<LocList>
<Loc EndOffset="6336" SrcFileId="5" StartOffset="6316"/>
<Loc EndOffset="6394" SrcFileId="5" StartOffset="6343"/>
<Loc EndOffset="6441" SrcFileId="5" StartOffset="6401"/>
<Loc EndOffset="6488" SrcFileId="5" StartOffset="6448"/>
<Loc EndOffset="6519" SrcFileId="5" StartOffset="6495"/>
<Loc EndOffset="6550" SrcFileId="5" StartOffset="6526"/>
<Loc EndOffset="6648" SrcFileId="5" StartOffset="6557"/>
<Loc EndOffset="6717" SrcFileId="5" StartOffset="6655"/>
<Loc EndOffset="6803" SrcFileId="5" StartOffset="6724"/>
</LocList>
<BasicStmnt CovItemId="S83" CovItemPrefix="BBSecurity.java" Intrnl_Id="555">
<LocList>
<Loc EndOffset="6336" SrcFileId="5" StartOffset="6316"/>
</LocList>
</BasicStmnt>
<BasicStmnt CovItemId="S84" CovItemPrefix="BBSecurity.java" Intrnl_Id="556">
<LocList>
<Loc EndOffset="6394" SrcFileId="5" StartOffset="6343"/>
</LocList>
</BasicStmnt>
<BasicStmnt CovItemId="S85" CovItemPrefix="BBSecurity.java" Intrnl_Id="557">
<LocList>
<Loc EndOffset="6441" SrcFileId="5" StartOffset="6401"/>
</LocList>
</BasicStmnt>
<BasicStmnt CovItemId="S86" CovItemPrefix="BBSecurity.java" Intrnl_Id="558">
<LocList>
<Loc EndOffset="6488" SrcFileId="5" StartOffset="6448"/>
</LocList>
</BasicStmnt>
<BasicStmnt CovItemId="S87" CovItemPrefix="BBSecurity.java" Intrnl_Id="559">
<LocList>
<Loc EndOffset="6519" SrcFileId="5" StartOffset="6495"/>
</LocList>
</BasicStmnt>
<BasicStmnt CovItemId="S88" CovItemPrefix="BBSecurity.java" Intrnl_Id="560">
<LocList>
<Loc EndOffset="6550" SrcFileId="5" StartOffset="6526"/>
</LocList>
</BasicStmnt>
<CondStmnt CovItemId="S89" CovItemPrefix="BBSecurity.java" Intrnl_Id="561">
<Branch CovItemId="B39" CovItemPrefix="BBSecurity.java" Implct="false" Intrnl_Id="562">
<Cond/>
<LocList>
<Loc EndOffset="6648" SrcFileId="5" StartOffset="6580"/>
</LocList>
<StmntSeq Intrnl_Id="563">
<LocList>
<Loc EndOffset="6640" SrcFileId="5" StartOffset="6590"/>
</LocList>
<BasicStmnt CovItemId="S90" CovItemPrefix="BBSecurity.java" Intrnl_Id="564">
<LocList>
<Loc EndOffset="6640" SrcFileId="5" StartOffset="6590"/>
</LocList>
</BasicStmnt>
</StmntSeq>
</Branch>
<Branch CovItemId="B40" CovItemPrefix="BBSecurity.java" Implct="true" Intrnl_Id="565">
<Cond/>
<LocList/>
<StmntSeq Intrnl_Id="566">
<LocList/>
</StmntSeq>
</Branch>
<Keyword EndOffset="6559" SrcFileId="5" StartOffset="6557"/>
<LocList>
<Loc EndOffset="6648" SrcFileId="5" StartOffset="6557"/>
</LocList>
<RootTerm CovItemId="C16" CovItemPrefix="BBSecurity.java" Intrnl_Id="567">
<BasicBoolTerm Intrnl_Id="568">
<LocList>
<Loc EndOffset="6579" SrcFileId="5" StartOffset="6560"/>
</LocList>
</BasicBoolTerm>
</RootTerm>
</CondStmnt>
<BasicStmnt CovItemId="S91" CovItemPrefix="BBSecurity.java" Intrnl_Id="569">
<LocList>
<Loc EndOffset="6717" SrcFileId="5" StartOffset="6655"/>
</LocList>
</BasicStmnt>
<CondStmnt CovItemId="S92" CovItemPrefix="BBSecurity.java" Intrnl_Id="570">
<Branch CovItemId="B41" CovItemPrefix="BBSecurity.java" Implct="false" Intrnl_Id="571">
<Cond/>
<LocList>
<Loc EndOffset="6803" SrcFileId="5" StartOffset="6750"/>
</LocList>
<StmntSeq Intrnl_Id="572">
<LocList>
<Loc EndOffset="6795" SrcFileId="5" StartOffset="6760"/>
</LocList>
<BasicStmnt CovItemId="S93" CovItemPrefix="BBSecurity.java" Intrnl_Id="573">
<LocList>
<Loc EndOffset="6795" SrcFileId="5" StartOffset="6760"/>
</LocList>
</BasicStmnt>
</StmntSeq>
</Branch>
<Branch CovItemId="B42" CovItemPrefix="BBSecurity.java" Implct="true" Intrnl_Id="574">
<Cond/>
<LocList/>
<StmntSeq Intrnl_Id="575">
<LocList/>
</StmntSeq>
</Branch>
<Keyword EndOffset="6726" SrcFileId="5" StartOffset="6724"/>
<LocList>
<Loc EndOffset="6803" SrcFileId="5" StartOffset="6724"/>
</LocList>
<RootTerm CovItemId="C17" CovItemPrefix="BBSecurity.java" Intrnl_Id="576">
<BasicBoolTerm Intrnl_Id="577">
<LocList>
<Loc EndOffset="6748" SrcFileId="5" StartOffset="6727"/>
</LocList>
</BasicBoolTerm>
</RootTerm>
</CondStmnt>
</StmntSeq>
<Keyword EndOffset="6271" SrcFileId="5" StartOffset="6268"/>
<LocList>
<Loc EndOffset="6809" SrcFileId="5" StartOffset="6268"/>
</LocList>
<RootTerm CovItemId="C15" CovItemPrefix="BBSecurity.java" Intrnl_Id="578">
<BasicBoolTerm Intrnl_Id="579">
<LocList>
<Loc EndOffset="6302" SrcFileId="5" StartOffset="6285"/>
</LocList>
</BasicBoolTerm>
</RootTerm>
</LoopStmnt>
</StmntSeq>
</HierarchyLvl>
<HierarchyLvl HierarchyLvlId="67" HierarchyLvlTypeId="9" Intrnl_Id="580" Name="getResultOutput">
<Header>
<Loc EndOffset="6847" SrcFileId="5" StartOffset="6816"/>
</Header>
<LocList>
<Loc EndOffset="6878" SrcFileId="5" StartOffset="6816"/>
</LocList>
</HierarchyLvl>
<HierarchyLvl HierarchyLvlId="68" HierarchyLvlTypeId="9" Intrnl_Id="581" Name="main">
<Header>
<Loc EndOffset="6919" SrcFileId="5" StartOffset="6881"/>
</Header>
<LocList>
<Loc EndOffset="7017" SrcFileId="5" StartOffset="6881"/>
</LocList>
<StmntSeq Intrnl_Id="582">
<LocList>
<Loc EndOffset="6966" SrcFileId="5" StartOffset="6928"/>
<Loc EndOffset="7013" SrcFileId="5" StartOffset="6971"/>
</LocList>
<BasicStmnt CovItemId="S94" CovItemPrefix="BBSecurity.java" Intrnl_Id="583">
<LocList>
<Loc EndOffset="6966" SrcFileId="5" StartOffset="6928"/>
</LocList>
</BasicStmnt>
<BasicStmnt CovItemId="S95" CovItemPrefix="BBSecurity.java" Intrnl_Id="584">
<LocList>
<Loc EndOffset="7013" SrcFileId="5" StartOffset="6971"/>
</LocList>
</BasicStmnt>
</StmntSeq>
</HierarchyLvl>
</HierarchyLvl>
</HierarchyLvl>
</MASTRoot>
<TestSession Comment="The first test session" Date="1587391283067" Name="TestSession1">
<TestCase Comment="This is a test case containing all coverage results cause no startTestCase methods where captured." Date="1587391222535" Name="UNNAMED TESTCASE">
<CovList>
<CovPrefix CovItemPrefix="BBSecurity.java">
<Cov CovItemId="B1" Value="4"/>
<Cov CovItemId="B10" Value="6"/>
<Cov CovItemId="B12" Value="6"/>
<Cov CovItemId="B14" Value="6"/>
<Cov CovItemId="B15" Value="5"/>
<Cov CovItemId="B16" Value="1"/>
<Cov CovItemId="B17" Value="2"/>
<Cov CovItemId="B19" Value="2"/>
<Cov CovItemId="B2" Value="6"/>
<Cov CovItemId="B21" Value="2"/>
<Cov CovItemId="B24" Value="2"/>
<Cov CovItemId="B26" Value="2"/>
<Cov CovItemId="B28" Value="2"/>
<Cov CovItemId="B3" Value="6"/>
<Cov CovItemId="B30" Value="2"/>
<Cov CovItemId="B31" Value="2"/>
<Cov CovItemId="B33" Value="1"/>
<Cov CovItemId="B35" Value="1"/>
<Cov CovItemId="B36" Value="1"/>
<Cov CovItemId="B37" Value="1"/>
<Cov CovItemId="B39" Value="1"/>
<Cov CovItemId="B40" Value="1"/>
<Cov CovItemId="B41" Value="1"/>
<Cov CovItemId="B42" Value="1"/>
<Cov CovItemId="B5" Value="6"/>
<Cov CovItemId="B7" Value="5"/>
<Cov CovItemId="B8" Value="1"/>
<Cov CovItemId="L1-2" Value="1"/>
<Cov CovItemId="L2-2" Value="1"/>
<Cov CovItemId="S1" Value="10"/>
<Cov CovItemId="S10" Value="6"/>
<Cov CovItemId="S11" Value="6"/>
<Cov CovItemId="S12" Value="6"/>
<Cov CovItemId="S14" Value="6"/>
<Cov CovItemId="S15" Value="5"/>
<Cov CovItemId="S16" Value="5"/>
<Cov CovItemId="S17" Value="1"/>
<Cov CovItemId="S18" Value="6"/>
<Cov CovItemId="S2" Value="10"/>
<Cov CovItemId="S20" Value="6"/>
<Cov CovItemId="S22" Value="6"/>
<Cov CovItemId="S24" Value="6"/>
<Cov CovItemId="S25" Value="5"/>
<Cov CovItemId="S26" Value="1"/>
<Cov CovItemId="S27" Value="1"/>
<Cov CovItemId="S28" Value="1"/>
<Cov CovItemId="S29" Value="1"/>
<Cov CovItemId="S3" Value="4"/>
<Cov CovItemId="S30" Value="1"/>
<Cov CovItemId="S31" Value="1"/>
<Cov CovItemId="S32" Value="1"/>
<Cov CovItemId="S33" Value="1"/>
<Cov CovItemId="S34" Value="1"/>
<Cov CovItemId="S35" Value="1"/>
<Cov CovItemId="S36" Value="1"/>
<Cov CovItemId="S37" Value="1"/>
<Cov CovItemId="S38" Value="2"/>
<Cov CovItemId="S39" Value="2"/>
<Cov CovItemId="S4" Value="6"/>
<Cov CovItemId="S40" Value="2"/>
<Cov CovItemId="S41" Value="2"/>
<Cov CovItemId="S42" Value="2"/>
<Cov CovItemId="S43" Value="2"/>
<Cov CovItemId="S45" Value="2"/>
<Cov CovItemId="S46" Value="2"/>
<Cov CovItemId="S47" Value="2"/>
<Cov CovItemId="S49" Value="2"/>
<Cov CovItemId="S5" Value="6"/>
<Cov CovItemId="S50" Value="2"/>
<Cov CovItemId="S51" Value="2"/>
<Cov CovItemId="S53" Value="2"/>
<Cov CovItemId="S55" Value="2"/>
<Cov CovItemId="S57" Value="2"/>
<Cov CovItemId="S59" Value="2"/>
<Cov CovItemId="S6" Value="6"/>
<Cov CovItemId="S61" Value="2"/>
<Cov CovItemId="S62" Value="2"/>
<Cov CovItemId="S63" Value="2"/>
<Cov CovItemId="S64" Value="2"/>
<Cov CovItemId="S65" Value="2"/>
<Cov CovItemId="S66" Value="2"/>
<Cov CovItemId="S67" Value="2"/>
<Cov CovItemId="S69" Value="1"/>
<Cov CovItemId="S7" Value="6"/>
<Cov CovItemId="S70" Value="1"/>
<Cov CovItemId="S72" Value="2"/>
<Cov CovItemId="S73" Value="1"/>
<Cov CovItemId="S74" Value="1"/>
<Cov CovItemId="S75" Value="1"/>
<Cov CovItemId="S76" Value="1"/>
<Cov CovItemId="S77" Value="1"/>
<Cov CovItemId="S78" Value="1"/>
<Cov CovItemId="S79" Value="1"/>
<Cov CovItemId="S8" Value="6"/>
<Cov CovItemId="S80" Value="1"/>
<Cov CovItemId="S82" Value="1"/>
<Cov CovItemId="S83" Value="2"/>
<Cov CovItemId="S84" Value="2"/>
<Cov CovItemId="S85" Value="2"/>
<Cov CovItemId="S86" Value="2"/>
<Cov CovItemId="S87" Value="2"/>
<Cov CovItemId="S88" Value="2"/>
<Cov CovItemId="S89" Value="2"/>
<Cov CovItemId="S90" Value="1"/>
<Cov CovItemId="S91" Value="2"/>
<Cov CovItemId="S92" Value="2"/>
<Cov CovItemId="S93" Value="1"/>
</CovPrefix>
<CovPrefix CovItemPrefix="BBSecurityEquivalenceTest.java">
<Cov CovItemId="S1" Value="1"/>
<Cov CovItemId="S10" Value="1"/>
<Cov CovItemId="S11" Value="1"/>
<Cov CovItemId="S12" Value="1"/>
<Cov CovItemId="S13" Value="1"/>
<Cov CovItemId="S14" Value="1"/>
<Cov CovItemId="S15" Value="1"/>
<Cov CovItemId="S16" Value="1"/>
<Cov CovItemId="S17" Value="1"/>
<Cov CovItemId="S18" Value="1"/>
<Cov CovItemId="S19" Value="1"/>
<Cov CovItemId="S2" Value="1"/>
<Cov CovItemId="S20" Value="1"/>
<Cov CovItemId="S21" Value="1"/>
<Cov CovItemId="S22" Value="1"/>
<Cov CovItemId="S23" Value="1"/>
<Cov CovItemId="S24" Value="1"/>
<Cov CovItemId="S25" Value="1"/>
<Cov CovItemId="S26" Value="1"/>
<Cov CovItemId="S27" Value="1"/>
<Cov CovItemId="S28" Value="1"/>
<Cov CovItemId="S29" Value="1"/>
<Cov CovItemId="S3" Value="1"/>
<Cov CovItemId="S30" Value="1"/>
<Cov CovItemId="S4" Value="1"/>
<Cov CovItemId="S5" Value="1"/>
<Cov CovItemId="S6" Value="1"/>
<Cov CovItemId="S7" Value="1"/>
<Cov CovItemId="S8" Value="1"/>
<Cov CovItemId="S9" Value="1"/>
</CovPrefix>
</CovList>
<AssgnmntList>
<AssgnmntPrefix RootTermCovItemPrefix="BBSecurity.java">
<AssgnmntListEntry Length="1" RootTermCovItemId="C1">
<MapEntry BoolAssgnmnt="0" Value="6"/>
<MapEntry BoolAssgnmnt="1" Value="4"/>
</AssgnmntListEntry>
<AssgnmntListEntry Length="3" RootTermCovItemId="C10">
<MapEntry BoolAssgnmnt="111" Value="2"/>
</AssgnmntListEntry>
<AssgnmntListEntry Length="2" RootTermCovItemId="C11">
<MapEntry BoolAssgnmnt="11" Value="2"/>
</AssgnmntListEntry>
<AssgnmntListEntry Length="3" RootTermCovItemId="C12">
<MapEntry BoolAssgnmnt="111" Value="1"/>
</AssgnmntListEntry>
<AssgnmntListEntry Length="1" RootTermCovItemId="C13">
<MapEntry BoolAssgnmnt="0" Value="1"/>
<MapEntry BoolAssgnmnt="1" Value="1"/>
</AssgnmntListEntry>
<AssgnmntListEntry Length="4" RootTermCovItemId="C14">
<MapEntry BoolAssgnmnt="1011" Value="1"/>
</AssgnmntListEntry>
<AssgnmntListEntry Length="1" RootTermCovItemId="C15">
<MapEntry BoolAssgnmnt="0" Value="1"/>
<MapEntry BoolAssgnmnt="1" Value="2"/>
</AssgnmntListEntry>
<AssgnmntListEntry Length="1" RootTermCovItemId="C16">
<MapEntry BoolAssgnmnt="0" Value="1"/>
<MapEntry BoolAssgnmnt="1" Value="1"/>
</AssgnmntListEntry>
<AssgnmntListEntry Length="1" RootTermCovItemId="C17">
<MapEntry BoolAssgnmnt="0" Value="1"/>
<MapEntry BoolAssgnmnt="1" Value="1"/>
</AssgnmntListEntry>
<AssgnmntListEntry Length="3" RootTermCovItemId="C2">
<MapEntry BoolAssgnmnt="100" Value="6"/>
</AssgnmntListEntry>
<AssgnmntListEntry Length="3" RootTermCovItemId="C3">
<MapEntry BoolAssgnmnt="100" Value="6"/>
</AssgnmntListEntry>
<AssgnmntListEntry Length="3" RootTermCovItemId="C4">
<MapEntry BoolAssgnmnt="022" Value="1"/>
<MapEntry BoolAssgnmnt="100" Value="5"/>
</AssgnmntListEntry>
<AssgnmntListEntry Length="4" RootTermCovItemId="C5">
<MapEntry BoolAssgnmnt="0111" Value="1"/>
<MapEntry BoolAssgnmnt="1222" Value="5"/>
</AssgnmntListEntry>
<AssgnmntListEntry Length="1" RootTermCovItemId="C6">
<MapEntry BoolAssgnmnt="0" Value="1"/>
<MapEntry BoolAssgnmnt="1" Value="2"/>
</AssgnmntListEntry>
<AssgnmntListEntry Length="3" RootTermCovItemId="C7">
<MapEntry BoolAssgnmnt="100" Value="2"/>
</AssgnmntListEntry>
<AssgnmntListEntry Length="3" RootTermCovItemId="C8">
<MapEntry BoolAssgnmnt="100" Value="2"/>
</AssgnmntListEntry>
<AssgnmntListEntry Length="3" RootTermCovItemId="C9">
<MapEntry BoolAssgnmnt="100" Value="2"/>
</AssgnmntListEntry>
</AssgnmntPrefix>
</AssgnmntList>
<ObjMetaDataList/>
<MetaDataList/>
</TestCase>
<MetaDataList/>
</TestSession>
<TestSession Comment="The second test session" Date="1587391375795" Name="TestSession2">
<TestCase Comment="This is a test case containing all coverage results cause no startTestCase methods where captured." Date="1587391343219" Name="UNNAMED TESTCASE">
<CovList>
<CovPrefix CovItemPrefix="BBSecurity.java">
<Cov CovItemId="B1" Value="4"/>
<Cov CovItemId="B10" Value="9"/>
<Cov CovItemId="B12" Value="9"/>
<Cov CovItemId="B13" Value="2"/>
<Cov CovItemId="B14" Value="7"/>
<Cov CovItemId="B15" Value="6"/>
<Cov CovItemId="B16" Value="3"/>
<Cov CovItemId="B17" Value="5"/>
<Cov CovItemId="B19" Value="5"/>
<Cov CovItemId="B2" Value="9"/>
<Cov CovItemId="B21" Value="5"/>
<Cov CovItemId="B24" Value="5"/>
<Cov CovItemId="B26" Value="5"/>
<Cov CovItemId="B27" Value="2"/>
<Cov CovItemId="B28" Value="3"/>
<Cov CovItemId="B29" Value="2"/>
<Cov CovItemId="B3" Value="9"/>
<Cov CovItemId="B30" Value="3"/>
<Cov CovItemId="B31" Value="3"/>
<Cov CovItemId="B33" Value="1"/>
<Cov CovItemId="B34" Value="2"/>
<Cov CovItemId="B35" Value="1"/>
<Cov CovItemId="B36" Value="2"/>
<Cov CovItemId="B37" Value="2"/>
<Cov CovItemId="B39" Value="2"/>
<Cov CovItemId="B40" Value="1"/>
<Cov CovItemId="B41" Value="2"/>
<Cov CovItemId="B42" Value="1"/>
<Cov CovItemId="B5" Value="9"/>
<Cov CovItemId="B7" Value="9"/>
<Cov CovItemId="L1-1" Value="2"/>
<Cov CovItemId="L1-2" Value="1"/>
<Cov CovItemId="L2-2" Value="1"/>
<Cov CovItemId="S1" Value="13"/>
<Cov CovItemId="S10" Value="9"/>
<Cov CovItemId="S11" Value="9"/>
<Cov CovItemId="S12" Value="9"/>
<Cov CovItemId="S14" Value="9"/>
<Cov CovItemId="S15" Value="9"/>
<Cov CovItemId="S16" Value="9"/>
<Cov CovItemId="S18" Value="9"/>
<Cov CovItemId="S2" Value="13"/>
<Cov CovItemId="S20" Value="9"/>
<Cov CovItemId="S22" Value="9"/>
<Cov CovItemId="S23" Value="2"/>
<Cov CovItemId="S24" Value="9"/>
<Cov CovItemId="S25" Value="6"/>
<Cov CovItemId="S26" Value="3"/>
<Cov CovItemId="S27" Value="3"/>
<Cov CovItemId="S28" Value="3"/>
<Cov CovItemId="S29" Value="3"/>
<Cov CovItemId="S3" Value="4"/>
<Cov CovItemId="S30" Value="3"/>
<Cov CovItemId="S31" Value="3"/>
<Cov CovItemId="S32" Value="3"/>
<Cov CovItemId="S33" Value="3"/>
<Cov CovItemId="S34" Value="3"/>
<Cov CovItemId="S35" Value="3"/>
<Cov CovItemId="S36" Value="3"/>
<Cov CovItemId="S37" Value="3"/>
<Cov CovItemId="S38" Value="5"/>
<Cov CovItemId="S39" Value="5"/>
<Cov CovItemId="S4" Value="9"/>
<Cov CovItemId="S40" Value="5"/>
<Cov CovItemId="S41" Value="5"/>
<Cov CovItemId="S42" Value="5"/>
<Cov CovItemId="S43" Value="5"/>
<Cov CovItemId="S45" Value="5"/>
<Cov CovItemId="S46" Value="5"/>
<Cov CovItemId="S47" Value="5"/>
<Cov CovItemId="S49" Value="5"/>
<Cov CovItemId="S5" Value="9"/>
<Cov CovItemId="S50" Value="5"/>
<Cov CovItemId="S51" Value="5"/>
<Cov CovItemId="S53" Value="5"/>
<Cov CovItemId="S55" Value="5"/>
<Cov CovItemId="S57" Value="5"/>
<Cov CovItemId="S58" Value="2"/>
<Cov CovItemId="S59" Value="5"/>
<Cov CovItemId="S6" Value="9"/>
<Cov CovItemId="S60" Value="2"/>
<Cov CovItemId="S61" Value="3"/>
<Cov CovItemId="S62" Value="3"/>
<Cov CovItemId="S63" Value="3"/>
<Cov CovItemId="S64" Value="3"/>
<Cov CovItemId="S65" Value="3"/>
<Cov CovItemId="S66" Value="3"/>
<Cov CovItemId="S67" Value="3"/>
<Cov CovItemId="S69" Value="3"/>
<Cov CovItemId="S7" Value="9"/>
<Cov CovItemId="S70" Value="1"/>
<Cov CovItemId="S71" Value="2"/>
<Cov CovItemId="S72" Value="3"/>
<Cov CovItemId="S73" Value="2"/>
<Cov CovItemId="S74" Value="2"/>
<Cov CovItemId="S75" Value="2"/>
<Cov CovItemId="S76" Value="2"/>
<Cov CovItemId="S77" Value="2"/>
<Cov CovItemId="S78" Value="2"/>
<Cov CovItemId="S79" Value="2"/>
<Cov CovItemId="S8" Value="9"/>
<Cov CovItemId="S80" Value="2"/>
<Cov CovItemId="S82" Value="1"/>
<Cov CovItemId="S83" Value="3"/>
<Cov CovItemId="S84" Value="3"/>
<Cov CovItemId="S85" Value="3"/>
<Cov CovItemId="S86" Value="3"/>
<Cov CovItemId="S87" Value="3"/>
<Cov CovItemId="S88" Value="3"/>
<Cov CovItemId="S89" Value="3"/>
<Cov CovItemId="S90" Value="2"/>
<Cov CovItemId="S91" Value="3"/>
<Cov CovItemId="S92" Value="3"/>
<Cov CovItemId="S93" Value="2"/>
</CovPrefix>
<CovPrefix CovItemPrefix="BBSecurityBoundaryTest.java">
<Cov CovItemId="S1" Value="1"/>
<Cov CovItemId="S10" Value="1"/>
<Cov CovItemId="S11" Value="1"/>
<Cov CovItemId="S12" Value="1"/>
<Cov CovItemId="S13" Value="1"/>
<Cov CovItemId="S14" Value="1"/>
<Cov CovItemId="S15" Value="1"/>
<Cov CovItemId="S16" Value="1"/>
<Cov CovItemId="S17" Value="1"/>
<Cov CovItemId="S18" Value="1"/>
<Cov CovItemId="S19" Value="1"/>
<Cov CovItemId="S2" Value="1"/>
<Cov CovItemId="S20" Value="1"/>
<Cov CovItemId="S21" Value="1"/>
<Cov CovItemId="S22" Value="1"/>
<Cov CovItemId="S23" Value="1"/>
<Cov CovItemId="S24" Value="1"/>
<Cov CovItemId="S25" Value="1"/>
<Cov CovItemId="S26" Value="1"/>
<Cov CovItemId="S27" Value="1"/>
<Cov CovItemId="S28" Value="1"/>
<Cov CovItemId="S29" Value="1"/>
<Cov CovItemId="S3" Value="1"/>
<Cov CovItemId="S30" Value="1"/>
<Cov CovItemId="S31" Value="1"/>
<Cov CovItemId="S32" Value="1"/>
<Cov CovItemId="S33" Value="1"/>
<Cov CovItemId="S34" Value="1"/>
<Cov CovItemId="S35" Value="1"/>
<Cov CovItemId="S36" Value="1"/>
<Cov CovItemId="S37" Value="1"/>
<Cov CovItemId="S38" Value="1"/>
<Cov CovItemId="S39" Value="1"/>
<Cov CovItemId="S4" Value="1"/>
<Cov CovItemId="S5" Value="1"/>
<Cov CovItemId="S6" Value="1"/>
<Cov CovItemId="S7" Value="1"/>
<Cov CovItemId="S8" Value="1"/>
<Cov CovItemId="S9" Value="1"/>
</CovPrefix>
</CovList>
<AssgnmntList>
<AssgnmntPrefix RootTermCovItemPrefix="BBSecurity.java">
<AssgnmntListEntry Length="1" RootTermCovItemId="C1">
<MapEntry BoolAssgnmnt="0" Value="9"/>
<MapEntry BoolAssgnmnt="1" Value="4"/>
</AssgnmntListEntry>
<AssgnmntListEntry Length="3" RootTermCovItemId="C10">
<MapEntry BoolAssgnmnt="110" Value="2"/>
<MapEntry BoolAssgnmnt="111" Value="3"/>
</AssgnmntListEntry>
<AssgnmntListEntry Length="2" RootTermCovItemId="C11">
<MapEntry BoolAssgnmnt="11" Value="3"/>
</AssgnmntListEntry>
<AssgnmntListEntry Length="3" RootTermCovItemId="C12">
<MapEntry BoolAssgnmnt="110" Value="2"/>
<MapEntry BoolAssgnmnt="111" Value="1"/>
</AssgnmntListEntry>
<AssgnmntListEntry Length="1" RootTermCovItemId="C13">
<MapEntry BoolAssgnmnt="0" Value="2"/>
<MapEntry BoolAssgnmnt="1" Value="1"/>
</AssgnmntListEntry>
<AssgnmntListEntry Length="4" RootTermCovItemId="C14">
<MapEntry BoolAssgnmnt="1011" Value="2"/>
</AssgnmntListEntry>
<AssgnmntListEntry Length="1" RootTermCovItemId="C15">
<MapEntry BoolAssgnmnt="0" Value="1"/>
<MapEntry BoolAssgnmnt="1" Value="3"/>
</AssgnmntListEntry>
<AssgnmntListEntry Length="1" RootTermCovItemId="C16">
<MapEntry BoolAssgnmnt="0" Value="1"/>
<MapEntry BoolAssgnmnt="1" Value="2"/>
</AssgnmntListEntry>
<AssgnmntListEntry Length="1" RootTermCovItemId="C17">
<MapEntry BoolAssgnmnt="0" Value="1"/>
<MapEntry BoolAssgnmnt="1" Value="2"/>
</AssgnmntListEntry>
<AssgnmntListEntry Length="3" RootTermCovItemId="C2">
<MapEntry BoolAssgnmnt="100" Value="9"/>
</AssgnmntListEntry>
<AssgnmntListEntry Length="3" RootTermCovItemId="C3">
<MapEntry BoolAssgnmnt="100" Value="9"/>
</AssgnmntListEntry>
<AssgnmntListEntry Length="3" RootTermCovItemId="C4">
<MapEntry BoolAssgnmnt="100" Value="7"/>
<MapEntry BoolAssgnmnt="101" Value="1"/>
<MapEntry BoolAssgnmnt="112" Value="1"/>
</AssgnmntListEntry>
<AssgnmntListEntry Length="4" RootTermCovItemId="C5">
<MapEntry BoolAssgnmnt="0111" Value="3"/>
<MapEntry BoolAssgnmnt="1222" Value="6"/>
</AssgnmntListEntry>
<AssgnmntListEntry Length="1" RootTermCovItemId="C6">
<MapEntry BoolAssgnmnt="0" Value="1"/>
<MapEntry BoolAssgnmnt="1" Value="5"/>
</AssgnmntListEntry>
<AssgnmntListEntry Length="3" RootTermCovItemId="C7">
<MapEntry BoolAssgnmnt="100" Value="5"/>
</AssgnmntListEntry>
<AssgnmntListEntry Length="3" RootTermCovItemId="C8">
<MapEntry BoolAssgnmnt="100" Value="5"/>
</AssgnmntListEntry>
<AssgnmntListEntry Length="3" RootTermCovItemId="C9">
<MapEntry BoolAssgnmnt="100" Value="3"/>
<MapEntry BoolAssgnmnt="101" Value="1"/>
<MapEntry BoolAssgnmnt="112" Value="1"/>
</AssgnmntListEntry>
</AssgnmntPrefix>
</AssgnmntList>
<ObjMetaDataList/>
<MetaDataList/>
</TestCase>
<MetaDataList/>
</TestSession>
<TestSession Comment="The third test session" Date="1587391443097" Name="TestSession3">
<TestCase Comment="This is a test case containing all coverage results cause no startTestCase methods where captured." Date="1587391408274" Name="UNNAMED TESTCASE">
<CovList>
<CovPrefix CovItemPrefix="BBSecurity.java">
<Cov CovItemId="B10" Value="6"/>
<Cov CovItemId="B12" Value="6"/>
<Cov CovItemId="B14" Value="6"/>
<Cov CovItemId="B16" Value="6"/>
<Cov CovItemId="B17" Value="6"/>
<Cov CovItemId="B19" Value="6"/>
<Cov CovItemId="B2" Value="6"/>
<Cov CovItemId="B21" Value="6"/>
<Cov CovItemId="B24" Value="6"/>
<Cov CovItemId="B26" Value="6"/>
<Cov CovItemId="B28" Value="6"/>
<Cov CovItemId="B3" Value="6"/>
<Cov CovItemId="B30" Value="6"/>
<Cov CovItemId="B31" Value="3"/>
<Cov CovItemId="B32" Value="3"/>
<Cov CovItemId="B33" Value="6"/>
<Cov CovItemId="B35" Value="2"/>
<Cov CovItemId="B36" Value="4"/>
<Cov CovItemId="B37" Value="4"/>
<Cov CovItemId="B39" Value="2"/>
<Cov CovItemId="B40" Value="4"/>
<Cov CovItemId="B42" Value="6"/>
<Cov CovItemId="B5" Value="6"/>
<Cov CovItemId="B7" Value="6"/>
<Cov CovItemId="L1-1" Value="6"/>
<Cov CovItemId="L2-1" Value="6"/>
<Cov CovItemId="S1" Value="6"/>
<Cov CovItemId="S10" Value="6"/>
<Cov CovItemId="S11" Value="6"/>
<Cov CovItemId="S12" Value="6"/>
<Cov CovItemId="S14" Value="6"/>
<Cov CovItemId="S15" Value="6"/>
<Cov CovItemId="S16" Value="6"/>
<Cov CovItemId="S18" Value="6"/>
<Cov CovItemId="S2" Value="6"/>
<Cov CovItemId="S20" Value="6"/>
<Cov CovItemId="S22" Value="6"/>
<Cov CovItemId="S24" Value="6"/>
<Cov CovItemId="S26" Value="6"/>
<Cov CovItemId="S27" Value="6"/>
<Cov CovItemId="S28" Value="6"/>
<Cov CovItemId="S29" Value="6"/>
<Cov CovItemId="S30" Value="6"/>
<Cov CovItemId="S31" Value="6"/>
<Cov CovItemId="S32" Value="6"/>
<Cov CovItemId="S33" Value="6"/>
<Cov CovItemId="S34" Value="6"/>
<Cov CovItemId="S35" Value="6"/>
<Cov CovItemId="S36" Value="6"/>
<Cov CovItemId="S37" Value="6"/>
<Cov CovItemId="S38" Value="6"/>
<Cov CovItemId="S39" Value="6"/>
<Cov CovItemId="S4" Value="6"/>
<Cov CovItemId="S40" Value="6"/>
<Cov CovItemId="S41" Value="6"/>
<Cov CovItemId="S42" Value="6"/>
<Cov CovItemId="S43" Value="6"/>
<Cov CovItemId="S45" Value="6"/>
<Cov CovItemId="S46" Value="6"/>
<Cov CovItemId="S47" Value="6"/>
<Cov CovItemId="S49" Value="6"/>
<Cov CovItemId="S5" Value="6"/>
<Cov CovItemId="S50" Value="6"/>
<Cov CovItemId="S51" Value="6"/>
<Cov CovItemId="S53" Value="6"/>
<Cov CovItemId="S55" Value="6"/>
<Cov CovItemId="S57" Value="6"/>
<Cov CovItemId="S59" Value="6"/>
<Cov CovItemId="S6" Value="6"/>
<Cov CovItemId="S61" Value="6"/>
<Cov CovItemId="S62" Value="6"/>
<Cov CovItemId="S63" Value="6"/>
<Cov CovItemId="S64" Value="6"/>
<Cov CovItemId="S65" Value="6"/>
<Cov CovItemId="S66" Value="6"/>
<Cov CovItemId="S67" Value="3"/>
<Cov CovItemId="S68" Value="3"/>
<Cov CovItemId="S69" Value="6"/>
<Cov CovItemId="S7" Value="6"/>
<Cov CovItemId="S70" Value="6"/>
<Cov CovItemId="S72" Value="6"/>
<Cov CovItemId="S73" Value="4"/>
<Cov CovItemId="S74" Value="4"/>
<Cov CovItemId="S75" Value="4"/>
<Cov CovItemId="S76" Value="4"/>
<Cov CovItemId="S77" Value="4"/>
<Cov CovItemId="S78" Value="4"/>
<Cov CovItemId="S79" Value="4"/>
<Cov CovItemId="S8" Value="6"/>
<Cov CovItemId="S80" Value="4"/>
<Cov CovItemId="S82" Value="6"/>
<Cov CovItemId="S83" Value="6"/>
<Cov CovItemId="S84" Value="6"/>
<Cov CovItemId="S85" Value="6"/>
<Cov CovItemId="S86" Value="6"/>
<Cov CovItemId="S87" Value="6"/>
<Cov CovItemId="S88" Value="6"/>
<Cov CovItemId="S89" Value="6"/>
<Cov CovItemId="S90" Value="2"/>
<Cov CovItemId="S91" Value="6"/>
<Cov CovItemId="S92" Value="6"/>
</CovPrefix>
<CovPrefix CovItemPrefix="BBSecurityCauseEffectTest.java">
<Cov CovItemId="S1" Value="1"/>
<Cov CovItemId="S10" Value="1"/>
<Cov CovItemId="S11" Value="1"/>
<Cov CovItemId="S12" Value="1"/>
<Cov CovItemId="S13" Value="1"/>
<Cov CovItemId="S14" Value="1"/>
<Cov CovItemId="S15" Value="1"/>
<Cov CovItemId="S16" Value="1"/>
<Cov CovItemId="S17" Value="1"/>
<Cov CovItemId="S18" Value="1"/>
<Cov CovItemId="S2" Value="1"/>
<Cov CovItemId="S3" Value="1"/>
<Cov CovItemId="S4" Value="1"/>
<Cov CovItemId="S5" Value="1"/>
<Cov CovItemId="S6" Value="1"/>
<Cov CovItemId="S7" Value="1"/>
<Cov CovItemId="S8" Value="1"/>
<Cov CovItemId="S9" Value="1"/>
</CovPrefix>
</CovList>
<AssgnmntList>
<AssgnmntPrefix RootTermCovItemPrefix="BBSecurity.java">
<AssgnmntListEntry Length="1" RootTermCovItemId="C1">
<MapEntry BoolAssgnmnt="0" Value="6"/>
</AssgnmntListEntry>
<AssgnmntListEntry Length="3" RootTermCovItemId="C10">
<MapEntry BoolAssgnmnt="111" Value="6"/>
</AssgnmntListEntry>
<AssgnmntListEntry Length="2" RootTermCovItemId="C11">
<MapEntry BoolAssgnmnt="10" Value="3"/>
<MapEntry BoolAssgnmnt="11" Value="3"/>
</AssgnmntListEntry>
<AssgnmntListEntry Length="3" RootTermCovItemId="C12">
<MapEntry BoolAssgnmnt="111" Value="6"/>
</AssgnmntListEntry>
<AssgnmntListEntry Length="1" RootTermCovItemId="C13">
<MapEntry BoolAssgnmnt="0" Value="4"/>
<MapEntry BoolAssgnmnt="1" Value="2"/>
</AssgnmntListEntry>
<AssgnmntListEntry Length="4" RootTermCovItemId="C14">
<MapEntry BoolAssgnmnt="1122" Value="2"/>
<MapEntry BoolAssgnmnt="1011" Value="2"/>
</AssgnmntListEntry>
<AssgnmntListEntry Length="1" RootTermCovItemId="C15">
<MapEntry BoolAssgnmnt="0" Value="6"/>
<MapEntry BoolAssgnmnt="1" Value="6"/>
</AssgnmntListEntry>
<AssgnmntListEntry Length="1" RootTermCovItemId="C16">
<MapEntry BoolAssgnmnt="0" Value="4"/>
<MapEntry BoolAssgnmnt="1" Value="2"/>
</AssgnmntListEntry>
<AssgnmntListEntry Length="1" RootTermCovItemId="C17">
<MapEntry BoolAssgnmnt="0" Value="6"/>
</AssgnmntListEntry>
<AssgnmntListEntry Length="3" RootTermCovItemId="C2">
<MapEntry BoolAssgnmnt="100" Value="6"/>
</AssgnmntListEntry>
<AssgnmntListEntry Length="3" RootTermCovItemId="C3">
<MapEntry BoolAssgnmnt="100" Value="6"/>
</AssgnmntListEntry>
<AssgnmntListEntry Length="3" RootTermCovItemId="C4">
<MapEntry BoolAssgnmnt="100" Value="6"/>
</AssgnmntListEntry>
<AssgnmntListEntry Length="4" RootTermCovItemId="C5">
<MapEntry BoolAssgnmnt="0111" Value="6"/>
</AssgnmntListEntry>
<AssgnmntListEntry Length="1" RootTermCovItemId="C6">
<MapEntry BoolAssgnmnt="0" Value="6"/>
<MapEntry BoolAssgnmnt="1" Value="6"/>
</AssgnmntListEntry>
<AssgnmntListEntry Length="3" RootTermCovItemId="C7">
<MapEntry BoolAssgnmnt="100" Value="6"/>
</AssgnmntListEntry>
<AssgnmntListEntry Length="3" RootTermCovItemId="C8">
<MapEntry BoolAssgnmnt="100" Value="6"/>
</AssgnmntListEntry>
<AssgnmntListEntry Length="3" RootTermCovItemId="C9">
<MapEntry BoolAssgnmnt="100" Value="6"/>
</AssgnmntListEntry>
</AssgnmntPrefix>
</AssgnmntList>
<ObjMetaDataList/>
<MetaDataList/>
</TestCase>
<MetaDataList/>
</TestSession>
<TestSession Comment="TestSession1 , TestSession2 and TestSession3" Date="1587391500018" Name="TestSession1+2+3">
<TestCase Comment="This is a test case containing all coverage results cause no startTestCase methods where captured." Date="1587391222535" Name="UNNAMED TESTCASE (TestSession1)">
<CovList>
<CovPrefix CovItemPrefix="BBSecurity.java">
<Cov CovItemId="B1" Value="4"/>
<Cov CovItemId="B10" Value="6"/>
<Cov CovItemId="B12" Value="6"/>
<Cov CovItemId="B14" Value="6"/>
<Cov CovItemId="B15" Value="5"/>
<Cov CovItemId="B16" Value="1"/>
<Cov CovItemId="B17" Value="2"/>
<Cov CovItemId="B19" Value="2"/>
<Cov CovItemId="B2" Value="6"/>
<Cov CovItemId="B21" Value="2"/>
<Cov CovItemId="B24" Value="2"/>
<Cov CovItemId="B26" Value="2"/>
<Cov CovItemId="B28" Value="2"/>
<Cov CovItemId="B3" Value="6"/>
<Cov CovItemId="B30" Value="2"/>
<Cov CovItemId="B31" Value="2"/>
<Cov CovItemId="B33" Value="1"/>
<Cov CovItemId="B35" Value="1"/>
<Cov CovItemId="B36" Value="1"/>
<Cov CovItemId="B37" Value="1"/>
<Cov CovItemId="B39" Value="1"/>
<Cov CovItemId="B40" Value="1"/>
<Cov CovItemId="B41" Value="1"/>
<Cov CovItemId="B42" Value="1"/>
<Cov CovItemId="B5" Value="6"/>
<Cov CovItemId="B7" Value="5"/>
<Cov CovItemId="B8" Value="1"/>
<Cov CovItemId="L1-2" Value="1"/>
<Cov CovItemId="L2-2" Value="1"/>
<Cov CovItemId="S1" Value="10"/>
<Cov CovItemId="S10" Value="6"/>
<Cov CovItemId="S11" Value="6"/>
<Cov CovItemId="S12" Value="6"/>
<Cov CovItemId="S14" Value="6"/>
<Cov CovItemId="S15" Value="5"/>
<Cov CovItemId="S16" Value="5"/>
<Cov CovItemId="S17" Value="1"/>
<Cov CovItemId="S18" Value="6"/>
<Cov CovItemId="S2" Value="10"/>
<Cov CovItemId="S20" Value="6"/>
<Cov CovItemId="S22" Value="6"/>
<Cov CovItemId="S24" Value="6"/>
<Cov CovItemId="S25" Value="5"/>
<Cov CovItemId="S26" Value="1"/>
<Cov CovItemId="S27" Value="1"/>
<Cov CovItemId="S28" Value="1"/>
<Cov CovItemId="S29" Value="1"/>
<Cov CovItemId="S3" Value="4"/>
<Cov CovItemId="S30" Value="1"/>
<Cov CovItemId="S31" Value="1"/>
<Cov CovItemId="S32" Value="1"/>
<Cov CovItemId="S33" Value="1"/>
<Cov CovItemId="S34" Value="1"/>
<Cov CovItemId="S35" Value="1"/>
<Cov CovItemId="S36" Value="1"/>
<Cov CovItemId="S37" Value="1"/>
<Cov CovItemId="S38" Value="2"/>
<Cov CovItemId="S39" Value="2"/>
<Cov CovItemId="S4" Value="6"/>
<Cov CovItemId="S40" Value="2"/>
<Cov CovItemId="S41" Value="2"/>
<Cov CovItemId="S42" Value="2"/>
<Cov CovItemId="S43" Value="2"/>
<Cov CovItemId="S45" Value="2"/>
<Cov CovItemId="S46" Value="2"/>
<Cov CovItemId="S47" Value="2"/>
<Cov CovItemId="S49" Value="2"/>
<Cov CovItemId="S5" Value="6"/>
<Cov CovItemId="S50" Value="2"/>
<Cov CovItemId="S51" Value="2"/>
<Cov CovItemId="S53" Value="2"/>
<Cov CovItemId="S55" Value="2"/>
<Cov CovItemId="S57" Value="2"/>
<Cov CovItemId="S59" Value="2"/>
<Cov CovItemId="S6" Value="6"/>
<Cov CovItemId="S61" Value="2"/>
<Cov CovItemId="S62" Value="2"/>
<Cov CovItemId="S63" Value="2"/>
<Cov CovItemId="S64" Value="2"/>
<Cov CovItemId="S65" Value="2"/>
<Cov CovItemId="S66" Value="2"/>
<Cov CovItemId="S67" Value="2"/>
<Cov CovItemId="S69" Value="1"/>
<Cov CovItemId="S7" Value="6"/>
<Cov CovItemId="S70" Value="1"/>
<Cov CovItemId="S72" Value="2"/>
<Cov CovItemId="S73" Value="1"/>
<Cov CovItemId="S74" Value="1"/>
<Cov CovItemId="S75" Value="1"/>
<Cov CovItemId="S76" Value="1"/>
<Cov CovItemId="S77" Value="1"/>
<Cov CovItemId="S78" Value="1"/>
<Cov CovItemId="S79" Value="1"/>
<Cov CovItemId="S8" Value="6"/>
<Cov CovItemId="S80" Value="1"/>
<Cov CovItemId="S82" Value="1"/>
<Cov CovItemId="S83" Value="2"/>
<Cov CovItemId="S84" Value="2"/>
<Cov CovItemId="S85" Value="2"/>
<Cov CovItemId="S86" Value="2"/>
<Cov CovItemId="S87" Value="2"/>
<Cov CovItemId="S88" Value="2"/>
<Cov CovItemId="S89" Value="2"/>
<Cov CovItemId="S90" Value="1"/>
<Cov CovItemId="S91" Value="2"/>
<Cov CovItemId="S92" Value="2"/>
<Cov CovItemId="S93" Value="1"/>
</CovPrefix>
<CovPrefix CovItemPrefix="BBSecurityEquivalenceTest.java">
<Cov CovItemId="S1" Value="1"/>
<Cov CovItemId="S10" Value="1"/>
<Cov CovItemId="S11" Value="1"/>
<Cov CovItemId="S12" Value="1"/>
<Cov CovItemId="S13" Value="1"/>
<Cov CovItemId="S14" Value="1"/>
<Cov CovItemId="S15" Value="1"/>
<Cov CovItemId="S16" Value="1"/>
<Cov CovItemId="S17" Value="1"/>
<Cov CovItemId="S18" Value="1"/>
<Cov CovItemId="S19" Value="1"/>
<Cov CovItemId="S2" Value="1"/>
<Cov CovItemId="S20" Value="1"/>
<Cov CovItemId="S21" Value="1"/>
<Cov CovItemId="S22" Value="1"/>
<Cov CovItemId="S23" Value="1"/>
<Cov CovItemId="S24" Value="1"/>
<Cov CovItemId="S25" Value="1"/>
<Cov CovItemId="S26" Value="1"/>
<Cov CovItemId="S27" Value="1"/>
<Cov CovItemId="S28" Value="1"/>
<Cov CovItemId="S29" Value="1"/>
<Cov CovItemId="S3" Value="1"/>
<Cov CovItemId="S30" Value="1"/>
<Cov CovItemId="S4" Value="1"/>
<Cov CovItemId="S5" Value="1"/>
<Cov CovItemId="S6" Value="1"/>
<Cov CovItemId="S7" Value="1"/>
<Cov CovItemId="S8" Value="1"/>
<Cov CovItemId="S9" Value="1"/>
</CovPrefix>
</CovList>
<AssgnmntList>
<AssgnmntPrefix RootTermCovItemPrefix="BBSecurity.java">
<AssgnmntListEntry Length="1" RootTermCovItemId="C1">
<MapEntry BoolAssgnmnt="0" Value="6"/>
<MapEntry BoolAssgnmnt="1" Value="4"/>
</AssgnmntListEntry>
<AssgnmntListEntry Length="3" RootTermCovItemId="C10">
<MapEntry BoolAssgnmnt="111" Value="2"/>
</AssgnmntListEntry>
<AssgnmntListEntry Length="2" RootTermCovItemId="C11">
<MapEntry BoolAssgnmnt="11" Value="2"/>
</AssgnmntListEntry>
<AssgnmntListEntry Length="3" RootTermCovItemId="C12">
<MapEntry BoolAssgnmnt="111" Value="1"/>
</AssgnmntListEntry>
<AssgnmntListEntry Length="1" RootTermCovItemId="C13">
<MapEntry BoolAssgnmnt="0" Value="1"/>
<MapEntry BoolAssgnmnt="1" Value="1"/>
</AssgnmntListEntry>
<AssgnmntListEntry Length="4" RootTermCovItemId="C14">
<MapEntry BoolAssgnmnt="1011" Value="1"/>
</AssgnmntListEntry>
<AssgnmntListEntry Length="1" RootTermCovItemId="C15">
<MapEntry BoolAssgnmnt="0" Value="1"/>
<MapEntry BoolAssgnmnt="1" Value="2"/>
</AssgnmntListEntry>
<AssgnmntListEntry Length="1" RootTermCovItemId="C16">
<MapEntry BoolAssgnmnt="0" Value="1"/>
<MapEntry BoolAssgnmnt="1" Value="1"/>
</AssgnmntListEntry>
<AssgnmntListEntry Length="1" RootTermCovItemId="C17">
<MapEntry BoolAssgnmnt="0" Value="1"/>
<MapEntry BoolAssgnmnt="1" Value="1"/>
</AssgnmntListEntry>
<AssgnmntListEntry Length="3" RootTermCovItemId="C2">
<MapEntry BoolAssgnmnt="100" Value="6"/>
</AssgnmntListEntry>
<AssgnmntListEntry Length="3" RootTermCovItemId="C3">
<MapEntry BoolAssgnmnt="100" Value="6"/>
</AssgnmntListEntry>
<AssgnmntListEntry Length="3" RootTermCovItemId="C4">
<MapEntry BoolAssgnmnt="022" Value="1"/>
<MapEntry BoolAssgnmnt="100" Value="5"/>
</AssgnmntListEntry>
<AssgnmntListEntry Length="4" RootTermCovItemId="C5">
<MapEntry BoolAssgnmnt="0111" Value="1"/>
<MapEntry BoolAssgnmnt="1222" Value="5"/>
</AssgnmntListEntry>
<AssgnmntListEntry Length="1" RootTermCovItemId="C6">
<MapEntry BoolAssgnmnt="0" Value="1"/>
<MapEntry BoolAssgnmnt="1" Value="2"/>
</AssgnmntListEntry>
<AssgnmntListEntry Length="3" RootTermCovItemId="C7">
<MapEntry BoolAssgnmnt="100" Value="2"/>
</AssgnmntListEntry>
<AssgnmntListEntry Length="3" RootTermCovItemId="C8">
<MapEntry BoolAssgnmnt="100" Value="2"/>
</AssgnmntListEntry>
<AssgnmntListEntry Length="3" RootTermCovItemId="C9">
<MapEntry BoolAssgnmnt="100" Value="2"/>
</AssgnmntListEntry>
</AssgnmntPrefix>
</AssgnmntList>
<ObjMetaDataList/>
<MetaDataList/>
</TestCase>
<TestCase Comment="This is a test case containing all coverage results cause no startTestCase methods where captured." Date="1587391343219" Name="UNNAMED TESTCASE (TestSession2)">
<CovList>
<CovPrefix CovItemPrefix="BBSecurity.java">
<Cov CovItemId="B1" Value="4"/>
<Cov CovItemId="B10" Value="9"/>
<Cov CovItemId="B12" Value="9"/>
<Cov CovItemId="B13" Value="2"/>
<Cov CovItemId="B14" Value="7"/>
<Cov CovItemId="B15" Value="6"/>
<Cov CovItemId="B16" Value="3"/>
<Cov CovItemId="B17" Value="5"/>
<Cov CovItemId="B19" Value="5"/>
<Cov CovItemId="B2" Value="9"/>
<Cov CovItemId="B21" Value="5"/>
<Cov CovItemId="B24" Value="5"/>
<Cov CovItemId="B26" Value="5"/>
<Cov CovItemId="B27" Value="2"/>
<Cov CovItemId="B28" Value="3"/>
<Cov CovItemId="B29" Value="2"/>
<Cov CovItemId="B3" Value="9"/>
<Cov CovItemId="B30" Value="3"/>
<Cov CovItemId="B31" Value="3"/>
<Cov CovItemId="B33" Value="1"/>
<Cov CovItemId="B34" Value="2"/>
<Cov CovItemId="B35" Value="1"/>
<Cov CovItemId="B36" Value="2"/>
<Cov CovItemId="B37" Value="2"/>
<Cov CovItemId="B39" Value="2"/>
<Cov CovItemId="B40" Value="1"/>
<Cov CovItemId="B41" Value="2"/>
<Cov CovItemId="B42" Value="1"/>
<Cov CovItemId="B5" Value="9"/>
<Cov CovItemId="B7" Value="9"/>
<Cov CovItemId="L1-1" Value="2"/>
<Cov CovItemId="L1-2" Value="1"/>
<Cov CovItemId="L2-2" Value="1"/>
<Cov CovItemId="S1" Value="13"/>
<Cov CovItemId="S10" Value="9"/>
<Cov CovItemId="S11" Value="9"/>
<Cov CovItemId="S12" Value="9"/>
<Cov CovItemId="S14" Value="9"/>
<Cov CovItemId="S15" Value="9"/>
<Cov CovItemId="S16" Value="9"/>
<Cov CovItemId="S18" Value="9"/>
<Cov CovItemId="S2" Value="13"/>
<Cov CovItemId="S20" Value="9"/>
<Cov CovItemId="S22" Value="9"/>
<Cov CovItemId="S23" Value="2"/>
<Cov CovItemId="S24" Value="9"/>
<Cov CovItemId="S25" Value="6"/>
<Cov CovItemId="S26" Value="3"/>
<Cov CovItemId="S27" Value="3"/>
<Cov CovItemId="S28" Value="3"/>
<Cov CovItemId="S29" Value="3"/>
<Cov CovItemId="S3" Value="4"/>
<Cov CovItemId="S30" Value="3"/>
<Cov CovItemId="S31" Value="3"/>
<Cov CovItemId="S32" Value="3"/>
<Cov CovItemId="S33" Value="3"/>
<Cov CovItemId="S34" Value="3"/>
<Cov CovItemId="S35" Value="3"/>
<Cov CovItemId="S36" Value="3"/>
<Cov CovItemId="S37" Value="3"/>
<Cov CovItemId="S38" Value="5"/>
<Cov CovItemId="S39" Value="5"/>
<Cov CovItemId="S4" Value="9"/>
<Cov CovItemId="S40" Value="5"/>
<Cov CovItemId="S41" Value="5"/>
<Cov CovItemId="S42" Value="5"/>
<Cov CovItemId="S43" Value="5"/>
<Cov CovItemId="S45" Value="5"/>
<Cov CovItemId="S46" Value="5"/>
<Cov CovItemId="S47" Value="5"/>
<Cov CovItemId="S49" Value="5"/>
<Cov CovItemId="S5" Value="9"/>
<Cov CovItemId="S50" Value="5"/>
<Cov CovItemId="S51" Value="5"/>
<Cov CovItemId="S53" Value="5"/>
<Cov CovItemId="S55" Value="5"/>
<Cov CovItemId="S57" Value="5"/>
<Cov CovItemId="S58" Value="2"/>
<Cov CovItemId="S59" Value="5"/>
<Cov CovItemId="S6" Value="9"/>
<Cov CovItemId="S60" Value="2"/>
<Cov CovItemId="S61" Value="3"/>
<Cov CovItemId="S62" Value="3"/>
<Cov CovItemId="S63" Value="3"/>
<Cov CovItemId="S64" Value="3"/>
<Cov CovItemId="S65" Value="3"/>
<Cov CovItemId="S66" Value="3"/>
<Cov CovItemId="S67" Value="3"/>
<Cov CovItemId="S69" Value="3"/>
<Cov CovItemId="S7" Value="9"/>
<Cov CovItemId="S70" Value="1"/>
<Cov CovItemId="S71" Value="2"/>
<Cov CovItemId="S72" Value="3"/>
<Cov CovItemId="S73" Value="2"/>
<Cov CovItemId="S74" Value="2"/>
<Cov CovItemId="S75" Value="2"/>
<Cov CovItemId="S76" Value="2"/>
<Cov CovItemId="S77" Value="2"/>
<Cov CovItemId="S78" Value="2"/>
<Cov CovItemId="S79" Value="2"/>
<Cov CovItemId="S8" Value="9"/>
<Cov CovItemId="S80" Value="2"/>
<Cov CovItemId="S82" Value="1"/>
<Cov CovItemId="S83" Value="3"/>
<Cov CovItemId="S84" Value="3"/>
<Cov CovItemId="S85" Value="3"/>
<Cov CovItemId="S86" Value="3"/>
<Cov CovItemId="S87" Value="3"/>
<Cov CovItemId="S88" Value="3"/>
<Cov CovItemId="S89" Value="3"/>
<Cov CovItemId="S90" Value="2"/>
<Cov CovItemId="S91" Value="3"/>
<Cov CovItemId="S92" Value="3"/>
<Cov CovItemId="S93" Value="2"/>
</CovPrefix>
<CovPrefix CovItemPrefix="BBSecurityBoundaryTest.java">
<Cov CovItemId="S1" Value="1"/>
<Cov CovItemId="S10" Value="1"/>
<Cov CovItemId="S11" Value="1"/>
<Cov CovItemId="S12" Value="1"/>
<Cov CovItemId="S13" Value="1"/>
<Cov CovItemId="S14" Value="1"/>
<Cov CovItemId="S15" Value="1"/>
<Cov CovItemId="S16" Value="1"/>
<Cov CovItemId="S17" Value="1"/>
<Cov CovItemId="S18" Value="1"/>
<Cov CovItemId="S19" Value="1"/>
<Cov CovItemId="S2" Value="1"/>
<Cov CovItemId="S20" Value="1"/>
<Cov CovItemId="S21" Value="1"/>
<Cov CovItemId="S22" Value="1"/>
<Cov CovItemId="S23" Value="1"/>
<Cov CovItemId="S24" Value="1"/>
<Cov CovItemId="S25" Value="1"/>
<Cov CovItemId="S26" Value="1"/>
<Cov CovItemId="S27" Value="1"/>
<Cov CovItemId="S28" Value="1"/>
<Cov CovItemId="S29" Value="1"/>
<Cov CovItemId="S3" Value="1"/>
<Cov CovItemId="S30" Value="1"/>
<Cov CovItemId="S31" Value="1"/>
<Cov CovItemId="S32" Value="1"/>
<Cov CovItemId="S33" Value="1"/>
<Cov CovItemId="S34" Value="1"/>
<Cov CovItemId="S35" Value="1"/>
<Cov CovItemId="S36" Value="1"/>
<Cov CovItemId="S37" Value="1"/>
<Cov CovItemId="S38" Value="1"/>
<Cov CovItemId="S39" Value="1"/>
<Cov CovItemId="S4" Value="1"/>
<Cov CovItemId="S5" Value="1"/>
<Cov CovItemId="S6" Value="1"/>
<Cov CovItemId="S7" Value="1"/>
<Cov CovItemId="S8" Value="1"/>
<Cov CovItemId="S9" Value="1"/>
</CovPrefix>
</CovList>
<AssgnmntList>
<AssgnmntPrefix RootTermCovItemPrefix="BBSecurity.java">
<AssgnmntListEntry Length="1" RootTermCovItemId="C1">
<MapEntry BoolAssgnmnt="0" Value="9"/>
<MapEntry BoolAssgnmnt="1" Value="4"/>
</AssgnmntListEntry>
<AssgnmntListEntry Length="3" RootTermCovItemId="C10">
<MapEntry BoolAssgnmnt="110" Value="2"/>
<MapEntry BoolAssgnmnt="111" Value="3"/>
</AssgnmntListEntry>
<AssgnmntListEntry Length="2" RootTermCovItemId="C11">
<MapEntry BoolAssgnmnt="11" Value="3"/>
</AssgnmntListEntry>
<AssgnmntListEntry Length="3" RootTermCovItemId="C12">
<MapEntry BoolAssgnmnt="110" Value="2"/>
<MapEntry BoolAssgnmnt="111" Value="1"/>
</AssgnmntListEntry>
<AssgnmntListEntry Length="1" RootTermCovItemId="C13">
<MapEntry BoolAssgnmnt="0" Value="2"/>
<MapEntry BoolAssgnmnt="1" Value="1"/>
</AssgnmntListEntry>
<AssgnmntListEntry Length="4" RootTermCovItemId="C14">
<MapEntry BoolAssgnmnt="1011" Value="2"/>
</AssgnmntListEntry>
<AssgnmntListEntry Length="1" RootTermCovItemId="C15">
<MapEntry BoolAssgnmnt="0" Value="1"/>
<MapEntry BoolAssgnmnt="1" Value="3"/>
</AssgnmntListEntry>
<AssgnmntListEntry Length="1" RootTermCovItemId="C16">
<MapEntry BoolAssgnmnt="0" Value="1"/>
<MapEntry BoolAssgnmnt="1" Value="2"/>
</AssgnmntListEntry>
<AssgnmntListEntry Length="1" RootTermCovItemId="C17">
<MapEntry BoolAssgnmnt="0" Value="1"/>
<MapEntry BoolAssgnmnt="1" Value="2"/>
</AssgnmntListEntry>
<AssgnmntListEntry Length="3" RootTermCovItemId="C2">
<MapEntry BoolAssgnmnt="100" Value="9"/>
</AssgnmntListEntry>
<AssgnmntListEntry Length="3" RootTermCovItemId="C3">
<MapEntry BoolAssgnmnt="100" Value="9"/>
</AssgnmntListEntry>
<AssgnmntListEntry Length="3" RootTermCovItemId="C4">
<MapEntry BoolAssgnmnt="100" Value="7"/>
<MapEntry BoolAssgnmnt="101" Value="1"/>
<MapEntry BoolAssgnmnt="112" Value="1"/>
</AssgnmntListEntry>
<AssgnmntListEntry Length="4" RootTermCovItemId="C5">
<MapEntry BoolAssgnmnt="0111" Value="3"/>
<MapEntry BoolAssgnmnt="1222" Value="6"/>
</AssgnmntListEntry>
<AssgnmntListEntry Length="1" RootTermCovItemId="C6">
<MapEntry BoolAssgnmnt="0" Value="1"/>
<MapEntry BoolAssgnmnt="1" Value="5"/>
</AssgnmntListEntry>
<AssgnmntListEntry Length="3" RootTermCovItemId="C7">
<MapEntry BoolAssgnmnt="100" Value="5"/>
</AssgnmntListEntry>
<AssgnmntListEntry Length="3" RootTermCovItemId="C8">
<MapEntry BoolAssgnmnt="100" Value="5"/>
</AssgnmntListEntry>
<AssgnmntListEntry Length="3" RootTermCovItemId="C9">
<MapEntry BoolAssgnmnt="100" Value="3"/>
<MapEntry BoolAssgnmnt="101" Value="1"/>
<MapEntry BoolAssgnmnt="112" Value="1"/>
</AssgnmntListEntry>
</AssgnmntPrefix>
</AssgnmntList>
<ObjMetaDataList/>
<MetaDataList/>
</TestCase>
<TestCase Comment="This is a test case containing all coverage results cause no startTestCase methods where captured." Date="1587391408274" Name="UNNAMED TESTCASE (TestSession3)">
<CovList>
<CovPrefix CovItemPrefix="BBSecurity.java">
<Cov CovItemId="B10" Value="6"/>
<Cov CovItemId="B12" Value="6"/>
<Cov CovItemId="B14" Value="6"/>
<Cov CovItemId="B16" Value="6"/>
<Cov CovItemId="B17" Value="6"/>
<Cov CovItemId="B19" Value="6"/>
<Cov CovItemId="B2" Value="6"/>
<Cov CovItemId="B21" Value="6"/>
<Cov CovItemId="B24" Value="6"/>
<Cov CovItemId="B26" Value="6"/>
<Cov CovItemId="B28" Value="6"/>
<Cov CovItemId="B3" Value="6"/>
<Cov CovItemId="B30" Value="6"/>
<Cov CovItemId="B31" Value="3"/>
<Cov CovItemId="B32" Value="3"/>
<Cov CovItemId="B33" Value="6"/>
<Cov CovItemId="B35" Value="2"/>
<Cov CovItemId="B36" Value="4"/>
<Cov CovItemId="B37" Value="4"/>
<Cov CovItemId="B39" Value="2"/>
<Cov CovItemId="B40" Value="4"/>
<Cov CovItemId="B42" Value="6"/>
<Cov CovItemId="B5" Value="6"/>
<Cov CovItemId="B7" Value="6"/>
<Cov CovItemId="L1-1" Value="6"/>
<Cov CovItemId="L2-1" Value="6"/>
<Cov CovItemId="S1" Value="6"/>
<Cov CovItemId="S10" Value="6"/>
<Cov CovItemId="S11" Value="6"/>
<Cov CovItemId="S12" Value="6"/>
<Cov CovItemId="S14" Value="6"/>
<Cov CovItemId="S15" Value="6"/>
<Cov CovItemId="S16" Value="6"/>
<Cov CovItemId="S18" Value="6"/>
<Cov CovItemId="S2" Value="6"/>
<Cov CovItemId="S20" Value="6"/>
<Cov CovItemId="S22" Value="6"/>
<Cov CovItemId="S24" Value="6"/>
<Cov CovItemId="S26" Value="6"/>
<Cov CovItemId="S27" Value="6"/>
<Cov CovItemId="S28" Value="6"/>
<Cov CovItemId="S29" Value="6"/>
<Cov CovItemId="S30" Value="6"/>
<Cov CovItemId="S31" Value="6"/>
<Cov CovItemId="S32" Value="6"/>
<Cov CovItemId="S33" Value="6"/>
<Cov CovItemId="S34" Value="6"/>
<Cov CovItemId="S35" Value="6"/>
<Cov CovItemId="S36" Value="6"/>
<Cov CovItemId="S37" Value="6"/>
<Cov CovItemId="S38" Value="6"/>
<Cov CovItemId="S39" Value="6"/>
<Cov CovItemId="S4" Value="6"/>
<Cov CovItemId="S40" Value="6"/>
<Cov CovItemId="S41" Value="6"/>
<Cov CovItemId="S42" Value="6"/>
<Cov CovItemId="S43" Value="6"/>
<Cov CovItemId="S45" Value="6"/>
<Cov CovItemId="S46" Value="6"/>
<Cov CovItemId="S47" Value="6"/>
<Cov CovItemId="S49" Value="6"/>
<Cov CovItemId="S5" Value="6"/>
<Cov CovItemId="S50" Value="6"/>
<Cov CovItemId="S51" Value="6"/>
<Cov CovItemId="S53" Value="6"/>
<Cov CovItemId="S55" Value="6"/>
<Cov CovItemId="S57" Value="6"/>
<Cov CovItemId="S59" Value="6"/>
<Cov CovItemId="S6" Value="6"/>
<Cov CovItemId="S61" Value="6"/>
<Cov CovItemId="S62" Value="6"/>
<Cov CovItemId="S63" Value="6"/>
<Cov CovItemId="S64" Value="6"/>
<Cov CovItemId="S65" Value="6"/>
<Cov CovItemId="S66" Value="6"/>
<Cov CovItemId="S67" Value="3"/>
<Cov CovItemId="S68" Value="3"/>
<Cov CovItemId="S69" Value="6"/>
<Cov CovItemId="S7" Value="6"/>
<Cov CovItemId="S70" Value="6"/>
<Cov CovItemId="S72" Value="6"/>
<Cov CovItemId="S73" Value="4"/>
<Cov CovItemId="S74" Value="4"/>
<Cov CovItemId="S75" Value="4"/>
<Cov CovItemId="S76" Value="4"/>
<Cov CovItemId="S77" Value="4"/>
<Cov CovItemId="S78" Value="4"/>
<Cov CovItemId="S79" Value="4"/>
<Cov CovItemId="S8" Value="6"/>
<Cov CovItemId="S80" Value="4"/>
<Cov CovItemId="S82" Value="6"/>
<Cov CovItemId="S83" Value="6"/>
<Cov CovItemId="S84" Value="6"/>
<Cov CovItemId="S85" Value="6"/>
<Cov CovItemId="S86" Value="6"/>
<Cov CovItemId="S87" Value="6"/>
<Cov CovItemId="S88" Value="6"/>
<Cov CovItemId="S89" Value="6"/>
<Cov CovItemId="S90" Value="2"/>
<Cov CovItemId="S91" Value="6"/>
<Cov CovItemId="S92" Value="6"/>
</CovPrefix>
<CovPrefix CovItemPrefix="BBSecurityCauseEffectTest.java">
<Cov CovItemId="S1" Value="1"/>
<Cov CovItemId="S10" Value="1"/>
<Cov CovItemId="S11" Value="1"/>
<Cov CovItemId="S12" Value="1"/>
<Cov CovItemId="S13" Value="1"/>
<Cov CovItemId="S14" Value="1"/>
<Cov CovItemId="S15" Value="1"/>
<Cov CovItemId="S16" Value="1"/>
<Cov CovItemId="S17" Value="1"/>
<Cov CovItemId="S18" Value="1"/>
<Cov CovItemId="S2" Value="1"/>
<Cov CovItemId="S3" Value="1"/>
<Cov CovItemId="S4" Value="1"/>
<Cov CovItemId="S5" Value="1"/>
<Cov CovItemId="S6" Value="1"/>
<Cov CovItemId="S7" Value="1"/>
<Cov CovItemId="S8" Value="1"/>
<Cov CovItemId="S9" Value="1"/>
</CovPrefix>
</CovList>
<AssgnmntList>
<AssgnmntPrefix RootTermCovItemPrefix="BBSecurity.java">
<AssgnmntListEntry Length="1" RootTermCovItemId="C1">
<MapEntry BoolAssgnmnt="0" Value="6"/>
</AssgnmntListEntry>
<AssgnmntListEntry Length="3" RootTermCovItemId="C10">
<MapEntry BoolAssgnmnt="111" Value="6"/>
</AssgnmntListEntry>
<AssgnmntListEntry Length="2" RootTermCovItemId="C11">
<MapEntry BoolAssgnmnt="10" Value="3"/>
<MapEntry BoolAssgnmnt="11" Value="3"/>
</AssgnmntListEntry>
<AssgnmntListEntry Length="3" RootTermCovItemId="C12">
<MapEntry BoolAssgnmnt="111" Value="6"/>
</AssgnmntListEntry>
<AssgnmntListEntry Length="1" RootTermCovItemId="C13">
<MapEntry BoolAssgnmnt="0" Value="4"/>
<MapEntry BoolAssgnmnt="1" Value="2"/>
</AssgnmntListEntry>
<AssgnmntListEntry Length="4" RootTermCovItemId="C14">
<MapEntry BoolAssgnmnt="1122" Value="2"/>
<MapEntry BoolAssgnmnt="1011" Value="2"/>
</AssgnmntListEntry>
<AssgnmntListEntry Length="1" RootTermCovItemId="C15">
<MapEntry BoolAssgnmnt="0" Value="6"/>
<MapEntry BoolAssgnmnt="1" Value="6"/>
</AssgnmntListEntry>
<AssgnmntListEntry Length="1" RootTermCovItemId="C16">
<MapEntry BoolAssgnmnt="0" Value="4"/>
<MapEntry BoolAssgnmnt="1" Value="2"/>
</AssgnmntListEntry>
<AssgnmntListEntry Length="1" RootTermCovItemId="C17">
<MapEntry BoolAssgnmnt="0" Value="6"/>
</AssgnmntListEntry>
<AssgnmntListEntry Length="3" RootTermCovItemId="C2">
<MapEntry BoolAssgnmnt="100" Value="6"/>
</AssgnmntListEntry>
<AssgnmntListEntry Length="3" RootTermCovItemId="C3">
<MapEntry BoolAssgnmnt="100" Value="6"/>
</AssgnmntListEntry>
<AssgnmntListEntry Length="3" RootTermCovItemId="C4">
<MapEntry BoolAssgnmnt="100" Value="6"/>
</AssgnmntListEntry>
<AssgnmntListEntry Length="4" RootTermCovItemId="C5">
<MapEntry BoolAssgnmnt="0111" Value="6"/>
</AssgnmntListEntry>
<AssgnmntListEntry Length="1" RootTermCovItemId="C6">
<MapEntry BoolAssgnmnt="0" Value="6"/>
<MapEntry BoolAssgnmnt="1" Value="6"/>
</AssgnmntListEntry>
<AssgnmntListEntry Length="3" RootTermCovItemId="C7">
<MapEntry BoolAssgnmnt="100" Value="6"/>
</AssgnmntListEntry>
<AssgnmntListEntry Length="3" RootTermCovItemId="C8">
<MapEntry BoolAssgnmnt="100" Value="6"/>
</AssgnmntListEntry>
<AssgnmntListEntry Length="3" RootTermCovItemId="C9">
<MapEntry BoolAssgnmnt="100" Value="6"/>
</AssgnmntListEntry>
</AssgnmntPrefix>
</AssgnmntList>
<ObjMetaDataList/>
<MetaDataList/>
</TestCase>
<MetaDataList/>
</TestSession>
</TestSessionContainer>
