<?xml version="1.0" encoding="UTF-8"?><TestSessionContainer xmlns="http://www.codecover.org/xml/testsession-container" Date="1587497399348" TestSessionContainerId="18eadd55-81be-48f7-8e53-ec6f31db70fe" version="1.0">
<SrcFileList>
<SrcFile Content="import static org.junit.Assert.assertEquals;&#10;import org.junit.Test;&#10;&#10;public class BBSecurityCauseEffectTest {&#10;  /*&#10;  * * Start c) cause-effect graphing&#10;  */&#10;  @Test&#10;  public void test1c1(){&#10;    String[] args = {&quot;1&quot;,&quot;0&quot;,&quot;1000000&quot;,&quot;60&quot;,&quot;90&quot;,&quot;36&quot;};&#10;    BBSecurity bbs = new BBSecurity(args);&#10;    assertEquals(&quot;77.19 - da&quot;, bbs.getResultOutput());&#10;  }&#10;  @Test&#10;  public void test1c2(){&#10;    String[] args = {&quot;1&quot;,&quot;0&quot;,&quot;1000000&quot;,&quot;43&quot;,&quot;86&quot;,&quot;33&quot;};&#10;    BBSecurity bbs = new BBSecurity(args);&#10;    assertEquals(&quot;95.23 - da&quot;, bbs.getResultOutput());&#10;  }&#10;  @Test&#10;  public void test1c3(){&#10;    String[] args = {&quot;1&quot;,&quot;0&quot;,&quot;100000&quot;,&quot;123&quot;,&quot;756&quot;,&quot;123&quot;};&#10;    BBSecurity bbs = new BBSecurity(args);&#10;    assertEquals(&quot;756.00 - da&quot;, bbs.getResultOutput());&#10;  }&#10;  @Test&#10;  public void test1c4(){&#10;    String[] args = {&quot;1&quot;,&quot;0&quot;,&quot;10&quot;,&quot;60&quot;,&quot;90&quot;,&quot;36&quot;};&#10;    BBSecurity bbs = new BBSecurity(args);&#10;    assertEquals(&quot;77.19 - nu&quot;, bbs.getResultOutput());&#10;  }&#10;  @Test&#10;  public void test1c5(){&#10;    String[] args = {&quot;1&quot;,&quot;0&quot;,&quot;10&quot;,&quot;43&quot;,&quot;86&quot;,&quot;33&quot;};&#10;    BBSecurity bbs = new BBSecurity(args);&#10;    assertEquals(&quot;95.23 - nu&quot;, bbs.getResultOutput());&#10;  }&#10;  @Test&#10;  public void test1c6(){&#10;    String[] args = {&quot;1&quot;,&quot;0&quot;,&quot;10&quot;,&quot;123&quot;,&quot;756&quot;,&quot;123&quot;};&#10;    BBSecurity bbs = new BBSecurity(args);&#10;    assertEquals(&quot;756.00 - nu&quot;, bbs.getResultOutput());&#10;  }&#10;  /*&#10;  * * Stop c) cause-effect graphing&#10;  */&#10;}&#10;" Filename="BBSecurityCauseEffectTest.java" Intrnl_Id="1"/>
<SrcFile Content="/*&#10;* * Problem: https://www.pbinfo.ro/probleme/2751/bbsecurity&#10;*&#10;* * !Atentie: Cerinta originala s-a modificat!&#10;*&#10;*&#10;*&#10;* * Enunt:&#10;* Domnul X lucrează la BB Security ca paznic.&#10;* Deoarece în România sunt foarte puțini hoți, acesta s-a gândit într-o zi să calculeze distanța dintre fiecare doi stâlpi de îngrădire din instituția pe care o păzește. Fiecare doi stâlpi de îngrădire sunt legați printr-un cablu rezistent, care, de obicei nu stă întins la maximum.&#10;* Din cauză ca în instituție se găsesc mulți stâlpi, domnul X vă provoacă pe voi să calculați ce și-a propus el.&#10;*&#10;*&#10;* * Cerinta:&#10;* Se dă un număr n, un interval (a,b) și n triplete de forma l, c, h, reprezentând lungimea egala a doi stâlpi, lungimea cablului dintre acestea și înălțimea la care atârnă cablul față de podea.&#10;* Se cere să se afle distanța dintre fiecare doi stâlpi care se afla in intervalul (a,b).&#10;* Fiecare rezultat va fi afișat pe cate un rând nou.&#10;*&#10;*&#10;* * Date de intrare:&#10;* Programul citește de la tastatură un număr n, doua numere a si b, și apoi n triplete de forma l, c, h, cu semnificația de mai sus.&#10;*&#10;*&#10;* * Date de iesire:&#10;* Programul va afișa pe linia n a ecranului un număr de forma x care reprezintă lungimea dintre cei doi stâlpi, corespunzătoare datelor de pe linia n+1 din consola de citire, cu exact două zecimale, indiferent de caz, rotunjind a doua zecimală în comparație cu cea de-a treia, sau, dacă a doua zecimală este 5, zecimala a doua va crește cu o unitate doar dacă există încă una sau mai multe zecimale după cea de-a treia și măcar una din ele este &gt; 0 (vezi Restricții). Alaturi de numarul x se va afisa si un mesaj daca acest numar se afla sau nu in intervalul (a,b).&#10;*&#10;*&#10;* * Restricții și precizări:&#10;* 1 ≤ n ≤ 100.000;&#10;* a, b si cele n numere citite vor fi mai mici decât 1.000.000;&#10;* n, l, c, h, a, b sunt numere naturale;&#10;* este garantat că pentru orice triplet citit există un număr 0 ≤ x ≤ c;&#10;* cea de-a doua zecimala se rotunjește de obicei după cea de-a treia (ex. 49.4376 se va afișa ca 49.44);&#10;* ∀ a| a ∈ ℕ, acesta se va afișa ca a.00 (ex. 50 se va afișa ca 50.00);&#10;* Atenție! 23.455 = 23.45 , 23.45501 = 23.46.&#10;*&#10;*&#10;*&#10;*&#10;*&#10;*&#10;* Testing commands:&#10;* javac BBSecurity.java BBSecurityTest.java &amp;&amp; junit BBSecurityTest&#10;*/&#10;&#10;import java.lang.Math.*;&#10;import java.util.*;&#10;&#10;class BBSecurity&#10;{&#10;  private int n;&#10;  private double a;&#10;  private double b;&#10;  List&lt;Double&gt; l;&#10;  List&lt;Double&gt; c;&#10;  List&lt;Double&gt; h;&#10;  List&lt;Double&gt; result;&#10;  List&lt;String&gt; resultInInterval;&#10;  private String resultOutput;&#10;  public BBSecurity (String args[]){&#10;    resultOutput = &quot;&quot;;&#10;    if(args.length &lt; 3){&#10;      resultOutput = &quot;Invalid input&quot;;&#10;    } else {&#10;      boolean validA = true;&#10;      boolean validB = true;&#10;      boolean validN = true;&#10;      try {&#10;        n = Integer.parseInt(args[0]);&#10;      } catch(Exception e){&#10;        validN = false;&#10;      }&#10;      try {&#10;        a = Integer.parseInt(args[1]);&#10;        a = Double.parseDouble(args[1]);&#10;      } catch(Exception e){&#10;        validA = false;&#10;      }&#10;      try {&#10;        b = Integer.parseInt(args[2]);&#10;        b = Double.parseDouble(args[2]);&#10;      } catch(Exception e){&#10;        validB = false;&#10;      }&#10;      if(validN &amp;&amp; (n&lt;1 || n &gt; 100000)){&#10;        validN = false;&#10;      }&#10;      if(validA &amp;&amp; (a&lt;0 || a &gt; 1000000)){&#10;        validA = false;&#10;      }&#10;      if(validB &amp;&amp; (b&lt;0 || b &gt; 1000000)){&#10;        validB = false;&#10;      }&#10;      if(args.length &lt; 3 * n + 3 || !validA || !validB || !validN){&#10;        resultOutput = &quot;Invalid input&quot;;&#10;      } else {&#10;        l = new ArrayList&lt;Double&gt;();&#10;        c = new ArrayList&lt;Double&gt;();&#10;        h = new ArrayList&lt;Double&gt;();&#10;        result = new ArrayList&lt;Double&gt;();&#10;        resultInInterval = new ArrayList&lt;String&gt;();&#10;        double res;&#10;        double lArgs = -1;&#10;        double cArgs = -1;&#10;        double hArgs = -1;&#10;        boolean validL = true;&#10;        boolean validC = true;&#10;        boolean validH = true;&#10;        for(int i = 0 ; i &lt; 3 * n ; i = i + 3){&#10;          validL = true;&#10;          validC = true;&#10;          validH = true;&#10;          try {&#10;            lArgs = Integer.parseInt(args[i + 3]);&#10;            lArgs = Double.parseDouble(args[i + 3]);&#10;          } catch(Exception e){&#10;            validL = false;&#10;          }&#10;          try {&#10;            cArgs = Integer.parseInt(args[i + 4]);&#10;            cArgs = Double.parseDouble(args[i + 4]);&#10;          } catch(Exception e){&#10;            validC = false;&#10;          }&#10;          try {&#10;            hArgs = Integer.parseInt(args[i + 5]);&#10;            hArgs = Double.parseDouble(args[i + 5]);&#10;          } catch(Exception e){&#10;            validH = false;&#10;          }&#10;          if(validL &amp;&amp; (lArgs &lt; 0 || lArgs &gt; 1000000)){&#10;            validL = false;&#10;          }&#10;          if(validC &amp;&amp; (cArgs &lt; 0 || cArgs &gt; 1000000)){&#10;            validC = false;&#10;          }&#10;          if(validH &amp;&amp; (hArgs &lt; 0 || hArgs &gt; 1000000)){&#10;            validH = false;&#10;          }&#10;          if(!validL || !validC || !validH){&#10;            break;&#10;          }&#10;          res = inputResult(Double.parseDouble(args[i + 3]),Double.parseDouble(args[i + 4]),Double.parseDouble(args[i + 5]));&#10;          l.add(Double.parseDouble(args[i + 3]));&#10;          c.add(Double.parseDouble(args[i + 4]));&#10;          h.add(Double.parseDouble(args[i + 5]));&#10;          result.add(res);&#10;          if(a &lt;= res &amp;&amp; res &lt;= b){&#10;            resultInInterval.add(&quot;da&quot;);&#10;          } else {&#10;            resultInInterval.add(&quot;nu&quot;);&#10;          }&#10;        }&#10;        if(validL &amp;&amp; validC &amp;&amp; validH){&#10;          generateResults();&#10;        } else {&#10;          resultOutput = &quot;Invalid input&quot;;&#10;        }&#10;      }&#10;    }&#10;  }&#10;  private double asinh(double x)&#10;  {&#10;    return Math.log(x + Math.sqrt(x*x + 1.0));&#10;  }&#10;  private double inputResult(double l,double c,double h){&#10;    if( h == l) {&#10;      return c;&#10;    }&#10;    double a = (-(l-h+c/2)*(l-h-c/2))/(2*(l-h));&#10;    double res = 2 * a * asinh( 50 / a);&#10;    String resString = Double.toString(res);&#10;    String[] parts = resString.split(&quot;\\.&quot;);&#10;    String part1 = parts[0];&#10;    String part2 = parts[1];&#10;    if((part2.length() &gt; 3 &amp;&amp; part2.charAt(2) == '5') || (part2.length() &gt;= 3 &amp;&amp; part2.charAt(2) &gt; '5')){&#10;      res = Math.round(res * 100.0) / 100.0;&#10;    } else {&#10;      res = Math.floor(res * 100.0) / 100.0;&#10;    }&#10;    return res;&#10;  }&#10;  private void generateResults() {&#10;    double res;&#10;    for( int i = 0 ; i &lt; result.size(); i++){&#10;      res = result.get(i);&#10;      resultOutput = resultOutput + Double.toString(res);&#10;      String resString = Double.toString(res);&#10;      String[] parts = resString.split(&quot;\\.&quot;);&#10;      String part1 = parts[0];&#10;      String part2 = parts[1];&#10;      if(part2.length() == 1){&#10;        resultOutput = resultOutput + Integer.toString(0);&#10;      }&#10;      resultOutput = resultOutput + &quot; - &quot; + resultInInterval.get(i);&#10;      if(i &lt; result.size() - 1) {&#10;        resultOutput = resultOutput + &quot;\n&quot;;&#10;      }&#10;    }&#10;  }&#10;  public String getResultOutput() {&#10;    return resultOutput;&#10;  }&#10;  public static void main(String args[])&#10;  {&#10;    BBSecurity bbs = new BBSecurity(args);&#10;    System.out.println(bbs.getResultOutput());&#10;  }&#10;}&#10;" Filename="BBSecurity.java" Intrnl_Id="2"/>
</SrcFileList>
<CritList>
<CritListEntry Name="org.codecover.model.utils.criteria.LoopCoverage" PluginName="org.codecover"/>
<CritListEntry Name="org.codecover.model.utils.criteria.ConditionCoverage" PluginName="org.codecover"/>
<CritListEntry Name="org.codecover.model.utils.criteria.BranchCoverage" PluginName="org.codecover"/>
<CritListEntry Name="org.codecover.model.utils.criteria.StatementCoverage" PluginName="org.codecover"/>
</CritList>
<BoolOpList>
<BoolOp Arity="2" Intrnl_Id="3" Name="conditional and (&amp;&amp;)">
<BoolAssgnmntBoolMapList>
<MapEntry BoolAssgnmnt="02" Value="false"/>
<MapEntry BoolAssgnmnt="10" Value="false"/>
<MapEntry BoolAssgnmnt="11" Value="true"/>
</BoolAssgnmntBoolMapList>
</BoolOp>
<BoolOp Arity="2" Intrnl_Id="4" Name="conditional or (||)">
<BoolAssgnmntBoolMapList>
<MapEntry BoolAssgnmnt="00" Value="false"/>
<MapEntry BoolAssgnmnt="01" Value="true"/>
<MapEntry BoolAssgnmnt="12" Value="true"/>
</BoolAssgnmntBoolMapList>
</BoolOp>
<BoolOp Arity="1" Intrnl_Id="5" Name="not (!)">
<BoolAssgnmntBoolMapList>
<MapEntry BoolAssgnmnt="1" Value="false"/>
<MapEntry BoolAssgnmnt="0" Value="true"/>
</BoolAssgnmntBoolMapList>
</BoolOp>
</BoolOpList>
<HierarchyLvlTypeList>
<HierarchyLvlType EnglishName="method" IntrnlName="method" Intrnl_Id="6"/>
<HierarchyLvlType EnglishName="class" IntrnlName="class" Intrnl_Id="7"/>
<HierarchyLvlType EnglishName="default package" IntrnlName="default package" Intrnl_Id="8"/>
</HierarchyLvlTypeList>
<MASTRoot>
<HierarchyLvl HierarchyLvlId="15" HierarchyLvlTypeId="8" Intrnl_Id="9" Name="default package">
<Header/>
<LocList/>
<HierarchyLvl HierarchyLvlId="7" HierarchyLvlTypeId="7" Intrnl_Id="10" Name="BBSecurityCauseEffectTest">
<Header>
<Loc EndOffset="107" SrcFileId="1" StartOffset="69"/>
</Header>
<LocList>
<Loc EndOffset="1342" SrcFileId="1" StartOffset="69"/>
</LocList>
<HierarchyLvl HierarchyLvlId="1" HierarchyLvlTypeId="6" Intrnl_Id="11" Name="test1c1">
<Header>
<Loc EndOffset="188" SrcFileId="1" StartOffset="159"/>
</Header>
<LocList>
<Loc EndOffset="347" SrcFileId="1" StartOffset="159"/>
</LocList>
<StmntSeq Intrnl_Id="12">
<LocList>
<Loc EndOffset="245" SrcFileId="1" StartOffset="194"/>
<Loc EndOffset="288" SrcFileId="1" StartOffset="250"/>
<Loc EndOffset="343" SrcFileId="1" StartOffset="293"/>
</LocList>
<BasicStmnt CovItemId="S1" CovItemPrefix="BBSecurityCauseEffectTest.java" Intrnl_Id="13">
<LocList>
<Loc EndOffset="245" SrcFileId="1" StartOffset="194"/>
</LocList>
</BasicStmnt>
<BasicStmnt CovItemId="S2" CovItemPrefix="BBSecurityCauseEffectTest.java" Intrnl_Id="14">
<LocList>
<Loc EndOffset="288" SrcFileId="1" StartOffset="250"/>
</LocList>
</BasicStmnt>
<BasicStmnt CovItemId="S3" CovItemPrefix="BBSecurityCauseEffectTest.java" Intrnl_Id="15">
<LocList>
<Loc EndOffset="343" SrcFileId="1" StartOffset="293"/>
</LocList>
</BasicStmnt>
</StmntSeq>
</HierarchyLvl>
<HierarchyLvl HierarchyLvlId="2" HierarchyLvlTypeId="6" Intrnl_Id="16" Name="test1c2">
<Header>
<Loc EndOffset="379" SrcFileId="1" StartOffset="350"/>
</Header>
<LocList>
<Loc EndOffset="538" SrcFileId="1" StartOffset="350"/>
</LocList>
<StmntSeq Intrnl_Id="17">
<LocList>
<Loc EndOffset="436" SrcFileId="1" StartOffset="385"/>
<Loc EndOffset="479" SrcFileId="1" StartOffset="441"/>
<Loc EndOffset="534" SrcFileId="1" StartOffset="484"/>
</LocList>
<BasicStmnt CovItemId="S4" CovItemPrefix="BBSecurityCauseEffectTest.java" Intrnl_Id="18">
<LocList>
<Loc EndOffset="436" SrcFileId="1" StartOffset="385"/>
</LocList>
</BasicStmnt>
<BasicStmnt CovItemId="S5" CovItemPrefix="BBSecurityCauseEffectTest.java" Intrnl_Id="19">
<LocList>
<Loc EndOffset="479" SrcFileId="1" StartOffset="441"/>
</LocList>
</BasicStmnt>
<BasicStmnt CovItemId="S6" CovItemPrefix="BBSecurityCauseEffectTest.java" Intrnl_Id="20">
<LocList>
<Loc EndOffset="534" SrcFileId="1" StartOffset="484"/>
</LocList>
</BasicStmnt>
</StmntSeq>
</HierarchyLvl>
<HierarchyLvl HierarchyLvlId="3" HierarchyLvlTypeId="6" Intrnl_Id="21" Name="test1c3">
<Header>
<Loc EndOffset="570" SrcFileId="1" StartOffset="541"/>
</Header>
<LocList>
<Loc EndOffset="732" SrcFileId="1" StartOffset="541"/>
</LocList>
<StmntSeq Intrnl_Id="22">
<LocList>
<Loc EndOffset="629" SrcFileId="1" StartOffset="576"/>
<Loc EndOffset="672" SrcFileId="1" StartOffset="634"/>
<Loc EndOffset="728" SrcFileId="1" StartOffset="677"/>
</LocList>
<BasicStmnt CovItemId="S7" CovItemPrefix="BBSecurityCauseEffectTest.java" Intrnl_Id="23">
<LocList>
<Loc EndOffset="629" SrcFileId="1" StartOffset="576"/>
</LocList>
</BasicStmnt>
<BasicStmnt CovItemId="S8" CovItemPrefix="BBSecurityCauseEffectTest.java" Intrnl_Id="24">
<LocList>
<Loc EndOffset="672" SrcFileId="1" StartOffset="634"/>
</LocList>
</BasicStmnt>
<BasicStmnt CovItemId="S9" CovItemPrefix="BBSecurityCauseEffectTest.java" Intrnl_Id="25">
<LocList>
<Loc EndOffset="728" SrcFileId="1" StartOffset="677"/>
</LocList>
</BasicStmnt>
</StmntSeq>
</HierarchyLvl>
<HierarchyLvl HierarchyLvlId="4" HierarchyLvlTypeId="6" Intrnl_Id="26" Name="test1c4">
<Header>
<Loc EndOffset="764" SrcFileId="1" StartOffset="735"/>
</Header>
<LocList>
<Loc EndOffset="918" SrcFileId="1" StartOffset="735"/>
</LocList>
<StmntSeq Intrnl_Id="27">
<LocList>
<Loc EndOffset="816" SrcFileId="1" StartOffset="770"/>
<Loc EndOffset="859" SrcFileId="1" StartOffset="821"/>
<Loc EndOffset="914" SrcFileId="1" StartOffset="864"/>
</LocList>
<BasicStmnt CovItemId="S10" CovItemPrefix="BBSecurityCauseEffectTest.java" Intrnl_Id="28">
<LocList>
<Loc EndOffset="816" SrcFileId="1" StartOffset="770"/>
</LocList>
</BasicStmnt>
<BasicStmnt CovItemId="S11" CovItemPrefix="BBSecurityCauseEffectTest.java" Intrnl_Id="29">
<LocList>
<Loc EndOffset="859" SrcFileId="1" StartOffset="821"/>
</LocList>
</BasicStmnt>
<BasicStmnt CovItemId="S12" CovItemPrefix="BBSecurityCauseEffectTest.java" Intrnl_Id="30">
<LocList>
<Loc EndOffset="914" SrcFileId="1" StartOffset="864"/>
</LocList>
</BasicStmnt>
</StmntSeq>
</HierarchyLvl>
<HierarchyLvl HierarchyLvlId="5" HierarchyLvlTypeId="6" Intrnl_Id="31" Name="test1c5">
<Header>
<Loc EndOffset="950" SrcFileId="1" StartOffset="921"/>
</Header>
<LocList>
<Loc EndOffset="1104" SrcFileId="1" StartOffset="921"/>
</LocList>
<StmntSeq Intrnl_Id="32">
<LocList>
<Loc EndOffset="1002" SrcFileId="1" StartOffset="956"/>
<Loc EndOffset="1045" SrcFileId="1" StartOffset="1007"/>
<Loc EndOffset="1100" SrcFileId="1" StartOffset="1050"/>
</LocList>
<BasicStmnt CovItemId="S13" CovItemPrefix="BBSecurityCauseEffectTest.java" Intrnl_Id="33">
<LocList>
<Loc EndOffset="1002" SrcFileId="1" StartOffset="956"/>
</LocList>
</BasicStmnt>
<BasicStmnt CovItemId="S14" CovItemPrefix="BBSecurityCauseEffectTest.java" Intrnl_Id="34">
<LocList>
<Loc EndOffset="1045" SrcFileId="1" StartOffset="1007"/>
</LocList>
</BasicStmnt>
<BasicStmnt CovItemId="S15" CovItemPrefix="BBSecurityCauseEffectTest.java" Intrnl_Id="35">
<LocList>
<Loc EndOffset="1100" SrcFileId="1" StartOffset="1050"/>
</LocList>
</BasicStmnt>
</StmntSeq>
</HierarchyLvl>
<HierarchyLvl HierarchyLvlId="6" HierarchyLvlTypeId="6" Intrnl_Id="36" Name="test1c6">
<Header>
<Loc EndOffset="1136" SrcFileId="1" StartOffset="1107"/>
</Header>
<LocList>
<Loc EndOffset="1294" SrcFileId="1" StartOffset="1107"/>
</LocList>
<StmntSeq Intrnl_Id="37">
<LocList>
<Loc EndOffset="1191" SrcFileId="1" StartOffset="1142"/>
<Loc EndOffset="1234" SrcFileId="1" StartOffset="1196"/>
<Loc EndOffset="1290" SrcFileId="1" StartOffset="1239"/>
</LocList>
<BasicStmnt CovItemId="S16" CovItemPrefix="BBSecurityCauseEffectTest.java" Intrnl_Id="38">
<LocList>
<Loc EndOffset="1191" SrcFileId="1" StartOffset="1142"/>
</LocList>
</BasicStmnt>
<BasicStmnt CovItemId="S17" CovItemPrefix="BBSecurityCauseEffectTest.java" Intrnl_Id="39">
<LocList>
<Loc EndOffset="1234" SrcFileId="1" StartOffset="1196"/>
</LocList>
</BasicStmnt>
<BasicStmnt CovItemId="S18" CovItemPrefix="BBSecurityCauseEffectTest.java" Intrnl_Id="40">
<LocList>
<Loc EndOffset="1290" SrcFileId="1" StartOffset="1239"/>
</LocList>
</BasicStmnt>
</StmntSeq>
</HierarchyLvl>
</HierarchyLvl>
<HierarchyLvl HierarchyLvlId="14" HierarchyLvlTypeId="7" Intrnl_Id="41" Name="BBSecurity">
<Header>
<Loc EndOffset="2293" SrcFileId="2" StartOffset="2277"/>
</Header>
<LocList>
<Loc EndOffset="7019" SrcFileId="2" StartOffset="2277"/>
</LocList>
<HierarchyLvl HierarchyLvlId="8" HierarchyLvlTypeId="6" Intrnl_Id="42" Name="BBSecurity">
<Header>
<Loc EndOffset="2529" SrcFileId="2" StartOffset="2496"/>
</Header>
<LocList>
<Loc EndOffset="5553" SrcFileId="2" StartOffset="2496"/>
</LocList>
<StmntSeq Intrnl_Id="43">
<LocList>
<Loc EndOffset="2553" SrcFileId="2" StartOffset="2535"/>
<Loc EndOffset="5549" SrcFileId="2" StartOffset="2558"/>
</LocList>
<BasicStmnt CovItemId="S1" CovItemPrefix="BBSecurity.java" Intrnl_Id="44">
<LocList>
<Loc EndOffset="2553" SrcFileId="2" StartOffset="2535"/>
</LocList>
</BasicStmnt>
<CondStmnt CovItemId="S2" CovItemPrefix="BBSecurity.java" Intrnl_Id="45">
<Branch CovItemId="B1" CovItemPrefix="BBSecurity.java" Implct="false" Intrnl_Id="46">
<Cond/>
<LocList>
<Loc EndOffset="2622" SrcFileId="2" StartOffset="2577"/>
</LocList>
<StmntSeq Intrnl_Id="47">
<LocList>
<Loc EndOffset="2616" SrcFileId="2" StartOffset="2585"/>
</LocList>
<BasicStmnt CovItemId="S3" CovItemPrefix="BBSecurity.java" Intrnl_Id="48">
<LocList>
<Loc EndOffset="2616" SrcFileId="2" StartOffset="2585"/>
</LocList>
</BasicStmnt>
</StmntSeq>
</Branch>
<Branch CovItemId="B2" CovItemPrefix="BBSecurity.java" Implct="false" Intrnl_Id="49">
<Cond>
<Loc EndOffset="2627" SrcFileId="2" StartOffset="2623"/>
</Cond>
<LocList>
<Loc EndOffset="5549" SrcFileId="2" StartOffset="2628"/>
</LocList>
<StmntSeq Intrnl_Id="50">
<LocList>
<Loc EndOffset="2658" SrcFileId="2" StartOffset="2636"/>
<Loc EndOffset="2687" SrcFileId="2" StartOffset="2665"/>
<Loc EndOffset="2716" SrcFileId="2" StartOffset="2694"/>
<Loc EndOffset="2827" SrcFileId="2" StartOffset="2723"/>
<Loc EndOffset="2979" SrcFileId="2" StartOffset="2834"/>
<Loc EndOffset="3131" SrcFileId="2" StartOffset="2986"/>
<Loc EndOffset="3204" SrcFileId="2" StartOffset="3138"/>
<Loc EndOffset="3278" SrcFileId="2" StartOffset="3211"/>
<Loc EndOffset="3352" SrcFileId="2" StartOffset="3285"/>
<Loc EndOffset="5543" SrcFileId="2" StartOffset="3359"/>
</LocList>
<BasicStmnt CovItemId="S4" CovItemPrefix="BBSecurity.java" Intrnl_Id="51">
<LocList>
<Loc EndOffset="2658" SrcFileId="2" StartOffset="2636"/>
</LocList>
</BasicStmnt>
<BasicStmnt CovItemId="S5" CovItemPrefix="BBSecurity.java" Intrnl_Id="52">
<LocList>
<Loc EndOffset="2687" SrcFileId="2" StartOffset="2665"/>
</LocList>
</BasicStmnt>
<BasicStmnt CovItemId="S6" CovItemPrefix="BBSecurity.java" Intrnl_Id="53">
<LocList>
<Loc EndOffset="2716" SrcFileId="2" StartOffset="2694"/>
</LocList>
</BasicStmnt>
<CondStmnt CovItemId="S7" CovItemPrefix="BBSecurity.java" Intrnl_Id="54">
<Branch CovItemId="B3" CovItemPrefix="BBSecurity.java" Implct="true" Intrnl_Id="55">
<Cond/>
<LocList>
<Loc EndOffset="2775" SrcFileId="2" StartOffset="2727"/>
</LocList>
<StmntSeq Intrnl_Id="56">
<LocList>
<Loc EndOffset="2767" SrcFileId="2" StartOffset="2737"/>
</LocList>
<BasicStmnt CovItemId="S8" CovItemPrefix="BBSecurity.java" Intrnl_Id="57">
<LocList>
<Loc EndOffset="2767" SrcFileId="2" StartOffset="2737"/>
</LocList>
</BasicStmnt>
</StmntSeq>
</Branch>
<Branch CovItemId="B4" CovItemPrefix="BBSecurity.java" Implct="false" Intrnl_Id="58">
<Cond>
<Loc EndOffset="2794" SrcFileId="2" StartOffset="2776"/>
</Cond>
<LocList>
<Loc EndOffset="2827" SrcFileId="2" StartOffset="2794"/>
</LocList>
<StmntSeq Intrnl_Id="59">
<LocList>
<Loc EndOffset="2819" SrcFileId="2" StartOffset="2804"/>
</LocList>
<BasicStmnt CovItemId="S9" CovItemPrefix="BBSecurity.java" Intrnl_Id="60">
<LocList>
<Loc EndOffset="2819" SrcFileId="2" StartOffset="2804"/>
</LocList>
</BasicStmnt>
</StmntSeq>
</Branch>
<Keyword EndOffset="2726" SrcFileId="2" StartOffset="2723"/>
<LocList>
<Loc EndOffset="2827" SrcFileId="2" StartOffset="2723"/>
</LocList>
</CondStmnt>
<CondStmnt CovItemId="S10" CovItemPrefix="BBSecurity.java" Intrnl_Id="61">
<Branch CovItemId="B5" CovItemPrefix="BBSecurity.java" Implct="true" Intrnl_Id="62">
<Cond/>
<LocList>
<Loc EndOffset="2927" SrcFileId="2" StartOffset="2838"/>
</LocList>
<StmntSeq Intrnl_Id="63">
<LocList>
<Loc EndOffset="2878" SrcFileId="2" StartOffset="2848"/>
<Loc EndOffset="2919" SrcFileId="2" StartOffset="2887"/>
</LocList>
<BasicStmnt CovItemId="S11" CovItemPrefix="BBSecurity.java" Intrnl_Id="64">
<LocList>
<Loc EndOffset="2878" SrcFileId="2" StartOffset="2848"/>
</LocList>
</BasicStmnt>
<BasicStmnt CovItemId="S12" CovItemPrefix="BBSecurity.java" Intrnl_Id="65">
<LocList>
<Loc EndOffset="2919" SrcFileId="2" StartOffset="2887"/>
</LocList>
</BasicStmnt>
</StmntSeq>
</Branch>
<Branch CovItemId="B6" CovItemPrefix="BBSecurity.java" Implct="false" Intrnl_Id="66">
<Cond>
<Loc EndOffset="2946" SrcFileId="2" StartOffset="2928"/>
</Cond>
<LocList>
<Loc EndOffset="2979" SrcFileId="2" StartOffset="2946"/>
</LocList>
<StmntSeq Intrnl_Id="67">
<LocList>
<Loc EndOffset="2971" SrcFileId="2" StartOffset="2956"/>
</LocList>
<BasicStmnt CovItemId="S13" CovItemPrefix="BBSecurity.java" Intrnl_Id="68">
<LocList>
<Loc EndOffset="2971" SrcFileId="2" StartOffset="2956"/>
</LocList>
</BasicStmnt>
</StmntSeq>
</Branch>
<Keyword EndOffset="2837" SrcFileId="2" StartOffset="2834"/>
<LocList>
<Loc EndOffset="2979" SrcFileId="2" StartOffset="2834"/>
</LocList>
</CondStmnt>
<CondStmnt CovItemId="S14" CovItemPrefix="BBSecurity.java" Intrnl_Id="69">
<Branch CovItemId="B7" CovItemPrefix="BBSecurity.java" Implct="true" Intrnl_Id="70">
<Cond/>
<LocList>
<Loc EndOffset="3079" SrcFileId="2" StartOffset="2990"/>
</LocList>
<StmntSeq Intrnl_Id="71">
<LocList>
<Loc EndOffset="3030" SrcFileId="2" StartOffset="3000"/>
<Loc EndOffset="3071" SrcFileId="2" StartOffset="3039"/>
</LocList>
<BasicStmnt CovItemId="S15" CovItemPrefix="BBSecurity.java" Intrnl_Id="72">
<LocList>
<Loc EndOffset="3030" SrcFileId="2" StartOffset="3000"/>
</LocList>
</BasicStmnt>
<BasicStmnt CovItemId="S16" CovItemPrefix="BBSecurity.java" Intrnl_Id="73">
<LocList>
<Loc EndOffset="3071" SrcFileId="2" StartOffset="3039"/>
</LocList>
</BasicStmnt>
</StmntSeq>
</Branch>
<Branch CovItemId="B8" CovItemPrefix="BBSecurity.java" Implct="false" Intrnl_Id="74">
<Cond>
<Loc EndOffset="3098" SrcFileId="2" StartOffset="3080"/>
</Cond>
<LocList>
<Loc EndOffset="3131" SrcFileId="2" StartOffset="3098"/>
</LocList>
<StmntSeq Intrnl_Id="75">
<LocList>
<Loc EndOffset="3123" SrcFileId="2" StartOffset="3108"/>
</LocList>
<BasicStmnt CovItemId="S17" CovItemPrefix="BBSecurity.java" Intrnl_Id="76">
<LocList>
<Loc EndOffset="3123" SrcFileId="2" StartOffset="3108"/>
</LocList>
</BasicStmnt>
</StmntSeq>
</Branch>
<Keyword EndOffset="2989" SrcFileId="2" StartOffset="2986"/>
<LocList>
<Loc EndOffset="3131" SrcFileId="2" StartOffset="2986"/>
</LocList>
</CondStmnt>
<CondStmnt CovItemId="S18" CovItemPrefix="BBSecurity.java" Intrnl_Id="77">
<Branch CovItemId="B9" CovItemPrefix="BBSecurity.java" Implct="false" Intrnl_Id="78">
<Cond/>
<LocList>
<Loc EndOffset="3204" SrcFileId="2" StartOffset="3171"/>
</LocList>
<StmntSeq Intrnl_Id="79">
<LocList>
<Loc EndOffset="3196" SrcFileId="2" StartOffset="3181"/>
</LocList>
<BasicStmnt CovItemId="S19" CovItemPrefix="BBSecurity.java" Intrnl_Id="80">
<LocList>
<Loc EndOffset="3196" SrcFileId="2" StartOffset="3181"/>
</LocList>
</BasicStmnt>
</StmntSeq>
</Branch>
<Branch CovItemId="B10" CovItemPrefix="BBSecurity.java" Implct="true" Intrnl_Id="81">
<Cond/>
<LocList/>
<StmntSeq Intrnl_Id="82">
<LocList/>
</StmntSeq>
</Branch>
<Keyword EndOffset="3140" SrcFileId="2" StartOffset="3138"/>
<LocList>
<Loc EndOffset="3204" SrcFileId="2" StartOffset="3138"/>
</LocList>
<RootTerm CovItemId="C2" CovItemPrefix="BBSecurity.java" Intrnl_Id="83">
<OpTerm BooleanOpId="3" Intrnl_Id="84">
<BasicBoolTerm Intrnl_Id="85">
<LocList>
<Loc EndOffset="3147" SrcFileId="2" StartOffset="3141"/>
</LocList>
</BasicBoolTerm>
<OpTerm BooleanOpId="4" Intrnl_Id="86">
<BasicBoolTerm Intrnl_Id="87">
<LocList>
<Loc EndOffset="3155" SrcFileId="2" StartOffset="3152"/>
</LocList>
</BasicBoolTerm>
<BasicBoolTerm Intrnl_Id="88">
<LocList>
<Loc EndOffset="3169" SrcFileId="2" StartOffset="3159"/>
</LocList>
</BasicBoolTerm>
<LocList>
<Loc EndOffset="3158" SrcFileId="2" StartOffset="3156"/>
</LocList>
</OpTerm>
<LocList>
<Loc EndOffset="3150" SrcFileId="2" StartOffset="3148"/>
</LocList>
</OpTerm>
</RootTerm>
</CondStmnt>
<CondStmnt CovItemId="S20" CovItemPrefix="BBSecurity.java" Intrnl_Id="89">
<Branch CovItemId="B11" CovItemPrefix="BBSecurity.java" Implct="false" Intrnl_Id="90">
<Cond/>
<LocList>
<Loc EndOffset="3278" SrcFileId="2" StartOffset="3245"/>
</LocList>
<StmntSeq Intrnl_Id="91">
<LocList>
<Loc EndOffset="3270" SrcFileId="2" StartOffset="3255"/>
</LocList>
<BasicStmnt CovItemId="S21" CovItemPrefix="BBSecurity.java" Intrnl_Id="92">
<LocList>
<Loc EndOffset="3270" SrcFileId="2" StartOffset="3255"/>
</LocList>
</BasicStmnt>
</StmntSeq>
</Branch>
<Branch CovItemId="B12" CovItemPrefix="BBSecurity.java" Implct="true" Intrnl_Id="93">
<Cond/>
<LocList/>
<StmntSeq Intrnl_Id="94">
<LocList/>
</StmntSeq>
</Branch>
<Keyword EndOffset="3213" SrcFileId="2" StartOffset="3211"/>
<LocList>
<Loc EndOffset="3278" SrcFileId="2" StartOffset="3211"/>
</LocList>
<RootTerm CovItemId="C3" CovItemPrefix="BBSecurity.java" Intrnl_Id="95">
<OpTerm BooleanOpId="3" Intrnl_Id="96">
<BasicBoolTerm Intrnl_Id="97">
<LocList>
<Loc EndOffset="3220" SrcFileId="2" StartOffset="3214"/>
</LocList>
</BasicBoolTerm>
<OpTerm BooleanOpId="4" Intrnl_Id="98">
<BasicBoolTerm Intrnl_Id="99">
<LocList>
<Loc EndOffset="3228" SrcFileId="2" StartOffset="3225"/>
</LocList>
</BasicBoolTerm>
<BasicBoolTerm Intrnl_Id="100">
<LocList>
<Loc EndOffset="3243" SrcFileId="2" StartOffset="3232"/>
</LocList>
</BasicBoolTerm>
<LocList>
<Loc EndOffset="3231" SrcFileId="2" StartOffset="3229"/>
</LocList>
</OpTerm>
<LocList>
<Loc EndOffset="3223" SrcFileId="2" StartOffset="3221"/>
</LocList>
</OpTerm>
</RootTerm>
</CondStmnt>
<CondStmnt CovItemId="S22" CovItemPrefix="BBSecurity.java" Intrnl_Id="101">
<Branch CovItemId="B13" CovItemPrefix="BBSecurity.java" Implct="false" Intrnl_Id="102">
<Cond/>
<LocList>
<Loc EndOffset="3352" SrcFileId="2" StartOffset="3319"/>
</LocList>
<StmntSeq Intrnl_Id="103">
<LocList>
<Loc EndOffset="3344" SrcFileId="2" StartOffset="3329"/>
</LocList>
<BasicStmnt CovItemId="S23" CovItemPrefix="BBSecurity.java" Intrnl_Id="104">
<LocList>
<Loc EndOffset="3344" SrcFileId="2" StartOffset="3329"/>
</LocList>
</BasicStmnt>
</StmntSeq>
</Branch>
<Branch CovItemId="B14" CovItemPrefix="BBSecurity.java" Implct="true" Intrnl_Id="105">
<Cond/>
<LocList/>
<StmntSeq Intrnl_Id="106">
<LocList/>
</StmntSeq>
</Branch>
<Keyword EndOffset="3287" SrcFileId="2" StartOffset="3285"/>
<LocList>
<Loc EndOffset="3352" SrcFileId="2" StartOffset="3285"/>
</LocList>
<RootTerm CovItemId="C4" CovItemPrefix="BBSecurity.java" Intrnl_Id="107">
<OpTerm BooleanOpId="3" Intrnl_Id="108">
<BasicBoolTerm Intrnl_Id="109">
<LocList>
<Loc EndOffset="3294" SrcFileId="2" StartOffset="3288"/>
</LocList>
</BasicBoolTerm>
<OpTerm BooleanOpId="4" Intrnl_Id="110">
<BasicBoolTerm Intrnl_Id="111">
<LocList>
<Loc EndOffset="3302" SrcFileId="2" StartOffset="3299"/>
</LocList>
</BasicBoolTerm>
<BasicBoolTerm Intrnl_Id="112">
<LocList>
<Loc EndOffset="3317" SrcFileId="2" StartOffset="3306"/>
</LocList>
</BasicBoolTerm>
<LocList>
<Loc EndOffset="3305" SrcFileId="2" StartOffset="3303"/>
</LocList>
</OpTerm>
<LocList>
<Loc EndOffset="3297" SrcFileId="2" StartOffset="3295"/>
</LocList>
</OpTerm>
</RootTerm>
</CondStmnt>
<CondStmnt CovItemId="S24" CovItemPrefix="BBSecurity.java" Intrnl_Id="113">
<Branch CovItemId="B15" CovItemPrefix="BBSecurity.java" Implct="false" Intrnl_Id="114">
<Cond/>
<LocList>
<Loc EndOffset="3468" SrcFileId="2" StartOffset="3419"/>
</LocList>
<StmntSeq Intrnl_Id="115">
<LocList>
<Loc EndOffset="3460" SrcFileId="2" StartOffset="3429"/>
</LocList>
<BasicStmnt CovItemId="S25" CovItemPrefix="BBSecurity.java" Intrnl_Id="116">
<LocList>
<Loc EndOffset="3460" SrcFileId="2" StartOffset="3429"/>
</LocList>
</BasicStmnt>
</StmntSeq>
</Branch>
<Branch CovItemId="B16" CovItemPrefix="BBSecurity.java" Implct="false" Intrnl_Id="117">
<Cond>
<Loc EndOffset="3473" SrcFileId="2" StartOffset="3469"/>
</Cond>
<LocList>
<Loc EndOffset="5543" SrcFileId="2" StartOffset="3474"/>
</LocList>
<StmntSeq Intrnl_Id="118">
<LocList>
<Loc EndOffset="3512" SrcFileId="2" StartOffset="3484"/>
<Loc EndOffset="3549" SrcFileId="2" StartOffset="3521"/>
<Loc EndOffset="3586" SrcFileId="2" StartOffset="3558"/>
<Loc EndOffset="3628" SrcFileId="2" StartOffset="3595"/>
<Loc EndOffset="3680" SrcFileId="2" StartOffset="3637"/>
<Loc EndOffset="3727" SrcFileId="2" StartOffset="3709"/>
<Loc EndOffset="3754" SrcFileId="2" StartOffset="3736"/>
<Loc EndOffset="3781" SrcFileId="2" StartOffset="3763"/>
<Loc EndOffset="3812" SrcFileId="2" StartOffset="3790"/>
<Loc EndOffset="3843" SrcFileId="2" StartOffset="3821"/>
<Loc EndOffset="3874" SrcFileId="2" StartOffset="3852"/>
<Loc EndOffset="5397" SrcFileId="2" StartOffset="3883"/>
<Loc EndOffset="5535" SrcFileId="2" StartOffset="5406"/>
</LocList>
<BasicStmnt CovItemId="S26" CovItemPrefix="BBSecurity.java" Intrnl_Id="119">
<LocList>
<Loc EndOffset="3512" SrcFileId="2" StartOffset="3484"/>
</LocList>
</BasicStmnt>
<BasicStmnt CovItemId="S27" CovItemPrefix="BBSecurity.java" Intrnl_Id="120">
<LocList>
<Loc EndOffset="3549" SrcFileId="2" StartOffset="3521"/>
</LocList>
</BasicStmnt>
<BasicStmnt CovItemId="S28" CovItemPrefix="BBSecurity.java" Intrnl_Id="121">
<LocList>
<Loc EndOffset="3586" SrcFileId="2" StartOffset="3558"/>
</LocList>
</BasicStmnt>
<BasicStmnt CovItemId="S29" CovItemPrefix="BBSecurity.java" Intrnl_Id="122">
<LocList>
<Loc EndOffset="3628" SrcFileId="2" StartOffset="3595"/>
</LocList>
</BasicStmnt>
<BasicStmnt CovItemId="S30" CovItemPrefix="BBSecurity.java" Intrnl_Id="123">
<LocList>
<Loc EndOffset="3680" SrcFileId="2" StartOffset="3637"/>
</LocList>
</BasicStmnt>
<BasicStmnt CovItemId="S31" CovItemPrefix="BBSecurity.java" Intrnl_Id="124">
<LocList>
<Loc EndOffset="3727" SrcFileId="2" StartOffset="3709"/>
</LocList>
</BasicStmnt>
<BasicStmnt CovItemId="S32" CovItemPrefix="BBSecurity.java" Intrnl_Id="125">
<LocList>
<Loc EndOffset="3754" SrcFileId="2" StartOffset="3736"/>
</LocList>
</BasicStmnt>
<BasicStmnt CovItemId="S33" CovItemPrefix="BBSecurity.java" Intrnl_Id="126">
<LocList>
<Loc EndOffset="3781" SrcFileId="2" StartOffset="3763"/>
</LocList>
</BasicStmnt>
<BasicStmnt CovItemId="S34" CovItemPrefix="BBSecurity.java" Intrnl_Id="127">
<LocList>
<Loc EndOffset="3812" SrcFileId="2" StartOffset="3790"/>
</LocList>
</BasicStmnt>
<BasicStmnt CovItemId="S35" CovItemPrefix="BBSecurity.java" Intrnl_Id="128">
<LocList>
<Loc EndOffset="3843" SrcFileId="2" StartOffset="3821"/>
</LocList>
</BasicStmnt>
<BasicStmnt CovItemId="S36" CovItemPrefix="BBSecurity.java" Intrnl_Id="129">
<LocList>
<Loc EndOffset="3874" SrcFileId="2" StartOffset="3852"/>
</LocList>
</BasicStmnt>
<LoopStmnt CovItemId="S37" CovItemPrefix="BBSecurity.java" Intrnl_Id="130" MltplExecId="L1-2" MltplExecPrefix="BBSecurity.java" NvrExecId="L1-0" NvrExecPrefix="BBSecurity.java" OnceExecutedId="L1-1" OnceExecutedPrefix="BBSecurity.java" OptBodyExec="true">
<StmntSeq Intrnl_Id="131">
<LocList>
<Loc EndOffset="3947" SrcFileId="2" StartOffset="3933"/>
<Loc EndOffset="3972" SrcFileId="2" StartOffset="3958"/>
<Loc EndOffset="3997" SrcFileId="2" StartOffset="3983"/>
<Loc EndOffset="4189" SrcFileId="2" StartOffset="4008"/>
<Loc EndOffset="4381" SrcFileId="2" StartOffset="4200"/>
<Loc EndOffset="4573" SrcFileId="2" StartOffset="4392"/>
<Loc EndOffset="4669" SrcFileId="2" StartOffset="4584"/>
<Loc EndOffset="4765" SrcFileId="2" StartOffset="4680"/>
<Loc EndOffset="4861" SrcFileId="2" StartOffset="4776"/>
<Loc EndOffset="4937" SrcFileId="2" StartOffset="4872"/>
<Loc EndOffset="5063" SrcFileId="2" StartOffset="4948"/>
<Loc EndOffset="5113" SrcFileId="2" StartOffset="5074"/>
<Loc EndOffset="5163" SrcFileId="2" StartOffset="5124"/>
<Loc EndOffset="5213" SrcFileId="2" StartOffset="5174"/>
<Loc EndOffset="5240" SrcFileId="2" StartOffset="5224"/>
<Loc EndOffset="5387" SrcFileId="2" StartOffset="5251"/>
</LocList>
<BasicStmnt CovItemId="S38" CovItemPrefix="BBSecurity.java" Intrnl_Id="132">
<LocList>
<Loc EndOffset="3947" SrcFileId="2" StartOffset="3933"/>
</LocList>
</BasicStmnt>
<BasicStmnt CovItemId="S39" CovItemPrefix="BBSecurity.java" Intrnl_Id="133">
<LocList>
<Loc EndOffset="3972" SrcFileId="2" StartOffset="3958"/>
</LocList>
</BasicStmnt>
<BasicStmnt CovItemId="S40" CovItemPrefix="BBSecurity.java" Intrnl_Id="134">
<LocList>
<Loc EndOffset="3997" SrcFileId="2" StartOffset="3983"/>
</LocList>
</BasicStmnt>
<CondStmnt CovItemId="S41" CovItemPrefix="BBSecurity.java" Intrnl_Id="135">
<Branch CovItemId="B17" CovItemPrefix="BBSecurity.java" Implct="true" Intrnl_Id="136">
<Cond/>
<LocList>
<Loc EndOffset="4129" SrcFileId="2" StartOffset="4012"/>
</LocList>
<StmntSeq Intrnl_Id="137">
<LocList>
<Loc EndOffset="4064" SrcFileId="2" StartOffset="4026"/>
<Loc EndOffset="4117" SrcFileId="2" StartOffset="4077"/>
</LocList>
<BasicStmnt CovItemId="S42" CovItemPrefix="BBSecurity.java" Intrnl_Id="138">
<LocList>
<Loc EndOffset="4064" SrcFileId="2" StartOffset="4026"/>
</LocList>
</BasicStmnt>
<BasicStmnt CovItemId="S43" CovItemPrefix="BBSecurity.java" Intrnl_Id="139">
<LocList>
<Loc EndOffset="4117" SrcFileId="2" StartOffset="4077"/>
</LocList>
</BasicStmnt>
</StmntSeq>
</Branch>
<Branch CovItemId="B18" CovItemPrefix="BBSecurity.java" Implct="false" Intrnl_Id="140">
<Cond>
<Loc EndOffset="4148" SrcFileId="2" StartOffset="4130"/>
</Cond>
<LocList>
<Loc EndOffset="4189" SrcFileId="2" StartOffset="4148"/>
</LocList>
<StmntSeq Intrnl_Id="141">
<LocList>
<Loc EndOffset="4177" SrcFileId="2" StartOffset="4162"/>
</LocList>
<BasicStmnt CovItemId="S44" CovItemPrefix="BBSecurity.java" Intrnl_Id="142">
<LocList>
<Loc EndOffset="4177" SrcFileId="2" StartOffset="4162"/>
</LocList>
</BasicStmnt>
</StmntSeq>
</Branch>
<Keyword EndOffset="4011" SrcFileId="2" StartOffset="4008"/>
<LocList>
<Loc EndOffset="4189" SrcFileId="2" StartOffset="4008"/>
</LocList>
</CondStmnt>
<CondStmnt CovItemId="S45" CovItemPrefix="BBSecurity.java" Intrnl_Id="143">
<Branch CovItemId="B19" CovItemPrefix="BBSecurity.java" Implct="true" Intrnl_Id="144">
<Cond/>
<LocList>
<Loc EndOffset="4321" SrcFileId="2" StartOffset="4204"/>
</LocList>
<StmntSeq Intrnl_Id="145">
<LocList>
<Loc EndOffset="4256" SrcFileId="2" StartOffset="4218"/>
<Loc EndOffset="4309" SrcFileId="2" StartOffset="4269"/>
</LocList>
<BasicStmnt CovItemId="S46" CovItemPrefix="BBSecurity.java" Intrnl_Id="146">
<LocList>
<Loc EndOffset="4256" SrcFileId="2" StartOffset="4218"/>
</LocList>
</BasicStmnt>
<BasicStmnt CovItemId="S47" CovItemPrefix="BBSecurity.java" Intrnl_Id="147">
<LocList>
<Loc EndOffset="4309" SrcFileId="2" StartOffset="4269"/>
</LocList>
</BasicStmnt>
</StmntSeq>
</Branch>
<Branch CovItemId="B20" CovItemPrefix="BBSecurity.java" Implct="false" Intrnl_Id="148">
<Cond>
<Loc EndOffset="4340" SrcFileId="2" StartOffset="4322"/>
</Cond>
<LocList>
<Loc EndOffset="4381" SrcFileId="2" StartOffset="4340"/>
</LocList>
<StmntSeq Intrnl_Id="149">
<LocList>
<Loc EndOffset="4369" SrcFileId="2" StartOffset="4354"/>
</LocList>
<BasicStmnt CovItemId="S48" CovItemPrefix="BBSecurity.java" Intrnl_Id="150">
<LocList>
<Loc EndOffset="4369" SrcFileId="2" StartOffset="4354"/>
</LocList>
</BasicStmnt>
</StmntSeq>
</Branch>
<Keyword EndOffset="4203" SrcFileId="2" StartOffset="4200"/>
<LocList>
<Loc EndOffset="4381" SrcFileId="2" StartOffset="4200"/>
</LocList>
</CondStmnt>
<CondStmnt CovItemId="S49" CovItemPrefix="BBSecurity.java" Intrnl_Id="151">
<Branch CovItemId="B21" CovItemPrefix="BBSecurity.java" Implct="true" Intrnl_Id="152">
<Cond/>
<LocList>
<Loc EndOffset="4513" SrcFileId="2" StartOffset="4396"/>
</LocList>
<StmntSeq Intrnl_Id="153">
<LocList>
<Loc EndOffset="4448" SrcFileId="2" StartOffset="4410"/>
<Loc EndOffset="4501" SrcFileId="2" StartOffset="4461"/>
</LocList>
<BasicStmnt CovItemId="S50" CovItemPrefix="BBSecurity.java" Intrnl_Id="154">
<LocList>
<Loc EndOffset="4448" SrcFileId="2" StartOffset="4410"/>
</LocList>
</BasicStmnt>
<BasicStmnt CovItemId="S51" CovItemPrefix="BBSecurity.java" Intrnl_Id="155">
<LocList>
<Loc EndOffset="4501" SrcFileId="2" StartOffset="4461"/>
</LocList>
</BasicStmnt>
</StmntSeq>
</Branch>
<Branch CovItemId="B22" CovItemPrefix="BBSecurity.java" Implct="false" Intrnl_Id="156">
<Cond>
<Loc EndOffset="4532" SrcFileId="2" StartOffset="4514"/>
</Cond>
<LocList>
<Loc EndOffset="4573" SrcFileId="2" StartOffset="4532"/>
</LocList>
<StmntSeq Intrnl_Id="157">
<LocList>
<Loc EndOffset="4561" SrcFileId="2" StartOffset="4546"/>
</LocList>
<BasicStmnt CovItemId="S52" CovItemPrefix="BBSecurity.java" Intrnl_Id="158">
<LocList>
<Loc EndOffset="4561" SrcFileId="2" StartOffset="4546"/>
</LocList>
</BasicStmnt>
</StmntSeq>
</Branch>
<Keyword EndOffset="4395" SrcFileId="2" StartOffset="4392"/>
<LocList>
<Loc EndOffset="4573" SrcFileId="2" StartOffset="4392"/>
</LocList>
</CondStmnt>
<CondStmnt CovItemId="S53" CovItemPrefix="BBSecurity.java" Intrnl_Id="159">
<Branch CovItemId="B23" CovItemPrefix="BBSecurity.java" Implct="false" Intrnl_Id="160">
<Cond/>
<LocList>
<Loc EndOffset="4669" SrcFileId="2" StartOffset="4628"/>
</LocList>
<StmntSeq Intrnl_Id="161">
<LocList>
<Loc EndOffset="4657" SrcFileId="2" StartOffset="4642"/>
</LocList>
<BasicStmnt CovItemId="S54" CovItemPrefix="BBSecurity.java" Intrnl_Id="162">
<LocList>
<Loc EndOffset="4657" SrcFileId="2" StartOffset="4642"/>
</LocList>
</BasicStmnt>
</StmntSeq>
</Branch>
<Branch CovItemId="B24" CovItemPrefix="BBSecurity.java" Implct="true" Intrnl_Id="163">
<Cond/>
<LocList/>
<StmntSeq Intrnl_Id="164">
<LocList/>
</StmntSeq>
</Branch>
<Keyword EndOffset="4586" SrcFileId="2" StartOffset="4584"/>
<LocList>
<Loc EndOffset="4669" SrcFileId="2" StartOffset="4584"/>
</LocList>
<RootTerm CovItemId="C7" CovItemPrefix="BBSecurity.java" Intrnl_Id="165">
<OpTerm BooleanOpId="3" Intrnl_Id="166">
<BasicBoolTerm Intrnl_Id="167">
<LocList>
<Loc EndOffset="4593" SrcFileId="2" StartOffset="4587"/>
</LocList>
</BasicBoolTerm>
<OpTerm BooleanOpId="4" Intrnl_Id="168">
<BasicBoolTerm Intrnl_Id="169">
<LocList>
<Loc EndOffset="4607" SrcFileId="2" StartOffset="4598"/>
</LocList>
</BasicBoolTerm>
<BasicBoolTerm Intrnl_Id="170">
<LocList>
<Loc EndOffset="4626" SrcFileId="2" StartOffset="4611"/>
</LocList>
</BasicBoolTerm>
<LocList>
<Loc EndOffset="4610" SrcFileId="2" StartOffset="4608"/>
</LocList>
</OpTerm>
<LocList>
<Loc EndOffset="4596" SrcFileId="2" StartOffset="4594"/>
</LocList>
</OpTerm>
</RootTerm>
</CondStmnt>
<CondStmnt CovItemId="S55" CovItemPrefix="BBSecurity.java" Intrnl_Id="171">
<Branch CovItemId="B25" CovItemPrefix="BBSecurity.java" Implct="false" Intrnl_Id="172">
<Cond/>
<LocList>
<Loc EndOffset="4765" SrcFileId="2" StartOffset="4724"/>
</LocList>
<StmntSeq Intrnl_Id="173">
<LocList>
<Loc EndOffset="4753" SrcFileId="2" StartOffset="4738"/>
</LocList>
<BasicStmnt CovItemId="S56" CovItemPrefix="BBSecurity.java" Intrnl_Id="174">
<LocList>
<Loc EndOffset="4753" SrcFileId="2" StartOffset="4738"/>
</LocList>
</BasicStmnt>
</StmntSeq>
</Branch>
<Branch CovItemId="B26" CovItemPrefix="BBSecurity.java" Implct="true" Intrnl_Id="175">
<Cond/>
<LocList/>
<StmntSeq Intrnl_Id="176">
<LocList/>
</StmntSeq>
</Branch>
<Keyword EndOffset="4682" SrcFileId="2" StartOffset="4680"/>
<LocList>
<Loc EndOffset="4765" SrcFileId="2" StartOffset="4680"/>
</LocList>
<RootTerm CovItemId="C8" CovItemPrefix="BBSecurity.java" Intrnl_Id="177">
<OpTerm BooleanOpId="3" Intrnl_Id="178">
<BasicBoolTerm Intrnl_Id="179">
<LocList>
<Loc EndOffset="4689" SrcFileId="2" StartOffset="4683"/>
</LocList>
</BasicBoolTerm>
<OpTerm BooleanOpId="4" Intrnl_Id="180">
<BasicBoolTerm Intrnl_Id="181">
<LocList>
<Loc EndOffset="4703" SrcFileId="2" StartOffset="4694"/>
</LocList>
</BasicBoolTerm>
<BasicBoolTerm Intrnl_Id="182">
<LocList>
<Loc EndOffset="4722" SrcFileId="2" StartOffset="4707"/>
</LocList>
</BasicBoolTerm>
<LocList>
<Loc EndOffset="4706" SrcFileId="2" StartOffset="4704"/>
</LocList>
</OpTerm>
<LocList>
<Loc EndOffset="4692" SrcFileId="2" StartOffset="4690"/>
</LocList>
</OpTerm>
</RootTerm>
</CondStmnt>
<CondStmnt CovItemId="S57" CovItemPrefix="BBSecurity.java" Intrnl_Id="183">
<Branch CovItemId="B27" CovItemPrefix="BBSecurity.java" Implct="false" Intrnl_Id="184">
<Cond/>
<LocList>
<Loc EndOffset="4861" SrcFileId="2" StartOffset="4820"/>
</LocList>
<StmntSeq Intrnl_Id="185">
<LocList>
<Loc EndOffset="4849" SrcFileId="2" StartOffset="4834"/>
</LocList>
<BasicStmnt CovItemId="S58" CovItemPrefix="BBSecurity.java" Intrnl_Id="186">
<LocList>
<Loc EndOffset="4849" SrcFileId="2" StartOffset="4834"/>
</LocList>
</BasicStmnt>
</StmntSeq>
</Branch>
<Branch CovItemId="B28" CovItemPrefix="BBSecurity.java" Implct="true" Intrnl_Id="187">
<Cond/>
<LocList/>
<StmntSeq Intrnl_Id="188">
<LocList/>
</StmntSeq>
</Branch>
<Keyword EndOffset="4778" SrcFileId="2" StartOffset="4776"/>
<LocList>
<Loc EndOffset="4861" SrcFileId="2" StartOffset="4776"/>
</LocList>
<RootTerm CovItemId="C9" CovItemPrefix="BBSecurity.java" Intrnl_Id="189">
<OpTerm BooleanOpId="3" Intrnl_Id="190">
<BasicBoolTerm Intrnl_Id="191">
<LocList>
<Loc EndOffset="4785" SrcFileId="2" StartOffset="4779"/>
</LocList>
</BasicBoolTerm>
<OpTerm BooleanOpId="4" Intrnl_Id="192">
<BasicBoolTerm Intrnl_Id="193">
<LocList>
<Loc EndOffset="4799" SrcFileId="2" StartOffset="4790"/>
</LocList>
</BasicBoolTerm>
<BasicBoolTerm Intrnl_Id="194">
<LocList>
<Loc EndOffset="4818" SrcFileId="2" StartOffset="4803"/>
</LocList>
</BasicBoolTerm>
<LocList>
<Loc EndOffset="4802" SrcFileId="2" StartOffset="4800"/>
</LocList>
</OpTerm>
<LocList>
<Loc EndOffset="4788" SrcFileId="2" StartOffset="4786"/>
</LocList>
</OpTerm>
</RootTerm>
</CondStmnt>
<CondStmnt CovItemId="S59" CovItemPrefix="BBSecurity.java" Intrnl_Id="195">
<Branch CovItemId="B29" CovItemPrefix="BBSecurity.java" Implct="false" Intrnl_Id="196">
<Cond/>
<LocList>
<Loc EndOffset="4937" SrcFileId="2" StartOffset="4905"/>
</LocList>
<StmntSeq Intrnl_Id="197">
<LocList>
<Loc EndOffset="4925" SrcFileId="2" StartOffset="4919"/>
</LocList>
<BasicStmnt CovItemId="S60" CovItemPrefix="BBSecurity.java" Intrnl_Id="198">
<LocList>
<Loc EndOffset="4925" SrcFileId="2" StartOffset="4919"/>
</LocList>
</BasicStmnt>
</StmntSeq>
</Branch>
<Branch CovItemId="B30" CovItemPrefix="BBSecurity.java" Implct="true" Intrnl_Id="199">
<Cond/>
<LocList/>
<StmntSeq Intrnl_Id="200">
<LocList/>
</StmntSeq>
</Branch>
<Keyword EndOffset="4874" SrcFileId="2" StartOffset="4872"/>
<LocList>
<Loc EndOffset="4937" SrcFileId="2" StartOffset="4872"/>
</LocList>
<RootTerm CovItemId="C10" CovItemPrefix="BBSecurity.java" Intrnl_Id="201">
<OpTerm BooleanOpId="4" Intrnl_Id="202">
<OpTerm BooleanOpId="4" Intrnl_Id="203">
<OpTerm BooleanOpId="5" Intrnl_Id="204">
<BasicBoolTerm Intrnl_Id="205">
<LocList>
<Loc EndOffset="4882" SrcFileId="2" StartOffset="4876"/>
</LocList>
</BasicBoolTerm>
<LocList>
<Loc EndOffset="4876" SrcFileId="2" StartOffset="4875"/>
</LocList>
</OpTerm>
<OpTerm BooleanOpId="5" Intrnl_Id="206">
<BasicBoolTerm Intrnl_Id="207">
<LocList>
<Loc EndOffset="4893" SrcFileId="2" StartOffset="4887"/>
</LocList>
</BasicBoolTerm>
<LocList>
<Loc EndOffset="4887" SrcFileId="2" StartOffset="4886"/>
</LocList>
</OpTerm>
<LocList>
<Loc EndOffset="4885" SrcFileId="2" StartOffset="4883"/>
</LocList>
</OpTerm>
<OpTerm BooleanOpId="5" Intrnl_Id="208">
<BasicBoolTerm Intrnl_Id="209">
<LocList>
<Loc EndOffset="4904" SrcFileId="2" StartOffset="4898"/>
</LocList>
</BasicBoolTerm>
<LocList>
<Loc EndOffset="4898" SrcFileId="2" StartOffset="4897"/>
</LocList>
</OpTerm>
<LocList>
<Loc EndOffset="4896" SrcFileId="2" StartOffset="4894"/>
</LocList>
</OpTerm>
</RootTerm>
</CondStmnt>
<BasicStmnt CovItemId="S61" CovItemPrefix="BBSecurity.java" Intrnl_Id="210">
<LocList>
<Loc EndOffset="5063" SrcFileId="2" StartOffset="4948"/>
</LocList>
</BasicStmnt>
<BasicStmnt CovItemId="S62" CovItemPrefix="BBSecurity.java" Intrnl_Id="211">
<LocList>
<Loc EndOffset="5113" SrcFileId="2" StartOffset="5074"/>
</LocList>
</BasicStmnt>
<BasicStmnt CovItemId="S63" CovItemPrefix="BBSecurity.java" Intrnl_Id="212">
<LocList>
<Loc EndOffset="5163" SrcFileId="2" StartOffset="5124"/>
</LocList>
</BasicStmnt>
<BasicStmnt CovItemId="S64" CovItemPrefix="BBSecurity.java" Intrnl_Id="213">
<LocList>
<Loc EndOffset="5213" SrcFileId="2" StartOffset="5174"/>
</LocList>
</BasicStmnt>
<BasicStmnt CovItemId="S65" CovItemPrefix="BBSecurity.java" Intrnl_Id="214">
<LocList>
<Loc EndOffset="5240" SrcFileId="2" StartOffset="5224"/>
</LocList>
</BasicStmnt>
<CondStmnt CovItemId="S66" CovItemPrefix="BBSecurity.java" Intrnl_Id="215">
<Branch CovItemId="B31" CovItemPrefix="BBSecurity.java" Implct="false" Intrnl_Id="216">
<Cond/>
<LocList>
<Loc EndOffset="5328" SrcFileId="2" StartOffset="5275"/>
</LocList>
<StmntSeq Intrnl_Id="217">
<LocList>
<Loc EndOffset="5316" SrcFileId="2" StartOffset="5289"/>
</LocList>
<BasicStmnt CovItemId="S67" CovItemPrefix="BBSecurity.java" Intrnl_Id="218">
<LocList>
<Loc EndOffset="5316" SrcFileId="2" StartOffset="5289"/>
</LocList>
</BasicStmnt>
</StmntSeq>
</Branch>
<Branch CovItemId="B32" CovItemPrefix="BBSecurity.java" Implct="false" Intrnl_Id="219">
<Cond>
<Loc EndOffset="5333" SrcFileId="2" StartOffset="5329"/>
</Cond>
<LocList>
<Loc EndOffset="5387" SrcFileId="2" StartOffset="5334"/>
</LocList>
<StmntSeq Intrnl_Id="220">
<LocList>
<Loc EndOffset="5375" SrcFileId="2" StartOffset="5348"/>
</LocList>
<BasicStmnt CovItemId="S68" CovItemPrefix="BBSecurity.java" Intrnl_Id="221">
<LocList>
<Loc EndOffset="5375" SrcFileId="2" StartOffset="5348"/>
</LocList>
</BasicStmnt>
</StmntSeq>
</Branch>
<Keyword EndOffset="5253" SrcFileId="2" StartOffset="5251"/>
<LocList>
<Loc EndOffset="5387" SrcFileId="2" StartOffset="5251"/>
</LocList>
<RootTerm CovItemId="C11" CovItemPrefix="BBSecurity.java" Intrnl_Id="222">
<OpTerm BooleanOpId="3" Intrnl_Id="223">
<BasicBoolTerm Intrnl_Id="224">
<LocList>
<Loc EndOffset="5262" SrcFileId="2" StartOffset="5254"/>
</LocList>
</BasicBoolTerm>
<BasicBoolTerm Intrnl_Id="225">
<LocList>
<Loc EndOffset="5274" SrcFileId="2" StartOffset="5266"/>
</LocList>
</BasicBoolTerm>
<LocList>
<Loc EndOffset="5265" SrcFileId="2" StartOffset="5263"/>
</LocList>
</OpTerm>
</RootTerm>
</CondStmnt>
</StmntSeq>
<Keyword EndOffset="3886" SrcFileId="2" StartOffset="3883"/>
<LocList>
<Loc EndOffset="5397" SrcFileId="2" StartOffset="3883"/>
</LocList>
<RootTerm CovItemId="C6" CovItemPrefix="BBSecurity.java" Intrnl_Id="226">
<BasicBoolTerm Intrnl_Id="227">
<LocList>
<Loc EndOffset="3908" SrcFileId="2" StartOffset="3899"/>
</LocList>
</BasicBoolTerm>
</RootTerm>
</LoopStmnt>
<CondStmnt CovItemId="S69" CovItemPrefix="BBSecurity.java" Intrnl_Id="228">
<Branch CovItemId="B33" CovItemPrefix="BBSecurity.java" Implct="false" Intrnl_Id="229">
<Cond/>
<LocList>
<Loc EndOffset="5476" SrcFileId="2" StartOffset="5436"/>
</LocList>
<StmntSeq Intrnl_Id="230">
<LocList>
<Loc EndOffset="5466" SrcFileId="2" StartOffset="5448"/>
</LocList>
<BasicStmnt CovItemId="S70" CovItemPrefix="BBSecurity.java" Intrnl_Id="231">
<LocList>
<Loc EndOffset="5466" SrcFileId="2" StartOffset="5448"/>
</LocList>
</BasicStmnt>
</StmntSeq>
</Branch>
<Branch CovItemId="B34" CovItemPrefix="BBSecurity.java" Implct="false" Intrnl_Id="232">
<Cond>
<Loc EndOffset="5481" SrcFileId="2" StartOffset="5477"/>
</Cond>
<LocList>
<Loc EndOffset="5535" SrcFileId="2" StartOffset="5482"/>
</LocList>
<StmntSeq Intrnl_Id="233">
<LocList>
<Loc EndOffset="5525" SrcFileId="2" StartOffset="5494"/>
</LocList>
<BasicStmnt CovItemId="S71" CovItemPrefix="BBSecurity.java" Intrnl_Id="234">
<LocList>
<Loc EndOffset="5525" SrcFileId="2" StartOffset="5494"/>
</LocList>
</BasicStmnt>
</StmntSeq>
</Branch>
<Keyword EndOffset="5408" SrcFileId="2" StartOffset="5406"/>
<LocList>
<Loc EndOffset="5535" SrcFileId="2" StartOffset="5406"/>
</LocList>
<RootTerm CovItemId="C12" CovItemPrefix="BBSecurity.java" Intrnl_Id="235">
<OpTerm BooleanOpId="3" Intrnl_Id="236">
<OpTerm BooleanOpId="3" Intrnl_Id="237">
<BasicBoolTerm Intrnl_Id="238">
<LocList>
<Loc EndOffset="5415" SrcFileId="2" StartOffset="5409"/>
</LocList>
</BasicBoolTerm>
<BasicBoolTerm Intrnl_Id="239">
<LocList>
<Loc EndOffset="5425" SrcFileId="2" StartOffset="5419"/>
</LocList>
</BasicBoolTerm>
<LocList>
<Loc EndOffset="5418" SrcFileId="2" StartOffset="5416"/>
</LocList>
</OpTerm>
<BasicBoolTerm Intrnl_Id="240">
<LocList>
<Loc EndOffset="5435" SrcFileId="2" StartOffset="5429"/>
</LocList>
</BasicBoolTerm>
<LocList>
<Loc EndOffset="5428" SrcFileId="2" StartOffset="5426"/>
</LocList>
</OpTerm>
</RootTerm>
</CondStmnt>
</StmntSeq>
</Branch>
<Keyword EndOffset="3361" SrcFileId="2" StartOffset="3359"/>
<LocList>
<Loc EndOffset="5543" SrcFileId="2" StartOffset="3359"/>
</LocList>
<RootTerm CovItemId="C5" CovItemPrefix="BBSecurity.java" Intrnl_Id="241">
<OpTerm BooleanOpId="4" Intrnl_Id="242">
<OpTerm BooleanOpId="4" Intrnl_Id="243">
<OpTerm BooleanOpId="4" Intrnl_Id="244">
<BasicBoolTerm Intrnl_Id="245">
<LocList>
<Loc EndOffset="3385" SrcFileId="2" StartOffset="3362"/>
</LocList>
</BasicBoolTerm>
<OpTerm BooleanOpId="5" Intrnl_Id="246">
<BasicBoolTerm Intrnl_Id="247">
<LocList>
<Loc EndOffset="3396" SrcFileId="2" StartOffset="3390"/>
</LocList>
</BasicBoolTerm>
<LocList>
<Loc EndOffset="3390" SrcFileId="2" StartOffset="3389"/>
</LocList>
</OpTerm>
<LocList>
<Loc EndOffset="3388" SrcFileId="2" StartOffset="3386"/>
</LocList>
</OpTerm>
<OpTerm BooleanOpId="5" Intrnl_Id="248">
<BasicBoolTerm Intrnl_Id="249">
<LocList>
<Loc EndOffset="3407" SrcFileId="2" StartOffset="3401"/>
</LocList>
</BasicBoolTerm>
<LocList>
<Loc EndOffset="3401" SrcFileId="2" StartOffset="3400"/>
</LocList>
</OpTerm>
<LocList>
<Loc EndOffset="3399" SrcFileId="2" StartOffset="3397"/>
</LocList>
</OpTerm>
<OpTerm BooleanOpId="5" Intrnl_Id="250">
<BasicBoolTerm Intrnl_Id="251">
<LocList>
<Loc EndOffset="3418" SrcFileId="2" StartOffset="3412"/>
</LocList>
</BasicBoolTerm>
<LocList>
<Loc EndOffset="3412" SrcFileId="2" StartOffset="3411"/>
</LocList>
</OpTerm>
<LocList>
<Loc EndOffset="3410" SrcFileId="2" StartOffset="3408"/>
</LocList>
</OpTerm>
</RootTerm>
</CondStmnt>
</StmntSeq>
</Branch>
<Keyword EndOffset="2560" SrcFileId="2" StartOffset="2558"/>
<LocList>
<Loc EndOffset="5549" SrcFileId="2" StartOffset="2558"/>
</LocList>
<RootTerm CovItemId="C1" CovItemPrefix="BBSecurity.java" Intrnl_Id="252">
<BasicBoolTerm Intrnl_Id="253">
<LocList>
<Loc EndOffset="2576" SrcFileId="2" StartOffset="2561"/>
</LocList>
</BasicBoolTerm>
</RootTerm>
</CondStmnt>
</StmntSeq>
</HierarchyLvl>
<HierarchyLvl HierarchyLvlId="9" HierarchyLvlTypeId="6" Intrnl_Id="254" Name="asinh">
<Header>
<Loc EndOffset="5586" SrcFileId="2" StartOffset="5556"/>
</Header>
<LocList>
<Loc EndOffset="5641" SrcFileId="2" StartOffset="5556"/>
</LocList>
</HierarchyLvl>
<HierarchyLvl HierarchyLvlId="10" HierarchyLvlTypeId="6" Intrnl_Id="255" Name="inputResult">
<Header>
<Loc EndOffset="5698" SrcFileId="2" StartOffset="5644"/>
</Header>
<LocList>
<Loc EndOffset="6212" SrcFileId="2" StartOffset="5644"/>
</LocList>
<StmntSeq Intrnl_Id="256">
<LocList>
<Loc EndOffset="5739" SrcFileId="2" StartOffset="5704"/>
<Loc EndOffset="5788" SrcFileId="2" StartOffset="5744"/>
<Loc EndOffset="5829" SrcFileId="2" StartOffset="5793"/>
<Loc EndOffset="5874" SrcFileId="2" StartOffset="5834"/>
<Loc EndOffset="5919" SrcFileId="2" StartOffset="5879"/>
<Loc EndOffset="5948" SrcFileId="2" StartOffset="5924"/>
<Loc EndOffset="5977" SrcFileId="2" StartOffset="5953"/>
<Loc EndOffset="6192" SrcFileId="2" StartOffset="5982"/>
</LocList>
<CondStmnt CovItemId="S72" CovItemPrefix="BBSecurity.java" Intrnl_Id="257">
<Branch CovItemId="B35" CovItemPrefix="BBSecurity.java" Implct="false" Intrnl_Id="258">
<Cond/>
<LocList>
<Loc EndOffset="5739" SrcFileId="2" StartOffset="5716"/>
</LocList>
<StmntSeq Intrnl_Id="259">
<LocList/>
</StmntSeq>
</Branch>
<Branch CovItemId="B36" CovItemPrefix="BBSecurity.java" Implct="true" Intrnl_Id="260">
<Cond/>
<LocList/>
<StmntSeq Intrnl_Id="261">
<LocList/>
</StmntSeq>
</Branch>
<Keyword EndOffset="5706" SrcFileId="2" StartOffset="5704"/>
<LocList>
<Loc EndOffset="5739" SrcFileId="2" StartOffset="5704"/>
</LocList>
<RootTerm CovItemId="C13" CovItemPrefix="BBSecurity.java" Intrnl_Id="262">
<BasicBoolTerm Intrnl_Id="263">
<LocList>
<Loc EndOffset="5714" SrcFileId="2" StartOffset="5708"/>
</LocList>
</BasicBoolTerm>
</RootTerm>
</CondStmnt>
<BasicStmnt CovItemId="S73" CovItemPrefix="BBSecurity.java" Intrnl_Id="264">
<LocList>
<Loc EndOffset="5788" SrcFileId="2" StartOffset="5744"/>
</LocList>
</BasicStmnt>
<BasicStmnt CovItemId="S74" CovItemPrefix="BBSecurity.java" Intrnl_Id="265">
<LocList>
<Loc EndOffset="5829" SrcFileId="2" StartOffset="5793"/>
</LocList>
</BasicStmnt>
<BasicStmnt CovItemId="S75" CovItemPrefix="BBSecurity.java" Intrnl_Id="266">
<LocList>
<Loc EndOffset="5874" SrcFileId="2" StartOffset="5834"/>
</LocList>
</BasicStmnt>
<BasicStmnt CovItemId="S76" CovItemPrefix="BBSecurity.java" Intrnl_Id="267">
<LocList>
<Loc EndOffset="5919" SrcFileId="2" StartOffset="5879"/>
</LocList>
</BasicStmnt>
<BasicStmnt CovItemId="S77" CovItemPrefix="BBSecurity.java" Intrnl_Id="268">
<LocList>
<Loc EndOffset="5948" SrcFileId="2" StartOffset="5924"/>
</LocList>
</BasicStmnt>
<BasicStmnt CovItemId="S78" CovItemPrefix="BBSecurity.java" Intrnl_Id="269">
<LocList>
<Loc EndOffset="5977" SrcFileId="2" StartOffset="5953"/>
</LocList>
</BasicStmnt>
<CondStmnt CovItemId="S79" CovItemPrefix="BBSecurity.java" Intrnl_Id="270">
<Branch CovItemId="B37" CovItemPrefix="BBSecurity.java" Implct="false" Intrnl_Id="271">
<Cond/>
<LocList>
<Loc EndOffset="6134" SrcFileId="2" StartOffset="6082"/>
</LocList>
<StmntSeq Intrnl_Id="272">
<LocList>
<Loc EndOffset="6128" SrcFileId="2" StartOffset="6090"/>
</LocList>
<BasicStmnt CovItemId="S80" CovItemPrefix="BBSecurity.java" Intrnl_Id="273">
<LocList>
<Loc EndOffset="6128" SrcFileId="2" StartOffset="6090"/>
</LocList>
</BasicStmnt>
</StmntSeq>
</Branch>
<Branch CovItemId="B38" CovItemPrefix="BBSecurity.java" Implct="false" Intrnl_Id="274">
<Cond>
<Loc EndOffset="6139" SrcFileId="2" StartOffset="6135"/>
</Cond>
<LocList>
<Loc EndOffset="6192" SrcFileId="2" StartOffset="6140"/>
</LocList>
<StmntSeq Intrnl_Id="275">
<LocList>
<Loc EndOffset="6186" SrcFileId="2" StartOffset="6148"/>
</LocList>
<BasicStmnt CovItemId="S81" CovItemPrefix="BBSecurity.java" Intrnl_Id="276">
<LocList>
<Loc EndOffset="6186" SrcFileId="2" StartOffset="6148"/>
</LocList>
</BasicStmnt>
</StmntSeq>
</Branch>
<Keyword EndOffset="5984" SrcFileId="2" StartOffset="5982"/>
<LocList>
<Loc EndOffset="6192" SrcFileId="2" StartOffset="5982"/>
</LocList>
<RootTerm CovItemId="C14" CovItemPrefix="BBSecurity.java" Intrnl_Id="277">
<OpTerm BooleanOpId="4" Intrnl_Id="278">
<OpTerm BooleanOpId="3" Intrnl_Id="279">
<BasicBoolTerm Intrnl_Id="280">
<LocList>
<Loc EndOffset="6004" SrcFileId="2" StartOffset="5986"/>
</LocList>
</BasicBoolTerm>
<BasicBoolTerm Intrnl_Id="281">
<LocList>
<Loc EndOffset="6030" SrcFileId="2" StartOffset="6008"/>
</LocList>
</BasicBoolTerm>
<LocList>
<Loc EndOffset="6007" SrcFileId="2" StartOffset="6005"/>
</LocList>
</OpTerm>
<OpTerm BooleanOpId="3" Intrnl_Id="282">
<BasicBoolTerm Intrnl_Id="283">
<LocList>
<Loc EndOffset="6055" SrcFileId="2" StartOffset="6036"/>
</LocList>
</BasicBoolTerm>
<BasicBoolTerm Intrnl_Id="284">
<LocList>
<Loc EndOffset="6080" SrcFileId="2" StartOffset="6059"/>
</LocList>
</BasicBoolTerm>
<LocList>
<Loc EndOffset="6058" SrcFileId="2" StartOffset="6056"/>
</LocList>
</OpTerm>
<LocList>
<Loc EndOffset="6034" SrcFileId="2" StartOffset="6032"/>
</LocList>
</OpTerm>
</RootTerm>
</CondStmnt>
</StmntSeq>
</HierarchyLvl>
<HierarchyLvl HierarchyLvlId="11" HierarchyLvlTypeId="6" Intrnl_Id="285" Name="generateResults">
<Header>
<Loc EndOffset="6245" SrcFileId="2" StartOffset="6215"/>
</Header>
<LocList>
<Loc EndOffset="6813" SrcFileId="2" StartOffset="6215"/>
</LocList>
<StmntSeq Intrnl_Id="286">
<LocList>
<Loc EndOffset="6809" SrcFileId="2" StartOffset="6268"/>
</LocList>
<LoopStmnt CovItemId="S82" CovItemPrefix="BBSecurity.java" Intrnl_Id="287" MltplExecId="L2-2" MltplExecPrefix="BBSecurity.java" NvrExecId="L2-0" NvrExecPrefix="BBSecurity.java" OnceExecutedId="L2-1" OnceExecutedPrefix="BBSecurity.java" OptBodyExec="true">
<StmntSeq Intrnl_Id="288">
<LocList>
<Loc EndOffset="6336" SrcFileId="2" StartOffset="6316"/>
<Loc EndOffset="6394" SrcFileId="2" StartOffset="6343"/>
<Loc EndOffset="6441" SrcFileId="2" StartOffset="6401"/>
<Loc EndOffset="6488" SrcFileId="2" StartOffset="6448"/>
<Loc EndOffset="6519" SrcFileId="2" StartOffset="6495"/>
<Loc EndOffset="6550" SrcFileId="2" StartOffset="6526"/>
<Loc EndOffset="6648" SrcFileId="2" StartOffset="6557"/>
<Loc EndOffset="6717" SrcFileId="2" StartOffset="6655"/>
<Loc EndOffset="6803" SrcFileId="2" StartOffset="6724"/>
</LocList>
<BasicStmnt CovItemId="S83" CovItemPrefix="BBSecurity.java" Intrnl_Id="289">
<LocList>
<Loc EndOffset="6336" SrcFileId="2" StartOffset="6316"/>
</LocList>
</BasicStmnt>
<BasicStmnt CovItemId="S84" CovItemPrefix="BBSecurity.java" Intrnl_Id="290">
<LocList>
<Loc EndOffset="6394" SrcFileId="2" StartOffset="6343"/>
</LocList>
</BasicStmnt>
<BasicStmnt CovItemId="S85" CovItemPrefix="BBSecurity.java" Intrnl_Id="291">
<LocList>
<Loc EndOffset="6441" SrcFileId="2" StartOffset="6401"/>
</LocList>
</BasicStmnt>
<BasicStmnt CovItemId="S86" CovItemPrefix="BBSecurity.java" Intrnl_Id="292">
<LocList>
<Loc EndOffset="6488" SrcFileId="2" StartOffset="6448"/>
</LocList>
</BasicStmnt>
<BasicStmnt CovItemId="S87" CovItemPrefix="BBSecurity.java" Intrnl_Id="293">
<LocList>
<Loc EndOffset="6519" SrcFileId="2" StartOffset="6495"/>
</LocList>
</BasicStmnt>
<BasicStmnt CovItemId="S88" CovItemPrefix="BBSecurity.java" Intrnl_Id="294">
<LocList>
<Loc EndOffset="6550" SrcFileId="2" StartOffset="6526"/>
</LocList>
</BasicStmnt>
<CondStmnt CovItemId="S89" CovItemPrefix="BBSecurity.java" Intrnl_Id="295">
<Branch CovItemId="B39" CovItemPrefix="BBSecurity.java" Implct="false" Intrnl_Id="296">
<Cond/>
<LocList>
<Loc EndOffset="6648" SrcFileId="2" StartOffset="6580"/>
</LocList>
<StmntSeq Intrnl_Id="297">
<LocList>
<Loc EndOffset="6640" SrcFileId="2" StartOffset="6590"/>
</LocList>
<BasicStmnt CovItemId="S90" CovItemPrefix="BBSecurity.java" Intrnl_Id="298">
<LocList>
<Loc EndOffset="6640" SrcFileId="2" StartOffset="6590"/>
</LocList>
</BasicStmnt>
</StmntSeq>
</Branch>
<Branch CovItemId="B40" CovItemPrefix="BBSecurity.java" Implct="true" Intrnl_Id="299">
<Cond/>
<LocList/>
<StmntSeq Intrnl_Id="300">
<LocList/>
</StmntSeq>
</Branch>
<Keyword EndOffset="6559" SrcFileId="2" StartOffset="6557"/>
<LocList>
<Loc EndOffset="6648" SrcFileId="2" StartOffset="6557"/>
</LocList>
<RootTerm CovItemId="C16" CovItemPrefix="BBSecurity.java" Intrnl_Id="301">
<BasicBoolTerm Intrnl_Id="302">
<LocList>
<Loc EndOffset="6579" SrcFileId="2" StartOffset="6560"/>
</LocList>
</BasicBoolTerm>
</RootTerm>
</CondStmnt>
<BasicStmnt CovItemId="S91" CovItemPrefix="BBSecurity.java" Intrnl_Id="303">
<LocList>
<Loc EndOffset="6717" SrcFileId="2" StartOffset="6655"/>
</LocList>
</BasicStmnt>
<CondStmnt CovItemId="S92" CovItemPrefix="BBSecurity.java" Intrnl_Id="304">
<Branch CovItemId="B41" CovItemPrefix="BBSecurity.java" Implct="false" Intrnl_Id="305">
<Cond/>
<LocList>
<Loc EndOffset="6803" SrcFileId="2" StartOffset="6750"/>
</LocList>
<StmntSeq Intrnl_Id="306">
<LocList>
<Loc EndOffset="6795" SrcFileId="2" StartOffset="6760"/>
</LocList>
<BasicStmnt CovItemId="S93" CovItemPrefix="BBSecurity.java" Intrnl_Id="307">
<LocList>
<Loc EndOffset="6795" SrcFileId="2" StartOffset="6760"/>
</LocList>
</BasicStmnt>
</StmntSeq>
</Branch>
<Branch CovItemId="B42" CovItemPrefix="BBSecurity.java" Implct="true" Intrnl_Id="308">
<Cond/>
<LocList/>
<StmntSeq Intrnl_Id="309">
<LocList/>
</StmntSeq>
</Branch>
<Keyword EndOffset="6726" SrcFileId="2" StartOffset="6724"/>
<LocList>
<Loc EndOffset="6803" SrcFileId="2" StartOffset="6724"/>
</LocList>
<RootTerm CovItemId="C17" CovItemPrefix="BBSecurity.java" Intrnl_Id="310">
<BasicBoolTerm Intrnl_Id="311">
<LocList>
<Loc EndOffset="6748" SrcFileId="2" StartOffset="6727"/>
</LocList>
</BasicBoolTerm>
</RootTerm>
</CondStmnt>
</StmntSeq>
<Keyword EndOffset="6271" SrcFileId="2" StartOffset="6268"/>
<LocList>
<Loc EndOffset="6809" SrcFileId="2" StartOffset="6268"/>
</LocList>
<RootTerm CovItemId="C15" CovItemPrefix="BBSecurity.java" Intrnl_Id="312">
<BasicBoolTerm Intrnl_Id="313">
<LocList>
<Loc EndOffset="6302" SrcFileId="2" StartOffset="6285"/>
</LocList>
</BasicBoolTerm>
</RootTerm>
</LoopStmnt>
</StmntSeq>
</HierarchyLvl>
<HierarchyLvl HierarchyLvlId="12" HierarchyLvlTypeId="6" Intrnl_Id="314" Name="getResultOutput">
<Header>
<Loc EndOffset="6847" SrcFileId="2" StartOffset="6816"/>
</Header>
<LocList>
<Loc EndOffset="6878" SrcFileId="2" StartOffset="6816"/>
</LocList>
</HierarchyLvl>
<HierarchyLvl HierarchyLvlId="13" HierarchyLvlTypeId="6" Intrnl_Id="315" Name="main">
<Header>
<Loc EndOffset="6919" SrcFileId="2" StartOffset="6881"/>
</Header>
<LocList>
<Loc EndOffset="7017" SrcFileId="2" StartOffset="6881"/>
</LocList>
<StmntSeq Intrnl_Id="316">
<LocList>
<Loc EndOffset="6966" SrcFileId="2" StartOffset="6928"/>
<Loc EndOffset="7013" SrcFileId="2" StartOffset="6971"/>
</LocList>
<BasicStmnt CovItemId="S94" CovItemPrefix="BBSecurity.java" Intrnl_Id="317">
<LocList>
<Loc EndOffset="6966" SrcFileId="2" StartOffset="6928"/>
</LocList>
</BasicStmnt>
<BasicStmnt CovItemId="S95" CovItemPrefix="BBSecurity.java" Intrnl_Id="318">
<LocList>
<Loc EndOffset="7013" SrcFileId="2" StartOffset="6971"/>
</LocList>
</BasicStmnt>
</StmntSeq>
</HierarchyLvl>
</HierarchyLvl>
</HierarchyLvl>
</MASTRoot>
<TestSession Comment="This is the session for CauseEffectTest" Date="1587497451053" Name="CauseEffectTest">
<TestCase Comment="This is a test case containing all coverage results cause no startTestCase methods where captured." Date="1587497408293" Name="UNNAMED TESTCASE">
<CovList>
<CovPrefix CovItemPrefix="BBSecurity.java">
<Cov CovItemId="B10" Value="6"/>
<Cov CovItemId="B12" Value="6"/>
<Cov CovItemId="B14" Value="6"/>
<Cov CovItemId="B16" Value="6"/>
<Cov CovItemId="B17" Value="6"/>
<Cov CovItemId="B19" Value="6"/>
<Cov CovItemId="B2" Value="6"/>
<Cov CovItemId="B21" Value="6"/>
<Cov CovItemId="B24" Value="6"/>
<Cov CovItemId="B26" Value="6"/>
<Cov CovItemId="B28" Value="6"/>
<Cov CovItemId="B3" Value="6"/>
<Cov CovItemId="B30" Value="6"/>
<Cov CovItemId="B31" Value="3"/>
<Cov CovItemId="B32" Value="3"/>
<Cov CovItemId="B33" Value="6"/>
<Cov CovItemId="B35" Value="2"/>
<Cov CovItemId="B36" Value="4"/>
<Cov CovItemId="B37" Value="4"/>
<Cov CovItemId="B39" Value="2"/>
<Cov CovItemId="B40" Value="4"/>
<Cov CovItemId="B42" Value="6"/>
<Cov CovItemId="B5" Value="6"/>
<Cov CovItemId="B7" Value="6"/>
<Cov CovItemId="L1-1" Value="6"/>
<Cov CovItemId="L2-1" Value="6"/>
<Cov CovItemId="S1" Value="6"/>
<Cov CovItemId="S10" Value="6"/>
<Cov CovItemId="S11" Value="6"/>
<Cov CovItemId="S12" Value="6"/>
<Cov CovItemId="S14" Value="6"/>
<Cov CovItemId="S15" Value="6"/>
<Cov CovItemId="S16" Value="6"/>
<Cov CovItemId="S18" Value="6"/>
<Cov CovItemId="S2" Value="6"/>
<Cov CovItemId="S20" Value="6"/>
<Cov CovItemId="S22" Value="6"/>
<Cov CovItemId="S24" Value="6"/>
<Cov CovItemId="S26" Value="6"/>
<Cov CovItemId="S27" Value="6"/>
<Cov CovItemId="S28" Value="6"/>
<Cov CovItemId="S29" Value="6"/>
<Cov CovItemId="S30" Value="6"/>
<Cov CovItemId="S31" Value="6"/>
<Cov CovItemId="S32" Value="6"/>
<Cov CovItemId="S33" Value="6"/>
<Cov CovItemId="S34" Value="6"/>
<Cov CovItemId="S35" Value="6"/>
<Cov CovItemId="S36" Value="6"/>
<Cov CovItemId="S37" Value="6"/>
<Cov CovItemId="S38" Value="6"/>
<Cov CovItemId="S39" Value="6"/>
<Cov CovItemId="S4" Value="6"/>
<Cov CovItemId="S40" Value="6"/>
<Cov CovItemId="S41" Value="6"/>
<Cov CovItemId="S42" Value="6"/>
<Cov CovItemId="S43" Value="6"/>
<Cov CovItemId="S45" Value="6"/>
<Cov CovItemId="S46" Value="6"/>
<Cov CovItemId="S47" Value="6"/>
<Cov CovItemId="S49" Value="6"/>
<Cov CovItemId="S5" Value="6"/>
<Cov CovItemId="S50" Value="6"/>
<Cov CovItemId="S51" Value="6"/>
<Cov CovItemId="S53" Value="6"/>
<Cov CovItemId="S55" Value="6"/>
<Cov CovItemId="S57" Value="6"/>
<Cov CovItemId="S59" Value="6"/>
<Cov CovItemId="S6" Value="6"/>
<Cov CovItemId="S61" Value="6"/>
<Cov CovItemId="S62" Value="6"/>
<Cov CovItemId="S63" Value="6"/>
<Cov CovItemId="S64" Value="6"/>
<Cov CovItemId="S65" Value="6"/>
<Cov CovItemId="S66" Value="6"/>
<Cov CovItemId="S67" Value="3"/>
<Cov CovItemId="S68" Value="3"/>
<Cov CovItemId="S69" Value="6"/>
<Cov CovItemId="S7" Value="6"/>
<Cov CovItemId="S70" Value="6"/>
<Cov CovItemId="S72" Value="6"/>
<Cov CovItemId="S73" Value="4"/>
<Cov CovItemId="S74" Value="4"/>
<Cov CovItemId="S75" Value="4"/>
<Cov CovItemId="S76" Value="4"/>
<Cov CovItemId="S77" Value="4"/>
<Cov CovItemId="S78" Value="4"/>
<Cov CovItemId="S79" Value="4"/>
<Cov CovItemId="S8" Value="6"/>
<Cov CovItemId="S80" Value="4"/>
<Cov CovItemId="S82" Value="6"/>
<Cov CovItemId="S83" Value="6"/>
<Cov CovItemId="S84" Value="6"/>
<Cov CovItemId="S85" Value="6"/>
<Cov CovItemId="S86" Value="6"/>
<Cov CovItemId="S87" Value="6"/>
<Cov CovItemId="S88" Value="6"/>
<Cov CovItemId="S89" Value="6"/>
<Cov CovItemId="S90" Value="2"/>
<Cov CovItemId="S91" Value="6"/>
<Cov CovItemId="S92" Value="6"/>
</CovPrefix>
<CovPrefix CovItemPrefix="BBSecurityCauseEffectTest.java">
<Cov CovItemId="S1" Value="1"/>
<Cov CovItemId="S10" Value="1"/>
<Cov CovItemId="S11" Value="1"/>
<Cov CovItemId="S12" Value="1"/>
<Cov CovItemId="S13" Value="1"/>
<Cov CovItemId="S14" Value="1"/>
<Cov CovItemId="S15" Value="1"/>
<Cov CovItemId="S16" Value="1"/>
<Cov CovItemId="S17" Value="1"/>
<Cov CovItemId="S18" Value="1"/>
<Cov CovItemId="S2" Value="1"/>
<Cov CovItemId="S3" Value="1"/>
<Cov CovItemId="S4" Value="1"/>
<Cov CovItemId="S5" Value="1"/>
<Cov CovItemId="S6" Value="1"/>
<Cov CovItemId="S7" Value="1"/>
<Cov CovItemId="S8" Value="1"/>
<Cov CovItemId="S9" Value="1"/>
</CovPrefix>
</CovList>
<AssgnmntList>
<AssgnmntPrefix RootTermCovItemPrefix="BBSecurity.java">
<AssgnmntListEntry Length="1" RootTermCovItemId="C1">
<MapEntry BoolAssgnmnt="0" Value="6"/>
</AssgnmntListEntry>
<AssgnmntListEntry Length="3" RootTermCovItemId="C10">
<MapEntry BoolAssgnmnt="111" Value="6"/>
</AssgnmntListEntry>
<AssgnmntListEntry Length="2" RootTermCovItemId="C11">
<MapEntry BoolAssgnmnt="10" Value="3"/>
<MapEntry BoolAssgnmnt="11" Value="3"/>
</AssgnmntListEntry>
<AssgnmntListEntry Length="3" RootTermCovItemId="C12">
<MapEntry BoolAssgnmnt="111" Value="6"/>
</AssgnmntListEntry>
<AssgnmntListEntry Length="1" RootTermCovItemId="C13">
<MapEntry BoolAssgnmnt="0" Value="4"/>
<MapEntry BoolAssgnmnt="1" Value="2"/>
</AssgnmntListEntry>
<AssgnmntListEntry Length="4" RootTermCovItemId="C14">
<MapEntry BoolAssgnmnt="1122" Value="2"/>
<MapEntry BoolAssgnmnt="1011" Value="2"/>
</AssgnmntListEntry>
<AssgnmntListEntry Length="1" RootTermCovItemId="C15">
<MapEntry BoolAssgnmnt="0" Value="6"/>
<MapEntry BoolAssgnmnt="1" Value="6"/>
</AssgnmntListEntry>
<AssgnmntListEntry Length="1" RootTermCovItemId="C16">
<MapEntry BoolAssgnmnt="0" Value="4"/>
<MapEntry BoolAssgnmnt="1" Value="2"/>
</AssgnmntListEntry>
<AssgnmntListEntry Length="1" RootTermCovItemId="C17">
<MapEntry BoolAssgnmnt="0" Value="6"/>
</AssgnmntListEntry>
<AssgnmntListEntry Length="3" RootTermCovItemId="C2">
<MapEntry BoolAssgnmnt="100" Value="6"/>
</AssgnmntListEntry>
<AssgnmntListEntry Length="3" RootTermCovItemId="C3">
<MapEntry BoolAssgnmnt="100" Value="6"/>
</AssgnmntListEntry>
<AssgnmntListEntry Length="3" RootTermCovItemId="C4">
<MapEntry BoolAssgnmnt="100" Value="6"/>
</AssgnmntListEntry>
<AssgnmntListEntry Length="4" RootTermCovItemId="C5">
<MapEntry BoolAssgnmnt="0111" Value="6"/>
</AssgnmntListEntry>
<AssgnmntListEntry Length="1" RootTermCovItemId="C6">
<MapEntry BoolAssgnmnt="0" Value="6"/>
<MapEntry BoolAssgnmnt="1" Value="6"/>
</AssgnmntListEntry>
<AssgnmntListEntry Length="3" RootTermCovItemId="C7">
<MapEntry BoolAssgnmnt="100" Value="6"/>
</AssgnmntListEntry>
<AssgnmntListEntry Length="3" RootTermCovItemId="C8">
<MapEntry BoolAssgnmnt="100" Value="6"/>
</AssgnmntListEntry>
<AssgnmntListEntry Length="3" RootTermCovItemId="C9">
<MapEntry BoolAssgnmnt="100" Value="6"/>
</AssgnmntListEntry>
</AssgnmntPrefix>
</AssgnmntList>
<ObjMetaDataList/>
<MetaDataList/>
</TestCase>
<MetaDataList/>
</TestSession>
</TestSessionContainer>
